{
  "stats": {
    "suites": 1,
    "tests": 117,
    "passes": 114,
    "pending": 0,
    "failures": 3,
    "start": "2024-04-04T17:20:09.723Z",
    "end": "2024-04-04T17:35:24.726Z",
    "duration": 915003,
    "testsRegistered": 117,
    "passPercent": 97.43589743589743,
    "pendingPercent": 0,
    "other": 0,
    "hasOther": false,
    "skipped": 0,
    "hasSkipped": false
  },
  "results": [
    {
      "uuid": "92642512-404b-4002-8647-b6953161854f",
      "title": "",
      "fullFile": "cypress/e2e/checkRender.cy.js",
      "file": "cypress/e2e/checkRender.cy.js",
      "beforeHooks": [],
      "afterHooks": [],
      "tests": [],
      "suites": [
        {
          "uuid": "47a56894-e475-4ceb-a45e-57399415a80c",
          "title": "Validação de URLs",
          "fullFile": "",
          "file": "",
          "beforeHooks": [],
          "afterHooks": [],
          "tests": [
            {
              "title": "Ambiente: https://dialogqa-pwa.dialog.cm/login?redirect=false",
              "fullTitle": "Validação de URLs Ambiente: https://dialogqa-pwa.dialog.cm/login?redirect=false",
              "timedOut": null,
              "duration": 37725,
              "state": "passed",
              "speed": "slow",
              "pass": true,
              "fail": false,
              "pending": false,
              "context": null,
              "code": "cy.visit(url);\n// Validações da tela\ncy.get('body').should('exist'); // Verifica se o body html foi carregado\ncy.get('[data-testid=\"login.username\"]').should('be.visible'); // Input de login\ncy.get('[data-testid=\"login.password\"]').should('be.visible'); // Input de password\ncy.xpath('//button[contains(., \"Entrar\")]').should('be.visible'); // Button 'Entrar'\ncy.xpath('//a[contains(., \"Comece por aqui\")]').should('be.visible'); // Button 'Comece por aqui'\ncy.xpath('//a[contains(., \"Esqueci minha senha\")]').should('be.visible'); // Link 'Esqueci minha senha'",
              "err": {},
              "uuid": "0ba51b6e-959e-4282-ae97-0fc6674fd0f9",
              "parentUUID": "47a56894-e475-4ceb-a45e-57399415a80c",
              "isHook": false,
              "skipped": false
            },
            {
              "title": "Ambiente: https://somosdialog-pwa.dialog.cm/login?redirect=false",
              "fullTitle": "Validação de URLs Ambiente: https://somosdialog-pwa.dialog.cm/login?redirect=false",
              "timedOut": null,
              "duration": 33733,
              "state": "passed",
              "speed": "slow",
              "pass": true,
              "fail": false,
              "pending": false,
              "context": null,
              "code": "cy.visit(url);\n// Validações da tela\ncy.get('body').should('exist'); // Verifica se o body html foi carregado\ncy.get('[data-testid=\"login.username\"]').should('be.visible'); // Input de login\ncy.get('[data-testid=\"login.password\"]').should('be.visible'); // Input de password\ncy.xpath('//button[contains(., \"Entrar\")]').should('be.visible'); // Button 'Entrar'\ncy.xpath('//a[contains(., \"Comece por aqui\")]').should('be.visible'); // Button 'Comece por aqui'\ncy.xpath('//a[contains(., \"Esqueci minha senha\")]').should('be.visible'); // Link 'Esqueci minha senha'",
              "err": {},
              "uuid": "fa773d68-a95e-4bf0-afe1-f7755adc7c73",
              "parentUUID": "47a56894-e475-4ceb-a45e-57399415a80c",
              "isHook": false,
              "skipped": false
            },
            {
              "title": "Ambiente: https://abcdaconstrucao-pwa.dialog.cm/login?redirect=false",
              "fullTitle": "Validação de URLs Ambiente: https://abcdaconstrucao-pwa.dialog.cm/login?redirect=false",
              "timedOut": null,
              "duration": 17831,
              "state": "passed",
              "speed": "slow",
              "pass": true,
              "fail": false,
              "pending": false,
              "context": null,
              "code": "cy.visit(url);\n// Validações da tela\ncy.get('body').should('exist'); // Verifica se o body html foi carregado\ncy.get('[data-testid=\"login.username\"]').should('be.visible'); // Input de login\ncy.get('[data-testid=\"login.password\"]').should('be.visible'); // Input de password\ncy.xpath('//button[contains(., \"Entrar\")]').should('be.visible'); // Button 'Entrar'\ncy.xpath('//a[contains(., \"Comece por aqui\")]').should('be.visible'); // Button 'Comece por aqui'\ncy.xpath('//a[contains(., \"Esqueci minha senha\")]').should('be.visible'); // Link 'Esqueci minha senha'",
              "err": {},
              "uuid": "a1d40080-d352-4cad-8c57-433a9dcb49b7",
              "parentUUID": "47a56894-e475-4ceb-a45e-57399415a80c",
              "isHook": false,
              "skipped": false
            },
            {
              "title": "Ambiente: https://adecoapp.com.br/login?redirect=false",
              "fullTitle": "Validação de URLs Ambiente: https://adecoapp.com.br/login?redirect=false",
              "timedOut": null,
              "duration": 10120,
              "state": "passed",
              "speed": "slow",
              "pass": true,
              "fail": false,
              "pending": false,
              "context": null,
              "code": "cy.visit(url);\n// Validações da tela\ncy.get('body').should('exist'); // Verifica se o body html foi carregado\ncy.get('[data-testid=\"login.username\"]').should('be.visible'); // Input de login\ncy.get('[data-testid=\"login.password\"]').should('be.visible'); // Input de password\ncy.xpath('//button[contains(., \"Entrar\")]').should('be.visible'); // Button 'Entrar'\ncy.xpath('//a[contains(., \"Comece por aqui\")]').should('be.visible'); // Button 'Comece por aqui'\ncy.xpath('//a[contains(., \"Esqueci minha senha\")]').should('be.visible'); // Link 'Esqueci minha senha'",
              "err": {},
              "uuid": "92d7d1bf-c3e6-40d4-ac5f-a56705b2c755",
              "parentUUID": "47a56894-e475-4ceb-a45e-57399415a80c",
              "isHook": false,
              "skipped": false
            },
            {
              "title": "Ambiente: https://allied-pwa.dialog.cm/login?redirect=false",
              "fullTitle": "Validação de URLs Ambiente: https://allied-pwa.dialog.cm/login?redirect=false",
              "timedOut": null,
              "duration": 7265,
              "state": "passed",
              "speed": "medium",
              "pass": true,
              "fail": false,
              "pending": false,
              "context": null,
              "code": "cy.visit(url);\n// Validações da tela\ncy.get('body').should('exist'); // Verifica se o body html foi carregado\ncy.get('[data-testid=\"login.username\"]').should('be.visible'); // Input de login\ncy.get('[data-testid=\"login.password\"]').should('be.visible'); // Input de password\ncy.xpath('//button[contains(., \"Entrar\")]').should('be.visible'); // Button 'Entrar'\ncy.xpath('//a[contains(., \"Comece por aqui\")]').should('be.visible'); // Button 'Comece por aqui'\ncy.xpath('//a[contains(., \"Esqueci minha senha\")]').should('be.visible'); // Link 'Esqueci minha senha'",
              "err": {},
              "uuid": "f6a2c450-75ea-40e8-ab69-23e25cbc3c60",
              "parentUUID": "47a56894-e475-4ceb-a45e-57399415a80c",
              "isHook": false,
              "skipped": false
            },
            {
              "title": "Ambiente: https://amaggi-pwa.dialog.cm/login?redirect=false",
              "fullTitle": "Validação de URLs Ambiente: https://amaggi-pwa.dialog.cm/login?redirect=false",
              "timedOut": null,
              "duration": 8325,
              "state": "passed",
              "speed": "medium",
              "pass": true,
              "fail": false,
              "pending": false,
              "context": null,
              "code": "cy.visit(url);\n// Validações da tela\ncy.get('body').should('exist'); // Verifica se o body html foi carregado\ncy.get('[data-testid=\"login.username\"]').should('be.visible'); // Input de login\ncy.get('[data-testid=\"login.password\"]').should('be.visible'); // Input de password\ncy.xpath('//button[contains(., \"Entrar\")]').should('be.visible'); // Button 'Entrar'\ncy.xpath('//a[contains(., \"Comece por aqui\")]').should('be.visible'); // Button 'Comece por aqui'\ncy.xpath('//a[contains(., \"Esqueci minha senha\")]').should('be.visible'); // Link 'Esqueci minha senha'",
              "err": {},
              "uuid": "76e7f5ec-0ac0-4d27-901f-8640483b8cfc",
              "parentUUID": "47a56894-e475-4ceb-a45e-57399415a80c",
              "isHook": false,
              "skipped": false
            },
            {
              "title": "Ambiente: https://ancar-pwa.dialog.cm/login?redirect=false",
              "fullTitle": "Validação de URLs Ambiente: https://ancar-pwa.dialog.cm/login?redirect=false",
              "timedOut": null,
              "duration": 10174,
              "state": "passed",
              "speed": "slow",
              "pass": true,
              "fail": false,
              "pending": false,
              "context": null,
              "code": "cy.visit(url);\n// Validações da tela\ncy.get('body').should('exist'); // Verifica se o body html foi carregado\ncy.get('[data-testid=\"login.username\"]').should('be.visible'); // Input de login\ncy.get('[data-testid=\"login.password\"]').should('be.visible'); // Input de password\ncy.xpath('//button[contains(., \"Entrar\")]').should('be.visible'); // Button 'Entrar'\ncy.xpath('//a[contains(., \"Comece por aqui\")]').should('be.visible'); // Button 'Comece por aqui'\ncy.xpath('//a[contains(., \"Esqueci minha senha\")]').should('be.visible'); // Link 'Esqueci minha senha'",
              "err": {},
              "uuid": "0eba6f5b-a6f4-410d-b2cf-2f03d0b2ab2f",
              "parentUUID": "47a56894-e475-4ceb-a45e-57399415a80c",
              "isHook": false,
              "skipped": false
            },
            {
              "title": "Ambiente: https://arcelormittal-pwa.dialog.cm/login?redirect=false",
              "fullTitle": "Validação de URLs Ambiente: https://arcelormittal-pwa.dialog.cm/login?redirect=false",
              "timedOut": null,
              "duration": 9432,
              "state": "passed",
              "speed": "medium",
              "pass": true,
              "fail": false,
              "pending": false,
              "context": null,
              "code": "cy.visit(url);\n// Validações da tela\ncy.get('body').should('exist'); // Verifica se o body html foi carregado\ncy.get('[data-testid=\"login.username\"]').should('be.visible'); // Input de login\ncy.get('[data-testid=\"login.password\"]').should('be.visible'); // Input de password\ncy.xpath('//button[contains(., \"Entrar\")]').should('be.visible'); // Button 'Entrar'\ncy.xpath('//a[contains(., \"Comece por aqui\")]').should('be.visible'); // Button 'Comece por aqui'\ncy.xpath('//a[contains(., \"Esqueci minha senha\")]').should('be.visible'); // Link 'Esqueci minha senha'",
              "err": {},
              "uuid": "a4ad8667-87b4-4cf0-8564-35a48644d96d",
              "parentUUID": "47a56894-e475-4ceb-a45e-57399415a80c",
              "isHook": false,
              "skipped": false
            },
            {
              "title": "Ambiente: https://armac-pwa.dialog.cm/login?redirect=false",
              "fullTitle": "Validação de URLs Ambiente: https://armac-pwa.dialog.cm/login?redirect=false",
              "timedOut": null,
              "duration": 13098,
              "state": "passed",
              "speed": "slow",
              "pass": true,
              "fail": false,
              "pending": false,
              "context": null,
              "code": "cy.visit(url);\n// Validações da tela\ncy.get('body').should('exist'); // Verifica se o body html foi carregado\ncy.get('[data-testid=\"login.username\"]').should('be.visible'); // Input de login\ncy.get('[data-testid=\"login.password\"]').should('be.visible'); // Input de password\ncy.xpath('//button[contains(., \"Entrar\")]').should('be.visible'); // Button 'Entrar'\ncy.xpath('//a[contains(., \"Comece por aqui\")]').should('be.visible'); // Button 'Comece por aqui'\ncy.xpath('//a[contains(., \"Esqueci minha senha\")]').should('be.visible'); // Link 'Esqueci minha senha'",
              "err": {},
              "uuid": "de0778f9-2065-4a61-8cf2-e246504e1717",
              "parentUUID": "47a56894-e475-4ceb-a45e-57399415a80c",
              "isHook": false,
              "skipped": false
            },
            {
              "title": "Ambiente: https://arsystem-pwa.dialog.cm/login?redirect=false",
              "fullTitle": "Validação de URLs Ambiente: https://arsystem-pwa.dialog.cm/login?redirect=false",
              "timedOut": null,
              "duration": 8375,
              "state": "passed",
              "speed": "medium",
              "pass": true,
              "fail": false,
              "pending": false,
              "context": null,
              "code": "cy.visit(url);\n// Validações da tela\ncy.get('body').should('exist'); // Verifica se o body html foi carregado\ncy.get('[data-testid=\"login.username\"]').should('be.visible'); // Input de login\ncy.get('[data-testid=\"login.password\"]').should('be.visible'); // Input de password\ncy.xpath('//button[contains(., \"Entrar\")]').should('be.visible'); // Button 'Entrar'\ncy.xpath('//a[contains(., \"Comece por aqui\")]').should('be.visible'); // Button 'Comece por aqui'\ncy.xpath('//a[contains(., \"Esqueci minha senha\")]').should('be.visible'); // Link 'Esqueci minha senha'",
              "err": {},
              "uuid": "c2b9c2ff-6e72-4243-97bd-9dc59ceee954",
              "parentUUID": "47a56894-e475-4ceb-a45e-57399415a80c",
              "isHook": false,
              "skipped": false
            },
            {
              "title": "Ambiente: https://arteris-pwa.dialog.cm/login?redirect=false",
              "fullTitle": "Validação de URLs Ambiente: https://arteris-pwa.dialog.cm/login?redirect=false",
              "timedOut": null,
              "duration": 13741,
              "state": "failed",
              "speed": null,
              "pass": false,
              "fail": true,
              "pending": false,
              "context": "{\n  \"title\": \"cypress-mochawesome-reporter-screenshots\",\n  \"value\": [\n    [\n      \"/checkRender.cy.js/Validação de URLs -- Ambiente httpsarteris-pwa.dialog.cmloginredirect=false (failed).png\"\n    ]\n  ]\n}",
              "code": "cy.visit(url);\n// Validações da tela\ncy.get('body').should('exist'); // Verifica se o body html foi carregado\ncy.get('[data-testid=\"login.username\"]').should('be.visible'); // Input de login\ncy.get('[data-testid=\"login.password\"]').should('be.visible'); // Input de password\ncy.xpath('//button[contains(., \"Entrar\")]').should('be.visible'); // Button 'Entrar'\ncy.xpath('//a[contains(., \"Comece por aqui\")]').should('be.visible'); // Button 'Comece por aqui'\ncy.xpath('//a[contains(., \"Esqueci minha senha\")]').should('be.visible'); // Link 'Esqueci minha senha'",
              "err": {
                "message": "Error: the object {\n  \"details\": \"Not a valid origin for the client: https://arteris-pwa.dialog.cm has not been registered for client ID 648939623252-3cpa1uf6vlepn7pss5fa3onmrvhdjnq6.apps.googleusercontent.com. Please go to https://console.developers.google.com/ and register this origin for your project's client ID.\"\n  \"error\": \"idpiframe_initialization_failed\"\n} was thrown, throw an Error :)",
                "estack": "Error: the object {\n  \"details\": \"Not a valid origin for the client: https://arteris-pwa.dialog.cm has not been registered for client ID 648939623252-3cpa1uf6vlepn7pss5fa3onmrvhdjnq6.apps.googleusercontent.com. Please go to https://console.developers.google.com/ and register this origin for your project's client ID.\"\n  \"error\": \"idpiframe_initialization_failed\"\n} was thrown, throw an Error :)\n    at thrown2Error (https://allied-pwa.dialog.cm/__cypress/runner/cypress_runner.js:156221:10)\n    at Runner.fail (https://allied-pwa.dialog.cm/__cypress/runner/cypress_runner.js:155443:11)\n    at Runner.fail (https://allied-pwa.dialog.cm/__cypress/runner/cypress_runner.js:145735:25)\n    at Test.<anonymous> (https://allied-pwa.dialog.cm/__cypress/runner/cypress_runner.js:155889:20)\n    at next (https://allied-pwa.dialog.cm/__cypress/runner/cypress_runner.js:163070:24)\n    at https://allied-pwa.dialog.cm/__cypress/runner/cypress_runner.js:163105:13\n    at tryCatcher (https://allied-pwa.dialog.cm/__cypress/runner/cypress_runner.js:1807:23)\n    at Promise._settlePromiseFromHandler (https://allied-pwa.dialog.cm/__cypress/runner/cypress_runner.js:1519:31)\n    at Promise._settlePromise (https://allied-pwa.dialog.cm/__cypress/runner/cypress_runner.js:1576:18)\n    at Promise._settlePromise0 (https://allied-pwa.dialog.cm/__cypress/runner/cypress_runner.js:1621:10)\n    at Promise._settlePromises (https://allied-pwa.dialog.cm/__cypress/runner/cypress_runner.js:1697:18)\n    at _drainQueueStep (https://allied-pwa.dialog.cm/__cypress/runner/cypress_runner.js:2407:12)\n    at _drainQueue (https://allied-pwa.dialog.cm/__cypress/runner/cypress_runner.js:2400:9)\n    at Async._drainQueues (https://allied-pwa.dialog.cm/__cypress/runner/cypress_runner.js:2416:5)\n    at Async.drainQueues (https://allied-pwa.dialog.cm/__cypress/runner/cypress_runner.js:2286:14)",
                "diff": null
              },
              "uuid": "2588788c-ba82-4329-9e85-6010c258ca63",
              "parentUUID": "47a56894-e475-4ceb-a45e-57399415a80c",
              "isHook": false,
              "skipped": false
            },
            {
              "title": "Ambiente: https://aster-pwa.dialog.cm/login?redirect=false",
              "fullTitle": "Validação de URLs Ambiente: https://aster-pwa.dialog.cm/login?redirect=false",
              "timedOut": null,
              "duration": 10314,
              "state": "passed",
              "speed": "slow",
              "pass": true,
              "fail": false,
              "pending": false,
              "context": null,
              "code": "cy.visit(url);\n// Validações da tela\ncy.get('body').should('exist'); // Verifica se o body html foi carregado\ncy.get('[data-testid=\"login.username\"]').should('be.visible'); // Input de login\ncy.get('[data-testid=\"login.password\"]').should('be.visible'); // Input de password\ncy.xpath('//button[contains(., \"Entrar\")]').should('be.visible'); // Button 'Entrar'\ncy.xpath('//a[contains(., \"Comece por aqui\")]').should('be.visible'); // Button 'Comece por aqui'\ncy.xpath('//a[contains(., \"Esqueci minha senha\")]').should('be.visible'); // Link 'Esqueci minha senha'",
              "err": {},
              "uuid": "252c0be5-dfdd-4c7c-9d7d-a1ff89a4d7bb",
              "parentUUID": "47a56894-e475-4ceb-a45e-57399415a80c",
              "isHook": false,
              "skipped": false
            },
            {
              "title": "Ambiente: https://atlantica-pwa.dialog.cm/login?redirect=false",
              "fullTitle": "Validação de URLs Ambiente: https://atlantica-pwa.dialog.cm/login?redirect=false",
              "timedOut": null,
              "duration": 14519,
              "state": "passed",
              "speed": "slow",
              "pass": true,
              "fail": false,
              "pending": false,
              "context": null,
              "code": "cy.visit(url);\n// Validações da tela\ncy.get('body').should('exist'); // Verifica se o body html foi carregado\ncy.get('[data-testid=\"login.username\"]').should('be.visible'); // Input de login\ncy.get('[data-testid=\"login.password\"]').should('be.visible'); // Input de password\ncy.xpath('//button[contains(., \"Entrar\")]').should('be.visible'); // Button 'Entrar'\ncy.xpath('//a[contains(., \"Comece por aqui\")]').should('be.visible'); // Button 'Comece por aqui'\ncy.xpath('//a[contains(., \"Esqueci minha senha\")]').should('be.visible'); // Link 'Esqueci minha senha'",
              "err": {},
              "uuid": "88c308f2-ecd3-4ec1-bd1e-55b7d6dbd500",
              "parentUUID": "47a56894-e475-4ceb-a45e-57399415a80c",
              "isHook": false,
              "skipped": false
            },
            {
              "title": "Ambiente: https://bahamas-pwa.dialog.cm/login/login?redirect=false",
              "fullTitle": "Validação de URLs Ambiente: https://bahamas-pwa.dialog.cm/login/login?redirect=false",
              "timedOut": null,
              "duration": 11889,
              "state": "passed",
              "speed": "slow",
              "pass": true,
              "fail": false,
              "pending": false,
              "context": null,
              "code": "cy.visit(url);\n// Validações da tela\ncy.get('body').should('exist'); // Verifica se o body html foi carregado\ncy.get('[data-testid=\"login.username\"]').should('be.visible'); // Input de login\ncy.get('[data-testid=\"login.password\"]').should('be.visible'); // Input de password\ncy.xpath('//button[contains(., \"Entrar\")]').should('be.visible'); // Button 'Entrar'\ncy.xpath('//a[contains(., \"Comece por aqui\")]').should('be.visible'); // Button 'Comece por aqui'\ncy.xpath('//a[contains(., \"Esqueci minha senha\")]').should('be.visible'); // Link 'Esqueci minha senha'",
              "err": {},
              "uuid": "5008751b-10bd-42bb-94f2-e62f775bf23d",
              "parentUUID": "47a56894-e475-4ceb-a45e-57399415a80c",
              "isHook": false,
              "skipped": false
            },
            {
              "title": "Ambiente: https://somosmais.grupobahamas.com.br/login?redirect=false",
              "fullTitle": "Validação de URLs Ambiente: https://somosmais.grupobahamas.com.br/login?redirect=false",
              "timedOut": null,
              "duration": 10802,
              "state": "passed",
              "speed": "slow",
              "pass": true,
              "fail": false,
              "pending": false,
              "context": null,
              "code": "cy.visit(url);\n// Validações da tela\ncy.get('body').should('exist'); // Verifica se o body html foi carregado\ncy.get('[data-testid=\"login.username\"]').should('be.visible'); // Input de login\ncy.get('[data-testid=\"login.password\"]').should('be.visible'); // Input de password\ncy.xpath('//button[contains(., \"Entrar\")]').should('be.visible'); // Button 'Entrar'\ncy.xpath('//a[contains(., \"Comece por aqui\")]').should('be.visible'); // Button 'Comece por aqui'\ncy.xpath('//a[contains(., \"Esqueci minha senha\")]').should('be.visible'); // Link 'Esqueci minha senha'",
              "err": {},
              "uuid": "619f0918-0fd8-4cae-b407-009fa6e7cd59",
              "parentUUID": "47a56894-e475-4ceb-a45e-57399415a80c",
              "isHook": false,
              "skipped": false
            },
            {
              "title": "Ambiente: https://band-pwa.dialog.cm/login?redirect=false",
              "fullTitle": "Validação de URLs Ambiente: https://band-pwa.dialog.cm/login?redirect=false",
              "timedOut": null,
              "duration": 8171,
              "state": "passed",
              "speed": "medium",
              "pass": true,
              "fail": false,
              "pending": false,
              "context": null,
              "code": "cy.visit(url);\n// Validações da tela\ncy.get('body').should('exist'); // Verifica se o body html foi carregado\ncy.get('[data-testid=\"login.username\"]').should('be.visible'); // Input de login\ncy.get('[data-testid=\"login.password\"]').should('be.visible'); // Input de password\ncy.xpath('//button[contains(., \"Entrar\")]').should('be.visible'); // Button 'Entrar'\ncy.xpath('//a[contains(., \"Comece por aqui\")]').should('be.visible'); // Button 'Comece por aqui'\ncy.xpath('//a[contains(., \"Esqueci minha senha\")]').should('be.visible'); // Link 'Esqueci minha senha'",
              "err": {},
              "uuid": "0774e85a-1938-4828-8073-d52651a3cc2e",
              "parentUUID": "47a56894-e475-4ceb-a45e-57399415a80c",
              "isHook": false,
              "skipped": false
            },
            {
              "title": "Ambiente: https://bat-pwa.dialog.cm/login?redirect=false",
              "fullTitle": "Validação de URLs Ambiente: https://bat-pwa.dialog.cm/login?redirect=false",
              "timedOut": null,
              "duration": 7538,
              "state": "passed",
              "speed": "medium",
              "pass": true,
              "fail": false,
              "pending": false,
              "context": null,
              "code": "cy.visit(url);\n// Validações da tela\ncy.get('body').should('exist'); // Verifica se o body html foi carregado\ncy.get('[data-testid=\"login.username\"]').should('be.visible'); // Input de login\ncy.get('[data-testid=\"login.password\"]').should('be.visible'); // Input de password\ncy.xpath('//button[contains(., \"Entrar\")]').should('be.visible'); // Button 'Entrar'\ncy.xpath('//a[contains(., \"Comece por aqui\")]').should('be.visible'); // Button 'Comece por aqui'\ncy.xpath('//a[contains(., \"Esqueci minha senha\")]').should('be.visible'); // Link 'Esqueci minha senha'",
              "err": {},
              "uuid": "f37ee48e-3f4a-4eb3-a31a-58d3d2f2206d",
              "parentUUID": "47a56894-e475-4ceb-a45e-57399415a80c",
              "isHook": false,
              "skipped": false
            },
            {
              "title": "Ambiente: https://beontag-pwa.dialog.cm/login?redirect=false",
              "fullTitle": "Validação de URLs Ambiente: https://beontag-pwa.dialog.cm/login?redirect=false",
              "timedOut": null,
              "duration": 8068,
              "state": "passed",
              "speed": "medium",
              "pass": true,
              "fail": false,
              "pending": false,
              "context": null,
              "code": "cy.visit(url);\n// Validações da tela\ncy.get('body').should('exist'); // Verifica se o body html foi carregado\ncy.get('[data-testid=\"login.username\"]').should('be.visible'); // Input de login\ncy.get('[data-testid=\"login.password\"]').should('be.visible'); // Input de password\ncy.xpath('//button[contains(., \"Entrar\")]').should('be.visible'); // Button 'Entrar'\ncy.xpath('//a[contains(., \"Comece por aqui\")]').should('be.visible'); // Button 'Comece por aqui'\ncy.xpath('//a[contains(., \"Esqueci minha senha\")]').should('be.visible'); // Link 'Esqueci minha senha'",
              "err": {},
              "uuid": "95712c59-6e09-40b8-9015-fc5284c7d86f",
              "parentUUID": "47a56894-e475-4ceb-a45e-57399415a80c",
              "isHook": false,
              "skipped": false
            },
            {
              "title": "Ambiente: https://biolab-pwa.dialog.cm/login?redirect=false",
              "fullTitle": "Validação de URLs Ambiente: https://biolab-pwa.dialog.cm/login?redirect=false",
              "timedOut": null,
              "duration": 14032,
              "state": "passed",
              "speed": "slow",
              "pass": true,
              "fail": false,
              "pending": false,
              "context": null,
              "code": "cy.visit(url);\n// Validações da tela\ncy.get('body').should('exist'); // Verifica se o body html foi carregado\ncy.get('[data-testid=\"login.username\"]').should('be.visible'); // Input de login\ncy.get('[data-testid=\"login.password\"]').should('be.visible'); // Input de password\ncy.xpath('//button[contains(., \"Entrar\")]').should('be.visible'); // Button 'Entrar'\ncy.xpath('//a[contains(., \"Comece por aqui\")]').should('be.visible'); // Button 'Comece por aqui'\ncy.xpath('//a[contains(., \"Esqueci minha senha\")]').should('be.visible'); // Link 'Esqueci minha senha'",
              "err": {},
              "uuid": "a123b340-1432-4b62-b96b-c864b5a0e485",
              "parentUUID": "47a56894-e475-4ceb-a45e-57399415a80c",
              "isHook": false,
              "skipped": false
            },
            {
              "title": "Ambiente: https://bpbunge-pwa.dialog.cm/login?redirect=false",
              "fullTitle": "Validação de URLs Ambiente: https://bpbunge-pwa.dialog.cm/login?redirect=false",
              "timedOut": null,
              "duration": 9888,
              "state": "passed",
              "speed": "medium",
              "pass": true,
              "fail": false,
              "pending": false,
              "context": null,
              "code": "cy.visit(url);\n// Validações da tela\ncy.get('body').should('exist'); // Verifica se o body html foi carregado\ncy.get('[data-testid=\"login.username\"]').should('be.visible'); // Input de login\ncy.get('[data-testid=\"login.password\"]').should('be.visible'); // Input de password\ncy.xpath('//button[contains(., \"Entrar\")]').should('be.visible'); // Button 'Entrar'\ncy.xpath('//a[contains(., \"Comece por aqui\")]').should('be.visible'); // Button 'Comece por aqui'\ncy.xpath('//a[contains(., \"Esqueci minha senha\")]').should('be.visible'); // Link 'Esqueci minha senha'",
              "err": {},
              "uuid": "69cb2e1b-b9eb-4a96-ac67-a0d104b4cb48",
              "parentUUID": "47a56894-e475-4ceb-a45e-57399415a80c",
              "isHook": false,
              "skipped": false
            },
            {
              "title": "Ambiente: https://braveo-pwa.dialog.cm/login?redirect=false",
              "fullTitle": "Validação de URLs Ambiente: https://braveo-pwa.dialog.cm/login?redirect=false",
              "timedOut": null,
              "duration": 7027,
              "state": "passed",
              "speed": "medium",
              "pass": true,
              "fail": false,
              "pending": false,
              "context": null,
              "code": "cy.visit(url);\n// Validações da tela\ncy.get('body').should('exist'); // Verifica se o body html foi carregado\ncy.get('[data-testid=\"login.username\"]').should('be.visible'); // Input de login\ncy.get('[data-testid=\"login.password\"]').should('be.visible'); // Input de password\ncy.xpath('//button[contains(., \"Entrar\")]').should('be.visible'); // Button 'Entrar'\ncy.xpath('//a[contains(., \"Comece por aqui\")]').should('be.visible'); // Button 'Comece por aqui'\ncy.xpath('//a[contains(., \"Esqueci minha senha\")]').should('be.visible'); // Link 'Esqueci minha senha'",
              "err": {},
              "uuid": "fcb232ab-7d18-48f0-b700-d541195401ce",
              "parentUUID": "47a56894-e475-4ceb-a45e-57399415a80c",
              "isHook": false,
              "skipped": false
            },
            {
              "title": "Ambiente: https://brl-pwa.dialog.cm/login?redirect=false",
              "fullTitle": "Validação de URLs Ambiente: https://brl-pwa.dialog.cm/login?redirect=false",
              "timedOut": null,
              "duration": 11549,
              "state": "passed",
              "speed": "slow",
              "pass": true,
              "fail": false,
              "pending": false,
              "context": null,
              "code": "cy.visit(url);\n// Validações da tela\ncy.get('body').should('exist'); // Verifica se o body html foi carregado\ncy.get('[data-testid=\"login.username\"]').should('be.visible'); // Input de login\ncy.get('[data-testid=\"login.password\"]').should('be.visible'); // Input de password\ncy.xpath('//button[contains(., \"Entrar\")]').should('be.visible'); // Button 'Entrar'\ncy.xpath('//a[contains(., \"Comece por aqui\")]').should('be.visible'); // Button 'Comece por aqui'\ncy.xpath('//a[contains(., \"Esqueci minha senha\")]').should('be.visible'); // Link 'Esqueci minha senha'",
              "err": {},
              "uuid": "56197b1e-4a29-489b-8c47-59696c406fb8",
              "parentUUID": "47a56894-e475-4ceb-a45e-57399415a80c",
              "isHook": false,
              "skipped": false
            },
            {
              "title": "Ambiente: https://camargocorrea-pwa.dialog.cm/login?redirect=false",
              "fullTitle": "Validação de URLs Ambiente: https://camargocorrea-pwa.dialog.cm/login?redirect=false",
              "timedOut": null,
              "duration": 7538,
              "state": "passed",
              "speed": "medium",
              "pass": true,
              "fail": false,
              "pending": false,
              "context": null,
              "code": "cy.visit(url);\n// Validações da tela\ncy.get('body').should('exist'); // Verifica se o body html foi carregado\ncy.get('[data-testid=\"login.username\"]').should('be.visible'); // Input de login\ncy.get('[data-testid=\"login.password\"]').should('be.visible'); // Input de password\ncy.xpath('//button[contains(., \"Entrar\")]').should('be.visible'); // Button 'Entrar'\ncy.xpath('//a[contains(., \"Comece por aqui\")]').should('be.visible'); // Button 'Comece por aqui'\ncy.xpath('//a[contains(., \"Esqueci minha senha\")]').should('be.visible'); // Link 'Esqueci minha senha'",
              "err": {},
              "uuid": "a444f723-ac55-4e2d-a765-49914442d88e",
              "parentUUID": "47a56894-e475-4ceb-a45e-57399415a80c",
              "isHook": false,
              "skipped": false
            },
            {
              "title": "Ambiente: https://ceci-pwa.dialog.cm/home/login?redirect=false",
              "fullTitle": "Validação de URLs Ambiente: https://ceci-pwa.dialog.cm/home/login?redirect=false",
              "timedOut": null,
              "duration": 5760,
              "state": "passed",
              "speed": "medium",
              "pass": true,
              "fail": false,
              "pending": false,
              "context": null,
              "code": "cy.visit(url);\n// Validações da tela\ncy.get('body').should('exist'); // Verifica se o body html foi carregado\ncy.get('[data-testid=\"login.username\"]').should('be.visible'); // Input de login\ncy.get('[data-testid=\"login.password\"]').should('be.visible'); // Input de password\ncy.xpath('//button[contains(., \"Entrar\")]').should('be.visible'); // Button 'Entrar'\ncy.xpath('//a[contains(., \"Comece por aqui\")]').should('be.visible'); // Button 'Comece por aqui'\ncy.xpath('//a[contains(., \"Esqueci minha senha\")]').should('be.visible'); // Link 'Esqueci minha senha'",
              "err": {},
              "uuid": "99446b7f-c83f-466b-967a-697474cd6469",
              "parentUUID": "47a56894-e475-4ceb-a45e-57399415a80c",
              "isHook": false,
              "skipped": false
            },
            {
              "title": "Ambiente: https://cbm-pwa.dialog.cm/login?redirect=false",
              "fullTitle": "Validação de URLs Ambiente: https://cbm-pwa.dialog.cm/login?redirect=false",
              "timedOut": null,
              "duration": 5249,
              "state": "passed",
              "speed": "medium",
              "pass": true,
              "fail": false,
              "pending": false,
              "context": null,
              "code": "cy.visit(url);\n// Validações da tela\ncy.get('body').should('exist'); // Verifica se o body html foi carregado\ncy.get('[data-testid=\"login.username\"]').should('be.visible'); // Input de login\ncy.get('[data-testid=\"login.password\"]').should('be.visible'); // Input de password\ncy.xpath('//button[contains(., \"Entrar\")]').should('be.visible'); // Button 'Entrar'\ncy.xpath('//a[contains(., \"Comece por aqui\")]').should('be.visible'); // Button 'Comece por aqui'\ncy.xpath('//a[contains(., \"Esqueci minha senha\")]').should('be.visible'); // Link 'Esqueci minha senha'",
              "err": {},
              "uuid": "32087bbc-4a18-4929-9c9d-e5c7a0845662",
              "parentUUID": "47a56894-e475-4ceb-a45e-57399415a80c",
              "isHook": false,
              "skipped": false
            },
            {
              "title": "Ambiente: https://maisclamed.com.br/login/login?redirect=false",
              "fullTitle": "Validação de URLs Ambiente: https://maisclamed.com.br/login/login?redirect=false",
              "timedOut": null,
              "duration": 15453,
              "state": "passed",
              "speed": "slow",
              "pass": true,
              "fail": false,
              "pending": false,
              "context": null,
              "code": "cy.visit(url);\n// Validações da tela\ncy.get('body').should('exist'); // Verifica se o body html foi carregado\ncy.get('[data-testid=\"login.username\"]').should('be.visible'); // Input de login\ncy.get('[data-testid=\"login.password\"]').should('be.visible'); // Input de password\ncy.xpath('//button[contains(., \"Entrar\")]').should('be.visible'); // Button 'Entrar'\ncy.xpath('//a[contains(., \"Comece por aqui\")]').should('be.visible'); // Button 'Comece por aqui'\ncy.xpath('//a[contains(., \"Esqueci minha senha\")]').should('be.visible'); // Link 'Esqueci minha senha'",
              "err": {},
              "uuid": "3ce6cbe1-9930-4f1a-b782-e8ab4ae36e01",
              "parentUUID": "47a56894-e475-4ceb-a45e-57399415a80c",
              "isHook": false,
              "skipped": false
            },
            {
              "title": "Ambiente: https://conasa-pwa.dialog.cm/login?redirect=false",
              "fullTitle": "Validação de URLs Ambiente: https://conasa-pwa.dialog.cm/login?redirect=false",
              "timedOut": null,
              "duration": 3177,
              "state": "passed",
              "speed": "fast",
              "pass": true,
              "fail": false,
              "pending": false,
              "context": null,
              "code": "cy.visit(url);\n// Validações da tela\ncy.get('body').should('exist'); // Verifica se o body html foi carregado\ncy.get('[data-testid=\"login.username\"]').should('be.visible'); // Input de login\ncy.get('[data-testid=\"login.password\"]').should('be.visible'); // Input de password\ncy.xpath('//button[contains(., \"Entrar\")]').should('be.visible'); // Button 'Entrar'\ncy.xpath('//a[contains(., \"Comece por aqui\")]').should('be.visible'); // Button 'Comece por aqui'\ncy.xpath('//a[contains(., \"Esqueci minha senha\")]').should('be.visible'); // Link 'Esqueci minha senha'",
              "err": {},
              "uuid": "8d880372-1084-4869-96da-dd3bb50ab6dc",
              "parentUUID": "47a56894-e475-4ceb-a45e-57399415a80c",
              "isHook": false,
              "skipped": false
            },
            {
              "title": "Ambiente: https://coop-pwa.dialog.cm/login?redirect=false",
              "fullTitle": "Validação de URLs Ambiente: https://coop-pwa.dialog.cm/login?redirect=false",
              "timedOut": null,
              "duration": 3373,
              "state": "passed",
              "speed": "fast",
              "pass": true,
              "fail": false,
              "pending": false,
              "context": null,
              "code": "cy.visit(url);\n// Validações da tela\ncy.get('body').should('exist'); // Verifica se o body html foi carregado\ncy.get('[data-testid=\"login.username\"]').should('be.visible'); // Input de login\ncy.get('[data-testid=\"login.password\"]').should('be.visible'); // Input de password\ncy.xpath('//button[contains(., \"Entrar\")]').should('be.visible'); // Button 'Entrar'\ncy.xpath('//a[contains(., \"Comece por aqui\")]').should('be.visible'); // Button 'Comece por aqui'\ncy.xpath('//a[contains(., \"Esqueci minha senha\")]').should('be.visible'); // Link 'Esqueci minha senha'",
              "err": {},
              "uuid": "9785feeb-8cbe-4787-bbfe-c85a12304834",
              "parentUUID": "47a56894-e475-4ceb-a45e-57399415a80c",
              "isHook": false,
              "skipped": false
            },
            {
              "title": "Ambiente: https://cooperativaholambra-pwa.dialog.cm/login?redirect=false",
              "fullTitle": "Validação de URLs Ambiente: https://cooperativaholambra-pwa.dialog.cm/login?redirect=false",
              "timedOut": null,
              "duration": 2899,
              "state": "passed",
              "speed": "fast",
              "pass": true,
              "fail": false,
              "pending": false,
              "context": null,
              "code": "cy.visit(url);\n// Validações da tela\ncy.get('body').should('exist'); // Verifica se o body html foi carregado\ncy.get('[data-testid=\"login.username\"]').should('be.visible'); // Input de login\ncy.get('[data-testid=\"login.password\"]').should('be.visible'); // Input de password\ncy.xpath('//button[contains(., \"Entrar\")]').should('be.visible'); // Button 'Entrar'\ncy.xpath('//a[contains(., \"Comece por aqui\")]').should('be.visible'); // Button 'Comece por aqui'\ncy.xpath('//a[contains(., \"Esqueci minha senha\")]').should('be.visible'); // Link 'Esqueci minha senha'",
              "err": {},
              "uuid": "47201a1d-3c65-4a49-827d-6f99e4354e10",
              "parentUUID": "47a56894-e475-4ceb-a45e-57399415a80c",
              "isHook": false,
              "skipped": false
            },
            {
              "title": "Ambiente: https://coplacana-pwa.dialog.cm/login?redirect=false",
              "fullTitle": "Validação de URLs Ambiente: https://coplacana-pwa.dialog.cm/login?redirect=false",
              "timedOut": null,
              "duration": 11135,
              "state": "passed",
              "speed": "slow",
              "pass": true,
              "fail": false,
              "pending": false,
              "context": null,
              "code": "cy.visit(url);\n// Validações da tela\ncy.get('body').should('exist'); // Verifica se o body html foi carregado\ncy.get('[data-testid=\"login.username\"]').should('be.visible'); // Input de login\ncy.get('[data-testid=\"login.password\"]').should('be.visible'); // Input de password\ncy.xpath('//button[contains(., \"Entrar\")]').should('be.visible'); // Button 'Entrar'\ncy.xpath('//a[contains(., \"Comece por aqui\")]').should('be.visible'); // Button 'Comece por aqui'\ncy.xpath('//a[contains(., \"Esqueci minha senha\")]').should('be.visible'); // Link 'Esqueci minha senha'",
              "err": {},
              "uuid": "3806e192-d2a9-4a24-8d10-3fd0f012b313",
              "parentUUID": "47a56894-e475-4ceb-a45e-57399415a80c",
              "isHook": false,
              "skipped": false
            },
            {
              "title": "Ambiente: https://cordenonsi-pwa.dialog.cm/login?redirect=false",
              "fullTitle": "Validação de URLs Ambiente: https://cordenonsi-pwa.dialog.cm/login?redirect=false",
              "timedOut": null,
              "duration": 3344,
              "state": "passed",
              "speed": "fast",
              "pass": true,
              "fail": false,
              "pending": false,
              "context": null,
              "code": "cy.visit(url);\n// Validações da tela\ncy.get('body').should('exist'); // Verifica se o body html foi carregado\ncy.get('[data-testid=\"login.username\"]').should('be.visible'); // Input de login\ncy.get('[data-testid=\"login.password\"]').should('be.visible'); // Input de password\ncy.xpath('//button[contains(., \"Entrar\")]').should('be.visible'); // Button 'Entrar'\ncy.xpath('//a[contains(., \"Comece por aqui\")]').should('be.visible'); // Button 'Comece por aqui'\ncy.xpath('//a[contains(., \"Esqueci minha senha\")]').should('be.visible'); // Link 'Esqueci minha senha'",
              "err": {},
              "uuid": "ccef8b43-be60-4256-9a42-d22649dc2080",
              "parentUUID": "47a56894-e475-4ceb-a45e-57399415a80c",
              "isHook": false,
              "skipped": false
            },
            {
              "title": "Ambiente: https://credsystem-pwa.dialog.cm/login?redirect=false",
              "fullTitle": "Validação de URLs Ambiente: https://credsystem-pwa.dialog.cm/login?redirect=false",
              "timedOut": null,
              "duration": 3121,
              "state": "passed",
              "speed": "fast",
              "pass": true,
              "fail": false,
              "pending": false,
              "context": null,
              "code": "cy.visit(url);\n// Validações da tela\ncy.get('body').should('exist'); // Verifica se o body html foi carregado\ncy.get('[data-testid=\"login.username\"]').should('be.visible'); // Input de login\ncy.get('[data-testid=\"login.password\"]').should('be.visible'); // Input de password\ncy.xpath('//button[contains(., \"Entrar\")]').should('be.visible'); // Button 'Entrar'\ncy.xpath('//a[contains(., \"Comece por aqui\")]').should('be.visible'); // Button 'Comece por aqui'\ncy.xpath('//a[contains(., \"Esqueci minha senha\")]').should('be.visible'); // Link 'Esqueci minha senha'",
              "err": {},
              "uuid": "25e976a7-d19b-4e96-b0ff-64d41ca27c6b",
              "parentUUID": "47a56894-e475-4ceb-a45e-57399415a80c",
              "isHook": false,
              "skipped": false
            },
            {
              "title": "Ambiente: https://cyrela-pwa.dialog.cm/login?redirect=false",
              "fullTitle": "Validação de URLs Ambiente: https://cyrela-pwa.dialog.cm/login?redirect=false",
              "timedOut": null,
              "duration": 3624,
              "state": "passed",
              "speed": "fast",
              "pass": true,
              "fail": false,
              "pending": false,
              "context": null,
              "code": "cy.visit(url);\n// Validações da tela\ncy.get('body').should('exist'); // Verifica se o body html foi carregado\ncy.get('[data-testid=\"login.username\"]').should('be.visible'); // Input de login\ncy.get('[data-testid=\"login.password\"]').should('be.visible'); // Input de password\ncy.xpath('//button[contains(., \"Entrar\")]').should('be.visible'); // Button 'Entrar'\ncy.xpath('//a[contains(., \"Comece por aqui\")]').should('be.visible'); // Button 'Comece por aqui'\ncy.xpath('//a[contains(., \"Esqueci minha senha\")]').should('be.visible'); // Link 'Esqueci minha senha'",
              "err": {},
              "uuid": "e0ac9027-eabc-438a-8485-e3981af8abaf",
              "parentUUID": "47a56894-e475-4ceb-a45e-57399415a80c",
              "isHook": false,
              "skipped": false
            },
            {
              "title": "Ambiente: https://defensoriapublica-pwa.dialog.cm/login?redirect=false",
              "fullTitle": "Validação de URLs Ambiente: https://defensoriapublica-pwa.dialog.cm/login?redirect=false",
              "timedOut": null,
              "duration": 4754,
              "state": "passed",
              "speed": "fast",
              "pass": true,
              "fail": false,
              "pending": false,
              "context": null,
              "code": "cy.visit(url);\n// Validações da tela\ncy.get('body').should('exist'); // Verifica se o body html foi carregado\ncy.get('[data-testid=\"login.username\"]').should('be.visible'); // Input de login\ncy.get('[data-testid=\"login.password\"]').should('be.visible'); // Input de password\ncy.xpath('//button[contains(., \"Entrar\")]').should('be.visible'); // Button 'Entrar'\ncy.xpath('//a[contains(., \"Comece por aqui\")]').should('be.visible'); // Button 'Comece por aqui'\ncy.xpath('//a[contains(., \"Esqueci minha senha\")]').should('be.visible'); // Link 'Esqueci minha senha'",
              "err": {},
              "uuid": "c2385a86-f566-4777-a3b1-4a3f72bd4411",
              "parentUUID": "47a56894-e475-4ceb-a45e-57399415a80c",
              "isHook": false,
              "skipped": false
            },
            {
              "title": "Ambiente: https://go-pwa.dialog.cm/login?redirect=false",
              "fullTitle": "Validação de URLs Ambiente: https://go-pwa.dialog.cm/login?redirect=false",
              "timedOut": null,
              "duration": 3103,
              "state": "passed",
              "speed": "fast",
              "pass": true,
              "fail": false,
              "pending": false,
              "context": null,
              "code": "cy.visit(url);\n// Validações da tela\ncy.get('body').should('exist'); // Verifica se o body html foi carregado\ncy.get('[data-testid=\"login.username\"]').should('be.visible'); // Input de login\ncy.get('[data-testid=\"login.password\"]').should('be.visible'); // Input de password\ncy.xpath('//button[contains(., \"Entrar\")]').should('be.visible'); // Button 'Entrar'\ncy.xpath('//a[contains(., \"Comece por aqui\")]').should('be.visible'); // Button 'Comece por aqui'\ncy.xpath('//a[contains(., \"Esqueci minha senha\")]').should('be.visible'); // Link 'Esqueci minha senha'",
              "err": {},
              "uuid": "b5a6cc78-074c-453b-8828-4a281c0ba5a7",
              "parentUUID": "47a56894-e475-4ceb-a45e-57399415a80c",
              "isHook": false,
              "skipped": false
            },
            {
              "title": "Ambiente: https://moon-pwa.dialog.cm/login?redirect=false",
              "fullTitle": "Validação de URLs Ambiente: https://moon-pwa.dialog.cm/login?redirect=false",
              "timedOut": null,
              "duration": 3235,
              "state": "passed",
              "speed": "fast",
              "pass": true,
              "fail": false,
              "pending": false,
              "context": null,
              "code": "cy.visit(url);\n// Validações da tela\ncy.get('body').should('exist'); // Verifica se o body html foi carregado\ncy.get('[data-testid=\"login.username\"]').should('be.visible'); // Input de login\ncy.get('[data-testid=\"login.password\"]').should('be.visible'); // Input de password\ncy.xpath('//button[contains(., \"Entrar\")]').should('be.visible'); // Button 'Entrar'\ncy.xpath('//a[contains(., \"Comece por aqui\")]').should('be.visible'); // Button 'Comece por aqui'\ncy.xpath('//a[contains(., \"Esqueci minha senha\")]').should('be.visible'); // Link 'Esqueci minha senha'",
              "err": {},
              "uuid": "37dd252b-dc72-4c4e-ac51-bdba8437d2f9",
              "parentUUID": "47a56894-e475-4ceb-a45e-57399415a80c",
              "isHook": false,
              "skipped": false
            },
            {
              "title": "Ambiente: https://ecogen-pwa.dialog.cm/login?redirect=false",
              "fullTitle": "Validação de URLs Ambiente: https://ecogen-pwa.dialog.cm/login?redirect=false",
              "timedOut": null,
              "duration": 3834,
              "state": "passed",
              "speed": "fast",
              "pass": true,
              "fail": false,
              "pending": false,
              "context": null,
              "code": "cy.visit(url);\n// Validações da tela\ncy.get('body').should('exist'); // Verifica se o body html foi carregado\ncy.get('[data-testid=\"login.username\"]').should('be.visible'); // Input de login\ncy.get('[data-testid=\"login.password\"]').should('be.visible'); // Input de password\ncy.xpath('//button[contains(., \"Entrar\")]').should('be.visible'); // Button 'Entrar'\ncy.xpath('//a[contains(., \"Comece por aqui\")]').should('be.visible'); // Button 'Comece por aqui'\ncy.xpath('//a[contains(., \"Esqueci minha senha\")]').should('be.visible'); // Link 'Esqueci minha senha'",
              "err": {},
              "uuid": "9a24114d-a4a7-4611-be49-3bf8ec74f360",
              "parentUUID": "47a56894-e475-4ceb-a45e-57399415a80c",
              "isHook": false,
              "skipped": false
            },
            {
              "title": "Ambiente: https://embramaco-pwa.dialog.cm/login?redirect=false",
              "fullTitle": "Validação de URLs Ambiente: https://embramaco-pwa.dialog.cm/login?redirect=false",
              "timedOut": null,
              "duration": 3075,
              "state": "passed",
              "speed": "fast",
              "pass": true,
              "fail": false,
              "pending": false,
              "context": null,
              "code": "cy.visit(url);\n// Validações da tela\ncy.get('body').should('exist'); // Verifica se o body html foi carregado\ncy.get('[data-testid=\"login.username\"]').should('be.visible'); // Input de login\ncy.get('[data-testid=\"login.password\"]').should('be.visible'); // Input de password\ncy.xpath('//button[contains(., \"Entrar\")]').should('be.visible'); // Button 'Entrar'\ncy.xpath('//a[contains(., \"Comece por aqui\")]').should('be.visible'); // Button 'Comece por aqui'\ncy.xpath('//a[contains(., \"Esqueci minha senha\")]').should('be.visible'); // Link 'Esqueci minha senha'",
              "err": {},
              "uuid": "4fc907b5-00e3-400f-b53c-662653537651",
              "parentUUID": "47a56894-e475-4ceb-a45e-57399415a80c",
              "isHook": false,
              "skipped": false
            },
            {
              "title": "Ambiente: https://espacolaser-pwa.dialog.cm/login?redirect=false",
              "fullTitle": "Validação de URLs Ambiente: https://espacolaser-pwa.dialog.cm/login?redirect=false",
              "timedOut": null,
              "duration": 3415,
              "state": "passed",
              "speed": "fast",
              "pass": true,
              "fail": false,
              "pending": false,
              "context": null,
              "code": "cy.visit(url);\n// Validações da tela\ncy.get('body').should('exist'); // Verifica se o body html foi carregado\ncy.get('[data-testid=\"login.username\"]').should('be.visible'); // Input de login\ncy.get('[data-testid=\"login.password\"]').should('be.visible'); // Input de password\ncy.xpath('//button[contains(., \"Entrar\")]').should('be.visible'); // Button 'Entrar'\ncy.xpath('//a[contains(., \"Comece por aqui\")]').should('be.visible'); // Button 'Comece por aqui'\ncy.xpath('//a[contains(., \"Esqueci minha senha\")]').should('be.visible'); // Link 'Esqueci minha senha'",
              "err": {},
              "uuid": "51030c61-a26c-477a-899d-a3ef7c0e6ed3",
              "parentUUID": "47a56894-e475-4ceb-a45e-57399415a80c",
              "isHook": false,
              "skipped": false
            },
            {
              "title": "Ambiente: https://flora-pwa.dialog.cm/login?redirect=false",
              "fullTitle": "Validação de URLs Ambiente: https://flora-pwa.dialog.cm/login?redirect=false",
              "timedOut": null,
              "duration": 3740,
              "state": "passed",
              "speed": "fast",
              "pass": true,
              "fail": false,
              "pending": false,
              "context": null,
              "code": "cy.visit(url);\n// Validações da tela\ncy.get('body').should('exist'); // Verifica se o body html foi carregado\ncy.get('[data-testid=\"login.username\"]').should('be.visible'); // Input de login\ncy.get('[data-testid=\"login.password\"]').should('be.visible'); // Input de password\ncy.xpath('//button[contains(., \"Entrar\")]').should('be.visible'); // Button 'Entrar'\ncy.xpath('//a[contains(., \"Comece por aqui\")]').should('be.visible'); // Button 'Comece por aqui'\ncy.xpath('//a[contains(., \"Esqueci minha senha\")]').should('be.visible'); // Link 'Esqueci minha senha'",
              "err": {},
              "uuid": "4c1de02d-c7b4-4dfd-ae72-03ff8dba3ea5",
              "parentUUID": "47a56894-e475-4ceb-a45e-57399415a80c",
              "isHook": false,
              "skipped": false
            },
            {
              "title": "Ambiente: https://mundoazul.fortlev.com.br/login?redirect=false",
              "fullTitle": "Validação de URLs Ambiente: https://mundoazul.fortlev.com.br/login?redirect=false",
              "timedOut": null,
              "duration": 3760,
              "state": "passed",
              "speed": "fast",
              "pass": true,
              "fail": false,
              "pending": false,
              "context": null,
              "code": "cy.visit(url);\n// Validações da tela\ncy.get('body').should('exist'); // Verifica se o body html foi carregado\ncy.get('[data-testid=\"login.username\"]').should('be.visible'); // Input de login\ncy.get('[data-testid=\"login.password\"]').should('be.visible'); // Input de password\ncy.xpath('//button[contains(., \"Entrar\")]').should('be.visible'); // Button 'Entrar'\ncy.xpath('//a[contains(., \"Comece por aqui\")]').should('be.visible'); // Button 'Comece por aqui'\ncy.xpath('//a[contains(., \"Esqueci minha senha\")]').should('be.visible'); // Link 'Esqueci minha senha'",
              "err": {},
              "uuid": "6fb0f27f-f468-438c-bb17-1258ba24c0b0",
              "parentUUID": "47a56894-e475-4ceb-a45e-57399415a80c",
              "isHook": false,
              "skipped": false
            },
            {
              "title": "Ambiente: https://fortlev-pwa.dialog.cm/login?redirect=false",
              "fullTitle": "Validação de URLs Ambiente: https://fortlev-pwa.dialog.cm/login?redirect=false",
              "timedOut": null,
              "duration": 3063,
              "state": "passed",
              "speed": "fast",
              "pass": true,
              "fail": false,
              "pending": false,
              "context": null,
              "code": "cy.visit(url);\n// Validações da tela\ncy.get('body').should('exist'); // Verifica se o body html foi carregado\ncy.get('[data-testid=\"login.username\"]').should('be.visible'); // Input de login\ncy.get('[data-testid=\"login.password\"]').should('be.visible'); // Input de password\ncy.xpath('//button[contains(., \"Entrar\")]').should('be.visible'); // Button 'Entrar'\ncy.xpath('//a[contains(., \"Comece por aqui\")]').should('be.visible'); // Button 'Comece por aqui'\ncy.xpath('//a[contains(., \"Esqueci minha senha\")]').should('be.visible'); // Link 'Esqueci minha senha'",
              "err": {},
              "uuid": "cf1ce637-a083-4e64-a252-76168297131c",
              "parentUUID": "47a56894-e475-4ceb-a45e-57399415a80c",
              "isHook": false,
              "skipped": false
            },
            {
              "title": "Ambiente: https://garra-pwa.dialog.cm/login?redirect=false",
              "fullTitle": "Validação de URLs Ambiente: https://garra-pwa.dialog.cm/login?redirect=false",
              "timedOut": null,
              "duration": 3516,
              "state": "passed",
              "speed": "fast",
              "pass": true,
              "fail": false,
              "pending": false,
              "context": null,
              "code": "cy.visit(url);\n// Validações da tela\ncy.get('body').should('exist'); // Verifica se o body html foi carregado\ncy.get('[data-testid=\"login.username\"]').should('be.visible'); // Input de login\ncy.get('[data-testid=\"login.password\"]').should('be.visible'); // Input de password\ncy.xpath('//button[contains(., \"Entrar\")]').should('be.visible'); // Button 'Entrar'\ncy.xpath('//a[contains(., \"Comece por aqui\")]').should('be.visible'); // Button 'Comece por aqui'\ncy.xpath('//a[contains(., \"Esqueci minha senha\")]').should('be.visible'); // Link 'Esqueci minha senha'",
              "err": {},
              "uuid": "307e275c-67a5-4cbb-8764-95ce888eb492",
              "parentUUID": "47a56894-e475-4ceb-a45e-57399415a80c",
              "isHook": false,
              "skipped": false
            },
            {
              "title": "Ambiente: https://gdmseeds-pwa.dialog.cm/login?redirect=false",
              "fullTitle": "Validação de URLs Ambiente: https://gdmseeds-pwa.dialog.cm/login?redirect=false",
              "timedOut": null,
              "duration": 19049,
              "state": "passed",
              "speed": "slow",
              "pass": true,
              "fail": false,
              "pending": false,
              "context": null,
              "code": "cy.visit(url);\n// Validações da tela\ncy.get('body').should('exist'); // Verifica se o body html foi carregado\ncy.get('[data-testid=\"login.username\"]').should('be.visible'); // Input de login\ncy.get('[data-testid=\"login.password\"]').should('be.visible'); // Input de password\ncy.xpath('//button[contains(., \"Entrar\")]').should('be.visible'); // Button 'Entrar'\ncy.xpath('//a[contains(., \"Comece por aqui\")]').should('be.visible'); // Button 'Comece por aqui'\ncy.xpath('//a[contains(., \"Esqueci minha senha\")]').should('be.visible'); // Link 'Esqueci minha senha'",
              "err": {},
              "uuid": "aff3ba5a-87e6-448e-9e07-f665785c0280",
              "parentUUID": "47a56894-e475-4ceb-a45e-57399415a80c",
              "isHook": false,
              "skipped": false
            },
            {
              "title": "Ambiente: https://dialog.grupoinpress.com.br/login?redirect=false",
              "fullTitle": "Validação de URLs Ambiente: https://dialog.grupoinpress.com.br/login?redirect=false",
              "timedOut": null,
              "duration": 3141,
              "state": "passed",
              "speed": "fast",
              "pass": true,
              "fail": false,
              "pending": false,
              "context": null,
              "code": "cy.visit(url);\n// Validações da tela\ncy.get('body').should('exist'); // Verifica se o body html foi carregado\ncy.get('[data-testid=\"login.username\"]').should('be.visible'); // Input de login\ncy.get('[data-testid=\"login.password\"]').should('be.visible'); // Input de password\ncy.xpath('//button[contains(., \"Entrar\")]').should('be.visible'); // Button 'Entrar'\ncy.xpath('//a[contains(., \"Comece por aqui\")]').should('be.visible'); // Button 'Comece por aqui'\ncy.xpath('//a[contains(., \"Esqueci minha senha\")]').should('be.visible'); // Link 'Esqueci minha senha'",
              "err": {},
              "uuid": "0abcad64-c603-4981-b2cd-bb1302eff711",
              "parentUUID": "47a56894-e475-4ceb-a45e-57399415a80c",
              "isHook": false,
              "skipped": false
            },
            {
              "title": "Ambiente: https://gptw-pwa.dialog.cm/login?redirect=false",
              "fullTitle": "Validação de URLs Ambiente: https://gptw-pwa.dialog.cm/login?redirect=false",
              "timedOut": null,
              "duration": 3442,
              "state": "passed",
              "speed": "fast",
              "pass": true,
              "fail": false,
              "pending": false,
              "context": null,
              "code": "cy.visit(url);\n// Validações da tela\ncy.get('body').should('exist'); // Verifica se o body html foi carregado\ncy.get('[data-testid=\"login.username\"]').should('be.visible'); // Input de login\ncy.get('[data-testid=\"login.password\"]').should('be.visible'); // Input de password\ncy.xpath('//button[contains(., \"Entrar\")]').should('be.visible'); // Button 'Entrar'\ncy.xpath('//a[contains(., \"Comece por aqui\")]').should('be.visible'); // Button 'Comece por aqui'\ncy.xpath('//a[contains(., \"Esqueci minha senha\")]').should('be.visible'); // Link 'Esqueci minha senha'",
              "err": {},
              "uuid": "24996ca4-8157-4164-a17f-32bcac61df89",
              "parentUUID": "47a56894-e475-4ceb-a45e-57399415a80c",
              "isHook": false,
              "skipped": false
            },
            {
              "title": "Ambiente: https://grupobertolini-pwa.dialog.cm/login?redirect=false",
              "fullTitle": "Validação de URLs Ambiente: https://grupobertolini-pwa.dialog.cm/login?redirect=false",
              "timedOut": null,
              "duration": 3122,
              "state": "passed",
              "speed": "fast",
              "pass": true,
              "fail": false,
              "pending": false,
              "context": null,
              "code": "cy.visit(url);\n// Validações da tela\ncy.get('body').should('exist'); // Verifica se o body html foi carregado\ncy.get('[data-testid=\"login.username\"]').should('be.visible'); // Input de login\ncy.get('[data-testid=\"login.password\"]').should('be.visible'); // Input de password\ncy.xpath('//button[contains(., \"Entrar\")]').should('be.visible'); // Button 'Entrar'\ncy.xpath('//a[contains(., \"Comece por aqui\")]').should('be.visible'); // Button 'Comece por aqui'\ncy.xpath('//a[contains(., \"Esqueci minha senha\")]').should('be.visible'); // Link 'Esqueci minha senha'",
              "err": {},
              "uuid": "514bb14d-949a-4e71-ace8-74bede11ebf2",
              "parentUUID": "47a56894-e475-4ceb-a45e-57399415a80c",
              "isHook": false,
              "skipped": false
            },
            {
              "title": "Ambiente: https://grupocoutinho-pwa.dialog.cm/login?redirect=false",
              "fullTitle": "Validação de URLs Ambiente: https://grupocoutinho-pwa.dialog.cm/login?redirect=false",
              "timedOut": null,
              "duration": 3080,
              "state": "passed",
              "speed": "fast",
              "pass": true,
              "fail": false,
              "pending": false,
              "context": null,
              "code": "cy.visit(url);\n// Validações da tela\ncy.get('body').should('exist'); // Verifica se o body html foi carregado\ncy.get('[data-testid=\"login.username\"]').should('be.visible'); // Input de login\ncy.get('[data-testid=\"login.password\"]').should('be.visible'); // Input de password\ncy.xpath('//button[contains(., \"Entrar\")]').should('be.visible'); // Button 'Entrar'\ncy.xpath('//a[contains(., \"Comece por aqui\")]').should('be.visible'); // Button 'Comece por aqui'\ncy.xpath('//a[contains(., \"Esqueci minha senha\")]').should('be.visible'); // Link 'Esqueci minha senha'",
              "err": {},
              "uuid": "325304c4-fc58-4950-81a4-c2d3608b9a01",
              "parentUUID": "47a56894-e475-4ceb-a45e-57399415a80c",
              "isHook": false,
              "skipped": false
            },
            {
              "title": "Ambiente: https://grupodreamers-pwa.dialog.cm/login?redirect=false",
              "fullTitle": "Validação de URLs Ambiente: https://grupodreamers-pwa.dialog.cm/login?redirect=false",
              "timedOut": null,
              "duration": 3442,
              "state": "passed",
              "speed": "fast",
              "pass": true,
              "fail": false,
              "pending": false,
              "context": null,
              "code": "cy.visit(url);\n// Validações da tela\ncy.get('body').should('exist'); // Verifica se o body html foi carregado\ncy.get('[data-testid=\"login.username\"]').should('be.visible'); // Input de login\ncy.get('[data-testid=\"login.password\"]').should('be.visible'); // Input de password\ncy.xpath('//button[contains(., \"Entrar\")]').should('be.visible'); // Button 'Entrar'\ncy.xpath('//a[contains(., \"Comece por aqui\")]').should('be.visible'); // Button 'Comece por aqui'\ncy.xpath('//a[contains(., \"Esqueci minha senha\")]').should('be.visible'); // Link 'Esqueci minha senha'",
              "err": {},
              "uuid": "bb4c1ed4-1976-432a-b242-26ecdda84046",
              "parentUUID": "47a56894-e475-4ceb-a45e-57399415a80c",
              "isHook": false,
              "skipped": false
            },
            {
              "title": "Ambiente: https://geq-pwa.dialog.cm/login?redirect=false",
              "fullTitle": "Validação de URLs Ambiente: https://geq-pwa.dialog.cm/login?redirect=false",
              "timedOut": null,
              "duration": 3594,
              "state": "passed",
              "speed": "fast",
              "pass": true,
              "fail": false,
              "pending": false,
              "context": null,
              "code": "cy.visit(url);\n// Validações da tela\ncy.get('body').should('exist'); // Verifica se o body html foi carregado\ncy.get('[data-testid=\"login.username\"]').should('be.visible'); // Input de login\ncy.get('[data-testid=\"login.password\"]').should('be.visible'); // Input de password\ncy.xpath('//button[contains(., \"Entrar\")]').should('be.visible'); // Button 'Entrar'\ncy.xpath('//a[contains(., \"Comece por aqui\")]').should('be.visible'); // Button 'Comece por aqui'\ncy.xpath('//a[contains(., \"Esqueci minha senha\")]').should('be.visible'); // Link 'Esqueci minha senha'",
              "err": {},
              "uuid": "80599e30-119c-4e6d-a484-adfd499e3f92",
              "parentUUID": "47a56894-e475-4ceb-a45e-57399415a80c",
              "isHook": false,
              "skipped": false
            },
            {
              "title": "Ambiente: https://grupomabu-pwa.dialog.cm/login?redirect=false",
              "fullTitle": "Validação de URLs Ambiente: https://grupomabu-pwa.dialog.cm/login?redirect=false",
              "timedOut": null,
              "duration": 3143,
              "state": "passed",
              "speed": "fast",
              "pass": true,
              "fail": false,
              "pending": false,
              "context": null,
              "code": "cy.visit(url);\n// Validações da tela\ncy.get('body').should('exist'); // Verifica se o body html foi carregado\ncy.get('[data-testid=\"login.username\"]').should('be.visible'); // Input de login\ncy.get('[data-testid=\"login.password\"]').should('be.visible'); // Input de password\ncy.xpath('//button[contains(., \"Entrar\")]').should('be.visible'); // Button 'Entrar'\ncy.xpath('//a[contains(., \"Comece por aqui\")]').should('be.visible'); // Button 'Comece por aqui'\ncy.xpath('//a[contains(., \"Esqueci minha senha\")]').should('be.visible'); // Link 'Esqueci minha senha'",
              "err": {},
              "uuid": "7d4a6bb4-7b47-4dbb-b928-91cebd38143d",
              "parentUUID": "47a56894-e475-4ceb-a45e-57399415a80c",
              "isHook": false,
              "skipped": false
            },
            {
              "title": "Ambiente: https://comunicagn-pwa.dialog.cm/login?redirect=false",
              "fullTitle": "Validação de URLs Ambiente: https://comunicagn-pwa.dialog.cm/login?redirect=false",
              "timedOut": null,
              "duration": 3039,
              "state": "passed",
              "speed": "fast",
              "pass": true,
              "fail": false,
              "pending": false,
              "context": null,
              "code": "cy.visit(url);\n// Validações da tela\ncy.get('body').should('exist'); // Verifica se o body html foi carregado\ncy.get('[data-testid=\"login.username\"]').should('be.visible'); // Input de login\ncy.get('[data-testid=\"login.password\"]').should('be.visible'); // Input de password\ncy.xpath('//button[contains(., \"Entrar\")]').should('be.visible'); // Button 'Entrar'\ncy.xpath('//a[contains(., \"Comece por aqui\")]').should('be.visible'); // Button 'Comece por aqui'\ncy.xpath('//a[contains(., \"Esqueci minha senha\")]').should('be.visible'); // Link 'Esqueci minha senha'",
              "err": {},
              "uuid": "5f2a5735-5766-4974-a9ec-fba09f5e39d8",
              "parentUUID": "47a56894-e475-4ceb-a45e-57399415a80c",
              "isHook": false,
              "skipped": false
            },
            {
              "title": "Ambiente: https://gruporamirocampelo-pwa.dialog.cm/login?redirect=false",
              "fullTitle": "Validação de URLs Ambiente: https://gruporamirocampelo-pwa.dialog.cm/login?redirect=false",
              "timedOut": null,
              "duration": 3076,
              "state": "passed",
              "speed": "fast",
              "pass": true,
              "fail": false,
              "pending": false,
              "context": null,
              "code": "cy.visit(url);\n// Validações da tela\ncy.get('body').should('exist'); // Verifica se o body html foi carregado\ncy.get('[data-testid=\"login.username\"]').should('be.visible'); // Input de login\ncy.get('[data-testid=\"login.password\"]').should('be.visible'); // Input de password\ncy.xpath('//button[contains(., \"Entrar\")]').should('be.visible'); // Button 'Entrar'\ncy.xpath('//a[contains(., \"Comece por aqui\")]').should('be.visible'); // Button 'Comece por aqui'\ncy.xpath('//a[contains(., \"Esqueci minha senha\")]').should('be.visible'); // Link 'Esqueci minha senha'",
              "err": {},
              "uuid": "5c4d25cb-0294-4a91-aca3-4f7047ac404c",
              "parentUUID": "47a56894-e475-4ceb-a45e-57399415a80c",
              "isHook": false,
              "skipped": false
            },
            {
              "title": "Ambiente: https://gruposoma-pwa.dialog.cm/login?redirect=false",
              "fullTitle": "Validação de URLs Ambiente: https://gruposoma-pwa.dialog.cm/login?redirect=false",
              "timedOut": null,
              "duration": 33711,
              "state": "passed",
              "speed": "slow",
              "pass": true,
              "fail": false,
              "pending": false,
              "context": null,
              "code": "cy.visit(url);\n// Validações da tela\ncy.get('body').should('exist'); // Verifica se o body html foi carregado\ncy.get('[data-testid=\"login.username\"]').should('be.visible'); // Input de login\ncy.get('[data-testid=\"login.password\"]').should('be.visible'); // Input de password\ncy.xpath('//button[contains(., \"Entrar\")]').should('be.visible'); // Button 'Entrar'\ncy.xpath('//a[contains(., \"Comece por aqui\")]').should('be.visible'); // Button 'Comece por aqui'\ncy.xpath('//a[contains(., \"Esqueci minha senha\")]').should('be.visible'); // Link 'Esqueci minha senha'",
              "err": {},
              "uuid": "43ae2873-18d5-44e0-98ee-048b9444a797",
              "parentUUID": "47a56894-e475-4ceb-a45e-57399415a80c",
              "isHook": false,
              "skipped": false
            },
            {
              "title": "Ambiente: https://grupovissimo-pwa.dialog.cm/login?redirect=false",
              "fullTitle": "Validação de URLs Ambiente: https://grupovissimo-pwa.dialog.cm/login?redirect=false",
              "timedOut": null,
              "duration": 5232,
              "state": "passed",
              "speed": "medium",
              "pass": true,
              "fail": false,
              "pending": false,
              "context": null,
              "code": "cy.visit(url);\n// Validações da tela\ncy.get('body').should('exist'); // Verifica se o body html foi carregado\ncy.get('[data-testid=\"login.username\"]').should('be.visible'); // Input de login\ncy.get('[data-testid=\"login.password\"]').should('be.visible'); // Input de password\ncy.xpath('//button[contains(., \"Entrar\")]').should('be.visible'); // Button 'Entrar'\ncy.xpath('//a[contains(., \"Comece por aqui\")]').should('be.visible'); // Button 'Comece por aqui'\ncy.xpath('//a[contains(., \"Esqueci minha senha\")]').should('be.visible'); // Link 'Esqueci minha senha'",
              "err": {},
              "uuid": "b96f2961-9ce9-4da9-a1ec-edd1f376f4ef",
              "parentUUID": "47a56894-e475-4ceb-a45e-57399415a80c",
              "isHook": false,
              "skipped": false
            },
            {
              "title": "Ambiente: https://grupoyvone-pwa.dialog.cm/login?redirect=false",
              "fullTitle": "Validação de URLs Ambiente: https://grupoyvone-pwa.dialog.cm/login?redirect=false",
              "timedOut": null,
              "duration": 3608,
              "state": "passed",
              "speed": "fast",
              "pass": true,
              "fail": false,
              "pending": false,
              "context": null,
              "code": "cy.visit(url);\n// Validações da tela\ncy.get('body').should('exist'); // Verifica se o body html foi carregado\ncy.get('[data-testid=\"login.username\"]').should('be.visible'); // Input de login\ncy.get('[data-testid=\"login.password\"]').should('be.visible'); // Input de password\ncy.xpath('//button[contains(., \"Entrar\")]').should('be.visible'); // Button 'Entrar'\ncy.xpath('//a[contains(., \"Comece por aqui\")]').should('be.visible'); // Button 'Comece por aqui'\ncy.xpath('//a[contains(., \"Esqueci minha senha\")]').should('be.visible'); // Link 'Esqueci minha senha'",
              "err": {},
              "uuid": "08f85b42-ce63-477f-b7c0-380be9c28ff8",
              "parentUUID": "47a56894-e475-4ceb-a45e-57399415a80c",
              "isHook": false,
              "skipped": false
            },
            {
              "title": "Ambiente: https://guide-pwa.dialog.cm/login?redirect=false",
              "fullTitle": "Validação de URLs Ambiente: https://guide-pwa.dialog.cm/login?redirect=false",
              "timedOut": null,
              "duration": 5015,
              "state": "passed",
              "speed": "medium",
              "pass": true,
              "fail": false,
              "pending": false,
              "context": null,
              "code": "cy.visit(url);\n// Validações da tela\ncy.get('body').should('exist'); // Verifica se o body html foi carregado\ncy.get('[data-testid=\"login.username\"]').should('be.visible'); // Input de login\ncy.get('[data-testid=\"login.password\"]').should('be.visible'); // Input de password\ncy.xpath('//button[contains(., \"Entrar\")]').should('be.visible'); // Button 'Entrar'\ncy.xpath('//a[contains(., \"Comece por aqui\")]').should('be.visible'); // Button 'Comece por aqui'\ncy.xpath('//a[contains(., \"Esqueci minha senha\")]').should('be.visible'); // Link 'Esqueci minha senha'",
              "err": {},
              "uuid": "c2623bbb-e378-41d0-87a6-ebe9d616b0e6",
              "parentUUID": "47a56894-e475-4ceb-a45e-57399415a80c",
              "isHook": false,
              "skipped": false
            },
            {
              "title": "Ambiente: https://integramaisafocapihfc.com.br/login?redirect=false",
              "fullTitle": "Validação de URLs Ambiente: https://integramaisafocapihfc.com.br/login?redirect=false",
              "timedOut": null,
              "duration": 3905,
              "state": "passed",
              "speed": "fast",
              "pass": true,
              "fail": false,
              "pending": false,
              "context": null,
              "code": "cy.visit(url);\n// Validações da tela\ncy.get('body').should('exist'); // Verifica se o body html foi carregado\ncy.get('[data-testid=\"login.username\"]').should('be.visible'); // Input de login\ncy.get('[data-testid=\"login.password\"]').should('be.visible'); // Input de password\ncy.xpath('//button[contains(., \"Entrar\")]').should('be.visible'); // Button 'Entrar'\ncy.xpath('//a[contains(., \"Comece por aqui\")]').should('be.visible'); // Button 'Comece por aqui'\ncy.xpath('//a[contains(., \"Esqueci minha senha\")]').should('be.visible'); // Link 'Esqueci minha senha'",
              "err": {},
              "uuid": "85c75eb5-62d4-41f1-86fc-8a7332a73185",
              "parentUUID": "47a56894-e475-4ceb-a45e-57399415a80c",
              "isHook": false,
              "skipped": false
            },
            {
              "title": "Ambiente: https://haoc-pwa.dialog.cm/login?redirect=false",
              "fullTitle": "Validação de URLs Ambiente: https://haoc-pwa.dialog.cm/login?redirect=false",
              "timedOut": null,
              "duration": 4810,
              "state": "passed",
              "speed": "fast",
              "pass": true,
              "fail": false,
              "pending": false,
              "context": null,
              "code": "cy.visit(url);\n// Validações da tela\ncy.get('body').should('exist'); // Verifica se o body html foi carregado\ncy.get('[data-testid=\"login.username\"]').should('be.visible'); // Input de login\ncy.get('[data-testid=\"login.password\"]').should('be.visible'); // Input de password\ncy.xpath('//button[contains(., \"Entrar\")]').should('be.visible'); // Button 'Entrar'\ncy.xpath('//a[contains(., \"Comece por aqui\")]').should('be.visible'); // Button 'Comece por aqui'\ncy.xpath('//a[contains(., \"Esqueci minha senha\")]').should('be.visible'); // Link 'Esqueci minha senha'",
              "err": {},
              "uuid": "75cf7de9-093d-46f6-80be-881cd3438cf0",
              "parentUUID": "47a56894-e475-4ceb-a45e-57399415a80c",
[...]
            },
            {
              "title": "Ambiente: https://tegma-pwa.dialog.cm/login?redirect=false",
              "fullTitle": "Validação de URLs Ambiente: https://tegma-pwa.dialog.cm/login?redirect=false",
              "timedOut": null,
              "duration": 4096,
              "state": "passed",
              "speed": "fast",
              "pass": true,
              "fail": false,
              "pending": false,
              "context": null,
              "code": "cy.visit(url);\n// Validações da tela\ncy.get('body').should('exist'); // Verifica se o body html foi carregado\ncy.get('[data-testid=\"login.username\"]').should('be.visible'); // Input de login\ncy.get('[data-testid=\"login.password\"]').should('be.visible'); // Input de password\ncy.xpath('//button[contains(., \"Entrar\")]').should('be.visible'); // Button 'Entrar'\ncy.xpath('//a[contains(., \"Comece por aqui\")]').should('be.visible'); // Button 'Comece por aqui'\ncy.xpath('//a[contains(., \"Esqueci minha senha\")]').should('be.visible'); // Link 'Esqueci minha senha'",
              "err": {},
              "uuid": "d6230ee4-e8f4-4769-86e0-096359a87f27",
              "parentUUID": "47a56894-e475-4ceb-a45e-57399415a80c",
              "isHook": false,
              "skipped": false
            },
            {
              "title": "Ambiente: https://ultracargo-pwa.dialog.cm/login?redirect=false",
              "fullTitle": "Validação de URLs Ambiente: https://ultracargo-pwa.dialog.cm/login?redirect=false",
              "timedOut": null,
              "duration": 3902,
              "state": "passed",
              "speed": "fast",
              "pass": true,
              "fail": false,
              "pending": false,
              "context": null,
              "code": "cy.visit(url);\n// Validações da tela\ncy.get('body').should('exist'); // Verifica se o body html foi carregado\ncy.get('[data-testid=\"login.username\"]').should('be.visible'); // Input de login\ncy.get('[data-testid=\"login.password\"]').should('be.visible'); // Input de password\ncy.xpath('//button[contains(., \"Entrar\")]').should('be.visible'); // Button 'Entrar'\ncy.xpath('//a[contains(., \"Comece por aqui\")]').should('be.visible'); // Button 'Comece por aqui'\ncy.xpath('//a[contains(., \"Esqueci minha senha\")]').should('be.visible'); // Link 'Esqueci minha senha'",
              "err": {},
              "uuid": "ca7ea661-fe9c-442d-8e16-7caaa4b89967",
              "parentUUID": "47a56894-e475-4ceb-a45e-57399415a80c",
              "isHook": false,
              "skipped": false
            },
            {
              "title": "Ambiente: https://unimedce-pwa.dialog.cm/login?redirect=false",
              "fullTitle": "Validação de URLs Ambiente: https://unimedce-pwa.dialog.cm/login?redirect=false",
              "timedOut": null,
              "duration": 5061,
              "state": "passed",
              "speed": "medium",
              "pass": true,
              "fail": false,
              "pending": false,
              "context": null,
              "code": "cy.visit(url);\n// Validações da tela\ncy.get('body').should('exist'); // Verifica se o body html foi carregado\ncy.get('[data-testid=\"login.username\"]').should('be.visible'); // Input de login\ncy.get('[data-testid=\"login.password\"]').should('be.visible'); // Input de password\ncy.xpath('//button[contains(., \"Entrar\")]').should('be.visible'); // Button 'Entrar'\ncy.xpath('//a[contains(., \"Comece por aqui\")]').should('be.visible'); // Button 'Comece por aqui'\ncy.xpath('//a[contains(., \"Esqueci minha senha\")]').should('be.visible'); // Link 'Esqueci minha senha'",
              "err": {},
              "uuid": "78fcbf67-2ccf-45bb-a69b-9487f873ad92",
              "parentUUID": "47a56894-e475-4ceb-a45e-57399415a80c",
              "isHook": false,
              "skipped": false
            },
            {
              "title": "Ambiente: https://unimedce-pwa.dialog.cm/login?redirect=false",
              "fullTitle": "Validação de URLs Ambiente: https://unimedce-pwa.dialog.cm/login?redirect=false",
              "timedOut": null,
              "duration": 3576,
              "state": "passed",
              "speed": "fast",
              "pass": true,
              "fail": false,
              "pending": false,
              "context": null,
              "code": "cy.visit(url);\n// Validações da tela\ncy.get('body').should('exist'); // Verifica se o body html foi carregado\ncy.get('[data-testid=\"login.username\"]').should('be.visible'); // Input de login\ncy.get('[data-testid=\"login.password\"]').should('be.visible'); // Input de password\ncy.xpath('//button[contains(., \"Entrar\")]').should('be.visible'); // Button 'Entrar'\ncy.xpath('//a[contains(., \"Comece por aqui\")]').should('be.visible'); // Button 'Comece por aqui'\ncy.xpath('//a[contains(., \"Esqueci minha senha\")]').should('be.visible'); // Link 'Esqueci minha senha'",
              "err": {},
              "uuid": "ee937a33-434a-460d-bba4-1309deb7caae",
              "parentUUID": "47a56894-e475-4ceb-a45e-57399415a80c",
              "isHook": false,
              "skipped": false
            },
            {
              "title": "Ambiente: https://unimed-pwa.dialog.cm/login?redirect=false",
              "fullTitle": "Validação de URLs Ambiente: https://unimed-pwa.dialog.cm/login?redirect=false",
              "timedOut": null,
              "duration": 3406,
              "state": "passed",
              "speed": "fast",
              "pass": true,
              "fail": false,
              "pending": false,
              "context": null,
              "code": "cy.visit(url);\n// Validações da tela\ncy.get('body').should('exist'); // Verifica se o body html foi carregado\ncy.get('[data-testid=\"login.username\"]').should('be.visible'); // Input de login\ncy.get('[data-testid=\"login.password\"]').should('be.visible'); // Input de password\ncy.xpath('//button[contains(., \"Entrar\")]').should('be.visible'); // Button 'Entrar'\ncy.xpath('//a[contains(., \"Comece por aqui\")]').should('be.visible'); // Button 'Comece por aqui'\ncy.xpath('//a[contains(., \"Esqueci minha senha\")]').should('be.visible'); // Link 'Esqueci minha senha'",
              "err": {},
              "uuid": "ed368e14-15a2-4234-90b8-1c90c8d08e67",
              "parentUUID": "47a56894-e475-4ceb-a45e-57399415a80c",
              "isHook": false,
              "skipped": false
            },
            {
              "title": "Ambiente: https://unimedpg-pwa.dialog.cm/login?redirect=false",
              "fullTitle": "Validação de URLs Ambiente: https://unimedpg-pwa.dialog.cm/login?redirect=false",
              "timedOut": null,
              "duration": 3466,
              "state": "passed",
              "speed": "fast",
              "pass": true,
              "fail": false,
              "pending": false,
              "context": null,
              "code": "cy.visit(url);\n// Validações da tela\ncy.get('body').should('exist'); // Verifica se o body html foi carregado\ncy.get('[data-testid=\"login.username\"]').should('be.visible'); // Input de login\ncy.get('[data-testid=\"login.password\"]').should('be.visible'); // Input de password\ncy.xpath('//button[contains(., \"Entrar\")]').should('be.visible'); // Button 'Entrar'\ncy.xpath('//a[contains(., \"Comece por aqui\")]').should('be.visible'); // Button 'Comece por aqui'\ncy.xpath('//a[contains(., \"Esqueci minha senha\")]').should('be.visible'); // Link 'Esqueci minha senha'",
              "err": {},
              "uuid": "6203da0f-d5aa-4162-bcba-0601a69e5783",
              "parentUUID": "47a56894-e475-4ceb-a45e-57399415a80c",
              "isHook": false,
              "skipped": false
            },
            {
              "title": "Ambiente: https://valid-pwa.dialog.cm/login?redirect=false",
              "fullTitle": "Validação de URLs Ambiente: https://valid-pwa.dialog.cm/login?redirect=false",
              "timedOut": null,
              "duration": 3378,
              "state": "passed",
              "speed": "fast",
              "pass": true,
              "fail": false,
              "pending": false,
              "context": null,
              "code": "cy.visit(url);\n// Validações da tela\ncy.get('body').should('exist'); // Verifica se o body html foi carregado\ncy.get('[data-testid=\"login.username\"]').should('be.visible'); // Input de login\ncy.get('[data-testid=\"login.password\"]').should('be.visible'); // Input de password\ncy.xpath('//button[contains(., \"Entrar\")]').should('be.visible'); // Button 'Entrar'\ncy.xpath('//a[contains(., \"Comece por aqui\")]').should('be.visible'); // Button 'Comece por aqui'\ncy.xpath('//a[contains(., \"Esqueci minha senha\")]').should('be.visible'); // Link 'Esqueci minha senha'",
              "err": {},
              "uuid": "1860b24d-21aa-4ced-92b6-f16794e7fe7e",
              "parentUUID": "47a56894-e475-4ceb-a45e-57399415a80c",
              "isHook": false,
              "skipped": false
            },
            {
              "title": "Ambiente: https://viavarejo-pwa.dialog.cm/login?redirect=false",
              "fullTitle": "Validação de URLs Ambiente: https://viavarejo-pwa.dialog.cm/login?redirect=false",
              "timedOut": null,
              "duration": 2981,
              "state": "passed",
              "speed": "fast",
              "pass": true,
              "fail": false,
              "pending": false,
              "context": null,
              "code": "cy.visit(url);\n// Validações da tela\ncy.get('body').should('exist'); // Verifica se o body html foi carregado\ncy.get('[data-testid=\"login.username\"]').should('be.visible'); // Input de login\ncy.get('[data-testid=\"login.password\"]').should('be.visible'); // Input de password\ncy.xpath('//button[contains(., \"Entrar\")]').should('be.visible'); // Button 'Entrar'\ncy.xpath('//a[contains(., \"Comece por aqui\")]').should('be.visible'); // Button 'Comece por aqui'\ncy.xpath('//a[contains(., \"Esqueci minha senha\")]').should('be.visible'); // Link 'Esqueci minha senha'",
              "err": {},
              "uuid": "57e841e0-b8bb-407b-9625-1cf899b3cdd7",
              "parentUUID": "47a56894-e475-4ceb-a45e-57399415a80c",
              "isHook": false,
              "skipped": false
            },
            {
              "title": "Ambiente: https://vivaz-pwa.dialog.cm/login?redirect=false",
              "fullTitle": "Validação de URLs Ambiente: https://vivaz-pwa.dialog.cm/login?redirect=false",
              "timedOut": null,
              "duration": 3523,
              "state": "passed",
              "speed": "fast",
              "pass": true,
              "fail": false,
              "pending": false,
              "context": null,
              "code": "cy.visit(url);\n// Validações da tela\ncy.get('body').should('exist'); // Verifica se o body html foi carregado\ncy.get('[data-testid=\"login.username\"]').should('be.visible'); // Input de login\ncy.get('[data-testid=\"login.password\"]').should('be.visible'); // Input de password\ncy.xpath('//button[contains(., \"Entrar\")]').should('be.visible'); // Button 'Entrar'\ncy.xpath('//a[contains(., \"Comece por aqui\")]').should('be.visible'); // Button 'Comece por aqui'\ncy.xpath('//a[contains(., \"Esqueci minha senha\")]').should('be.visible'); // Link 'Esqueci minha senha'",
              "err": {},
              "uuid": "69e10004-2edd-43a5-b7e7-f1155278efe7",
              "parentUUID": "47a56894-e475-4ceb-a45e-57399415a80c",
              "isHook": false,
              "skipped": false
            },
            {
              "title": "Ambiente: https://zup-pwa.dialog.cm/login?redirect=false",
              "fullTitle": "Validação de URLs Ambiente: https://zup-pwa.dialog.cm/login?redirect=false",
              "timedOut": null,
              "duration": 3263,
              "state": "passed",
              "speed": "fast",
              "pass": true,
              "fail": false,
              "pending": false,
              "context": null,
              "code": "cy.visit(url);\n// Validações da tela\ncy.get('body').should('exist'); // Verifica se o body html foi carregado\ncy.get('[data-testid=\"login.username\"]').should('be.visible'); // Input de login\ncy.get('[data-testid=\"login.password\"]').should('be.visible'); // Input de password\ncy.xpath('//button[contains(., \"Entrar\")]').should('be.visible'); // Button 'Entrar'\ncy.xpath('//a[contains(., \"Comece por aqui\")]').should('be.visible'); // Button 'Comece por aqui'\ncy.xpath('//a[contains(., \"Esqueci minha senha\")]').should('be.visible'); // Link 'Esqueci minha senha'",
              "err": {},
              "uuid": "87e72c10-ddbe-4daa-be17-f645c399fa98",
              "parentUUID": "47a56894-e475-4ceb-a45e-57399415a80c",
              "isHook": false,
              "skipped": false
            }
          ],
          "suites": [],
          "passes": [
            "0ba51b6e-959e-4282-ae97-0fc6674fd0f9",
            "fa773d68-a95e-4bf0-afe1-f7755adc7c73",
            "a1d40080-d352-4cad-8c57-433a9dcb49b7",
            "92d7d1bf-c3e6-40d4-ac5f-a56705b2c755",
            "f6a2c450-75ea-40e8-ab69-23e25cbc3c60",
            "76e7f5ec-0ac0-4d27-901f-8640483b8cfc",
            "0eba6f5b-a6f4-410d-b2cf-2f03d0b2ab2f",
            "a4ad8667-87b4-4cf0-8564-35a48644d96d",
            "de0778f9-2065-4a61-8cf2-e246504e1717",
            "c2b9c2ff-6e72-4243-97bd-9dc59ceee954",
            "252c0be5-dfdd-4c7c-9d7d-a1ff89a4d7bb",
            "88c308f2-ecd3-4ec1-bd1e-55b7d6dbd500",
            "5008751b-10bd-42bb-94f2-e62f775bf23d",
            "619f0918-0fd8-4cae-b407-009fa6e7cd59",
            "0774e85a-1938-4828-8073-d52651a3cc2e",
            "f37ee48e-3f4a-4eb3-a31a-58d3d2f2206d",
            "95712c59-6e09-40b8-9015-fc5284c7d86f",
            "a123b340-1432-4b62-b96b-c864b5a0e485",
            "69cb2e1b-b9eb-4a96-ac67-a0d104b4cb48",
            "fcb232ab-7d18-48f0-b700-d541195401ce",
            "56197b1e-4a29-489b-8c47-59696c406fb8",
            "a444f723-ac55-4e2d-a765-49914442d88e",
            "99446b7f-c83f-466b-967a-697474cd6469",
            "32087bbc-4a18-4929-9c9d-e5c7a0845662",
            "3ce6cbe1-9930-4f1a-b782-e8ab4ae36e01",
            "8d880372-1084-4869-96da-dd3bb50ab6dc",
            "9785feeb-8cbe-4787-bbfe-c85a12304834",
            "47201a1d-3c65-4a49-827d-6f99e4354e10",
            "3806e192-d2a9-4a24-8d10-3fd0f012b313",
            "ccef8b43-be60-4256-9a42-d22649dc2080",
            "25e976a7-d19b-4e96-b0ff-64d41ca27c6b",
            "e0ac9027-eabc-438a-8485-e3981af8abaf",
            "c2385a86-f566-4777-a3b1-4a3f72bd4411",
            "b5a6cc78-074c-453b-8828-4a281c0ba5a7",
            "37dd252b-dc72-4c4e-ac51-bdba8437d2f9",
            "9a24114d-a4a7-4611-be49-3bf8ec74f360",
            "4fc907b5-00e3-400f-b53c-662653537651",
            "51030c61-a26c-477a-899d-a3ef7c0e6ed3",
            "4c1de02d-c7b4-4dfd-ae72-03ff8dba3ea5",
            "6fb0f27f-f468-438c-bb17-1258ba24c0b0",
            "cf1ce637-a083-4e64-a252-76168297131c",
            "307e275c-67a5-4cbb-8764-95ce888eb492",
            "aff3ba5a-87e6-448e-9e07-f665785c0280",
            "0abcad64-c603-4981-b2cd-bb1302eff711",
            "24996ca4-8157-4164-a17f-32bcac61df89",
            "514bb14d-949a-4e71-ace8-74bede11ebf2",
            "325304c4-fc58-4950-81a4-c2d3608b9a01",
            "bb4c1ed4-1976-432a-b242-26ecdda84046",
            "80599e30-119c-4e6d-a484-adfd499e3f92",
            "7d4a6bb4-7b47-4dbb-b928-91cebd38143d",
            "5f2a5735-5766-4974-a9ec-fba09f5e39d8",
            "5c4d25cb-0294-4a91-aca3-4f7047ac404c",
            "43ae2873-18d5-44e0-98ee-048b9444a797",
            "b96f2961-9ce9-4da9-a1ec-edd1f376f4ef",
            "08f85b42-ce63-477f-b7c0-380be9c28ff8",
            "c2623bbb-e378-41d0-87a6-ebe9d616b0e6",
            "85c75eb5-62d4-41f1-86fc-8a7332a73185",
            "75cf7de9-093d-46f6-80be-881cd3438cf0",
            "bf86aee4-4339-4e8d-b05a-d5c2e163d427",
            "81682375-44b8-4ecb-8fa0-3cd6b27bba2e",
            "624625fa-8dd5-478e-a34f-ba0192a829d2",
            "71f0522c-f0b0-4e08-a567-2aac52fb8c45",
            "1b7211ec-6475-4703-99e2-5eb6eb0052f8",
            "4b8decfb-d59f-4534-bcd7-d487a1a062cb",
            "9b11f810-c14e-4ade-a543-cfecf482f853",
            "56e9d0fb-4178-429c-b7e8-1c57974eee5a",
            "2e353b81-7433-434e-a25e-e40bd3b146ae",
            "ad2d9ba7-32f2-4752-a3bb-1a86636191b2",
            "101000df-bad5-4bea-a047-811534f54963",
            "770e3644-acc7-4330-b686-80fb37dc9dc6",
            "622ce58d-4400-4e08-abc0-1a54d648e8da",
            "33e5d3a9-d68a-4ea5-af60-5e3cbe689410",
            "977e0f08-8c59-44e5-93dd-a219d4820a15",
            "85e4ceab-d991-444d-bddb-78d330ed88a1",
            "1ef65497-c4cb-4f7d-8522-b1fb05478835",
            "2d3ef438-7719-4acc-a21f-65791182223c",
            "e1b47832-ad67-4d17-b993-68b9441d5d73",
            "74a18b17-7ad3-43f0-a504-1dcb2842f83d",
            "ee572ce6-ee41-4fd1-bbd7-5ef76b22d619",
            "6e95139d-f741-49b3-9589-d1480c95263b",
            "027e0f0e-37aa-4d49-8c6f-620924271270",
            "60360004-3765-4218-a6d9-f5184786efef",
            "63aeb45b-c70c-4db4-a476-3cf39e283380",
            "8ad6e6f4-b85b-4622-ad9a-d25b425763e4",
            "cd8d98e4-ef06-47a7-a2d2-178a7613f809",
            "75941b0e-185c-491a-bdc8-77ed8881d502",
            "22f1a46f-e949-4a40-8132-78f7f30bfc5c",
            "3fa6e284-e549-4540-863d-7e8c3c44f41d",
            "8ce71394-ac36-4f96-bc2d-ae1fb926eaa3",
            "57f3abc2-e056-4c5e-aca2-e37f8a740beb",
            "ce7c8018-6f61-464c-adaf-55b2973531b8",
            "dc95baa8-6ee9-4cb0-929e-700b75d3ab41",
            "f232aa06-86d2-4711-ad09-687b898a4ba6",
            "9f0d2ec3-48d7-433a-b6d7-0a1e7f40aac1",
            "852ea7c8-8e57-4b56-9738-2d522ef70ac7",
            "d7e989a5-c2bd-488e-baa4-a325fbf2bb47",
            "00a422b2-0bbd-4f60-8a81-292a498f0524",
            "38a81ee3-30cc-4f5f-8b22-458c5e7269a2",
            "62aaa922-b143-4552-940c-12a86846c9a9",
            "20d97d20-8a1c-4df4-b5f0-945844c82437",
            "47be4584-75e1-4a9b-98d8-65b64007f0d7",
            "f6d44407-38ee-4b5b-8413-68579ebde520",
            "a1e4af28-369b-4031-a04c-53c609fb069e",
            "2895ace2-8a62-4cf7-84e3-6676ca3fd303",
            "d6230ee4-e8f4-4769-86e0-096359a87f27",
            "ca7ea661-fe9c-442d-8e16-7caaa4b89967",
            "78fcbf67-2ccf-45bb-a69b-9487f873ad92",
            "ee937a33-434a-460d-bba4-1309deb7caae",
            "ed368e14-15a2-4234-90b8-1c90c8d08e67",
            "6203da0f-d5aa-4162-bcba-0601a69e5783",
            "1860b24d-21aa-4ced-92b6-f16794e7fe7e",
            "57e841e0-b8bb-407b-9625-1cf899b3cdd7",
            "69e10004-2edd-43a5-b7e7-f1155278efe7",
            "87e72c10-ddbe-4daa-be17-f645c399fa98"
          ],
          "failures": [
            "2588788c-ba82-4329-9e85-6010c258ca63",
            "245023c1-20dd-49fb-a6dc-fb54f937e7fa",
            "7c138745-7f9b-460f-aa77-666408cb9384"
          ],
          "pending": [],
          "skipped": [],
          "duration": 769375,
          "root": false,
          "rootEmpty": false,
          "_timeout": 2000
        }
      ],
      "passes": [],
      "failures": [],
      "pending": [],
      "skipped": [],
      "duration": 0,
      "root": true,
      "rootEmpty": true,
      "_timeout": 2000
    }
  ],
  "meta": {
    "mocha": {
      "version": "7.0.1"
    },
    "mochawesome": {
      "options": {
        "quiet": false,
        "reportFilename": "mochawesome",
        "saveHtml": true,
        "saveJson": true,
        "consoleReporter": "spec",
        "useInlineDiffs": false,
        "code": true
      },
      "version": "7.1.3"
    },
    "marge": {
      "options": {
        "reportDir": "cypress/reports"
      },
      "version": "6.2.0"
    }
  }
}