{
  "stats": {
    "suites": 1,
    "tests": 123,
    "passes": 0,
    "pending": 0,
    "failures": 123,
    "start": "2024-01-19T14:36:34.743Z",
    "end": "2024-01-19T14:37:13.647Z",
    "duration": 38904,
    "testsRegistered": 123,
    "passPercent": 0,
    "pendingPercent": 0,
    "other": 0,
    "hasOther": false,
    "skipped": 0,
    "hasSkipped": false
  },
  "results": [
    {
      "uuid": "30310b78-95c4-4daa-8a47-ef751d930fe1",
      "title": "",
      "fullFile": "cypress/e2e/checkRender.cy.js",
      "file": "cypress/e2e/checkRender.cy.js",
      "beforeHooks": [],
      "afterHooks": [],
      "tests": [],
      "suites": [
        {
          "uuid": "74ba9378-ca6f-40b5-b14d-f006f86e8716",
          "title": "Validação de URLs",
          "fullFile": "",
          "file": "",
          "beforeHooks": [],
          "afterHooks": [],
          "tests": [
            {
              "title": "Ambiente: https://dialogqa-pwa.dialog.cm/login?redirect=false",
              "fullTitle": "Validação de URLs Ambiente: https://dialogqa-pwa.dialog.cm/login?redirect=false",
              "timedOut": null,
              "duration": 331,
              "state": "failed",
              "speed": null,
              "pass": false,
              "fail": true,
              "pending": false,
              "context": null,
              "code": "cy.visit(url);\n// Validações da tela\ncy.get('body').should('exist'); // Verifica se o body html foi carregado\ncy.get('[data-testid=\"login.username\"]').should('be.visible'); // Input de login\ncy.get('[data-testid=\"login.password\"]').should('be.visible'); // Input de password\ncy.xpath('//button[contains(., \"Entrar\")]').should('be.visible'); // Button 'Entrar'\ncy.xpath('//a[contains(., \"Comece por aqui\")]').should('be.visible'); // Button 'Comece por aqui'\ncy.xpath('//a[contains(., \"Esqueci minha senha\")]').should('be.visible'); // Link 'Esqueci minha senha'",
              "err": {
                "message": "TypeError: cy.xpath is not a function",
                "estack": "TypeError: cy.xpath is not a function\n    at Context.eval (webpack://checkenvironmentspoc/./cypress/e2e/checkRender.cy.js:14:9)",
                "diff": null
              },
              "uuid": "f949b273-d98f-468d-9359-058310408457",
              "parentUUID": "74ba9378-ca6f-40b5-b14d-f006f86e8716",
              "isHook": false,
              "skipped": false
            },
            {
              "title": "Ambiente: https://somosdialog-pwa.dialog.cm/login?redirect=false",
              "fullTitle": "Validação de URLs Ambiente: https://somosdialog-pwa.dialog.cm/login?redirect=false",
              "timedOut": null,
              "duration": 159,
              "state": "failed",
              "speed": null,
              "pass": false,
              "fail": true,
              "pending": false,
              "context": null,
              "code": "cy.visit(url);\n// Validações da tela\ncy.get('body').should('exist'); // Verifica se o body html foi carregado\ncy.get('[data-testid=\"login.username\"]').should('be.visible'); // Input de login\ncy.get('[data-testid=\"login.password\"]').should('be.visible'); // Input de password\ncy.xpath('//button[contains(., \"Entrar\")]').should('be.visible'); // Button 'Entrar'\ncy.xpath('//a[contains(., \"Comece por aqui\")]').should('be.visible'); // Button 'Comece por aqui'\ncy.xpath('//a[contains(., \"Esqueci minha senha\")]').should('be.visible'); // Link 'Esqueci minha senha'",
              "err": {
                "message": "TypeError: cy.xpath is not a function",
                "estack": "TypeError: cy.xpath is not a function\n    at Context.eval (webpack://checkenvironmentspoc/./cypress/e2e/checkRender.cy.js:14:9)",
                "diff": null
              },
              "uuid": "bd7406e6-da12-49f4-ad9c-9e3b2f21dea6",
              "parentUUID": "74ba9378-ca6f-40b5-b14d-f006f86e8716",
              "isHook": false,
              "skipped": false
            },
            {
              "title": "Ambiente: https://abcdaconstrucao-pwa.dialog.cm/login?redirect=false",
              "fullTitle": "Validação de URLs Ambiente: https://abcdaconstrucao-pwa.dialog.cm/login?redirect=false",
              "timedOut": null,
              "duration": 214,
              "state": "failed",
              "speed": null,
              "pass": false,
              "fail": true,
              "pending": false,
              "context": null,
              "code": "cy.visit(url);\n// Validações da tela\ncy.get('body').should('exist'); // Verifica se o body html foi carregado\ncy.get('[data-testid=\"login.username\"]').should('be.visible'); // Input de login\ncy.get('[data-testid=\"login.password\"]').should('be.visible'); // Input de password\ncy.xpath('//button[contains(., \"Entrar\")]').should('be.visible'); // Button 'Entrar'\ncy.xpath('//a[contains(., \"Comece por aqui\")]').should('be.visible'); // Button 'Comece por aqui'\ncy.xpath('//a[contains(., \"Esqueci minha senha\")]').should('be.visible'); // Link 'Esqueci minha senha'",
              "err": {
                "message": "TypeError: cy.xpath is not a function",
                "estack": "TypeError: cy.xpath is not a function\n    at Context.eval (webpack://checkenvironmentspoc/./cypress/e2e/checkRender.cy.js:14:9)",
                "diff": null
              },
              "uuid": "ba391378-d91b-4d58-a9ff-0cd48a8bafb0",
              "parentUUID": "74ba9378-ca6f-40b5-b14d-f006f86e8716",
              "isHook": false,
              "skipped": false
            },
            {
              "title": "Ambiente: https://adecoapp.com.br/login?redirect=false",
              "fullTitle": "Validação de URLs Ambiente: https://adecoapp.com.br/login?redirect=false",
              "timedOut": null,
              "duration": 166,
              "state": "failed",
              "speed": null,
              "pass": false,
              "fail": true,
              "pending": false,
              "context": null,
              "code": "cy.visit(url);\n// Validações da tela\ncy.get('body').should('exist'); // Verifica se o body html foi carregado\ncy.get('[data-testid=\"login.username\"]').should('be.visible'); // Input de login\ncy.get('[data-testid=\"login.password\"]').should('be.visible'); // Input de password\ncy.xpath('//button[contains(., \"Entrar\")]').should('be.visible'); // Button 'Entrar'\ncy.xpath('//a[contains(., \"Comece por aqui\")]').should('be.visible'); // Button 'Comece por aqui'\ncy.xpath('//a[contains(., \"Esqueci minha senha\")]').should('be.visible'); // Link 'Esqueci minha senha'",
              "err": {
                "message": "TypeError: cy.xpath is not a function",
                "estack": "TypeError: cy.xpath is not a function\n    at Context.eval (webpack://checkenvironmentspoc/./cypress/e2e/checkRender.cy.js:14:9)",
                "diff": null
              },
              "uuid": "965f0451-764f-4f95-8e0a-1e2a30259291",
              "parentUUID": "74ba9378-ca6f-40b5-b14d-f006f86e8716",
              "isHook": false,
              "skipped": false
            },
            {
              "title": "Ambiente: https://allied-pwa.dialog.cm/login?redirect=false",
              "fullTitle": "Validação de URLs Ambiente: https://allied-pwa.dialog.cm/login?redirect=false",
              "timedOut": null,
              "duration": 143,
              "state": "failed",
              "speed": null,
              "pass": false,
              "fail": true,
              "pending": false,
              "context": null,
              "code": "cy.visit(url);\n// Validações da tela\ncy.get('body').should('exist'); // Verifica se o body html foi carregado\ncy.get('[data-testid=\"login.username\"]').should('be.visible'); // Input de login\ncy.get('[data-testid=\"login.password\"]').should('be.visible'); // Input de password\ncy.xpath('//button[contains(., \"Entrar\")]').should('be.visible'); // Button 'Entrar'\ncy.xpath('//a[contains(., \"Comece por aqui\")]').should('be.visible'); // Button 'Comece por aqui'\ncy.xpath('//a[contains(., \"Esqueci minha senha\")]').should('be.visible'); // Link 'Esqueci minha senha'",
              "err": {
                "message": "TypeError: cy.xpath is not a function",
                "estack": "TypeError: cy.xpath is not a function\n    at Context.eval (webpack://checkenvironmentspoc/./cypress/e2e/checkRender.cy.js:14:9)",
                "diff": null
              },
              "uuid": "9017f8d2-20c4-485b-9968-8d5169cbefc3",
              "parentUUID": "74ba9378-ca6f-40b5-b14d-f006f86e8716",
              "isHook": false,
              "skipped": false
            },
            {
              "title": "Ambiente: https://amaggi-pwa.dialog.cm/login?redirect=false",
              "fullTitle": "Validação de URLs Ambiente: https://amaggi-pwa.dialog.cm/login?redirect=false",
              "timedOut": null,
              "duration": 198,
              "state": "failed",
              "speed": null,
              "pass": false,
              "fail": true,
              "pending": false,
              "context": null,
              "code": "cy.visit(url);\n// Validações da tela\ncy.get('body').should('exist'); // Verifica se o body html foi carregado\ncy.get('[data-testid=\"login.username\"]').should('be.visible'); // Input de login\ncy.get('[data-testid=\"login.password\"]').should('be.visible'); // Input de password\ncy.xpath('//button[contains(., \"Entrar\")]').should('be.visible'); // Button 'Entrar'\ncy.xpath('//a[contains(., \"Comece por aqui\")]').should('be.visible'); // Button 'Comece por aqui'\ncy.xpath('//a[contains(., \"Esqueci minha senha\")]').should('be.visible'); // Link 'Esqueci minha senha'",
              "err": {
                "message": "TypeError: cy.xpath is not a function",
                "estack": "TypeError: cy.xpath is not a function\n    at Context.eval (webpack://checkenvironmentspoc/./cypress/e2e/checkRender.cy.js:14:9)",
                "diff": null
              },
              "uuid": "d49d5b64-243a-4cee-ac33-717cd0c2720b",
              "parentUUID": "74ba9378-ca6f-40b5-b14d-f006f86e8716",
              "isHook": false,
              "skipped": false
            },
            {
              "title": "Ambiente: https://ancar-pwa.dialog.cm/login?redirect=false",
              "fullTitle": "Validação de URLs Ambiente: https://ancar-pwa.dialog.cm/login?redirect=false",
              "timedOut": null,
              "duration": 147,
              "state": "failed",
              "speed": null,
              "pass": false,
              "fail": true,
              "pending": false,
              "context": null,
              "code": "cy.visit(url);\n// Validações da tela\ncy.get('body').should('exist'); // Verifica se o body html foi carregado\ncy.get('[data-testid=\"login.username\"]').should('be.visible'); // Input de login\ncy.get('[data-testid=\"login.password\"]').should('be.visible'); // Input de password\ncy.xpath('//button[contains(., \"Entrar\")]').should('be.visible'); // Button 'Entrar'\ncy.xpath('//a[contains(., \"Comece por aqui\")]').should('be.visible'); // Button 'Comece por aqui'\ncy.xpath('//a[contains(., \"Esqueci minha senha\")]').should('be.visible'); // Link 'Esqueci minha senha'",
              "err": {
                "message": "TypeError: cy.xpath is not a function",
                "estack": "TypeError: cy.xpath is not a function\n    at Context.eval (webpack://checkenvironmentspoc/./cypress/e2e/checkRender.cy.js:14:9)",
                "diff": null
              },
              "uuid": "56fae4e6-7e7c-4306-bacd-c1ceacea2846",
              "parentUUID": "74ba9378-ca6f-40b5-b14d-f006f86e8716",
              "isHook": false,
              "skipped": false
            },
            {
              "title": "Ambiente: https://arcelormittal-pwa.dialog.cm/login?redirect=false",
              "fullTitle": "Validação de URLs Ambiente: https://arcelormittal-pwa.dialog.cm/login?redirect=false",
              "timedOut": null,
              "duration": 151,
              "state": "failed",
              "speed": null,
              "pass": false,
              "fail": true,
              "pending": false,
              "context": null,
              "code": "cy.visit(url);\n// Validações da tela\ncy.get('body').should('exist'); // Verifica se o body html foi carregado\ncy.get('[data-testid=\"login.username\"]').should('be.visible'); // Input de login\ncy.get('[data-testid=\"login.password\"]').should('be.visible'); // Input de password\ncy.xpath('//button[contains(., \"Entrar\")]').should('be.visible'); // Button 'Entrar'\ncy.xpath('//a[contains(., \"Comece por aqui\")]').should('be.visible'); // Button 'Comece por aqui'\ncy.xpath('//a[contains(., \"Esqueci minha senha\")]').should('be.visible'); // Link 'Esqueci minha senha'",
              "err": {
                "message": "TypeError: cy.xpath is not a function",
                "estack": "TypeError: cy.xpath is not a function\n    at Context.eval (webpack://checkenvironmentspoc/./cypress/e2e/checkRender.cy.js:14:9)",
                "diff": null
              },
              "uuid": "995d39bf-d04e-4da8-b79b-66b691b2baec",
              "parentUUID": "74ba9378-ca6f-40b5-b14d-f006f86e8716",
              "isHook": false,
              "skipped": false
            },
            {
              "title": "Ambiente: https://armac-pwa.dialog.cm/login?redirect=false",
              "fullTitle": "Validação de URLs Ambiente: https://armac-pwa.dialog.cm/login?redirect=false",
              "timedOut": null,
              "duration": 143,
              "state": "failed",
              "speed": null,
              "pass": false,
              "fail": true,
              "pending": false,
              "context": null,
              "code": "cy.visit(url);\n// Validações da tela\ncy.get('body').should('exist'); // Verifica se o body html foi carregado\ncy.get('[data-testid=\"login.username\"]').should('be.visible'); // Input de login\ncy.get('[data-testid=\"login.password\"]').should('be.visible'); // Input de password\ncy.xpath('//button[contains(., \"Entrar\")]').should('be.visible'); // Button 'Entrar'\ncy.xpath('//a[contains(., \"Comece por aqui\")]').should('be.visible'); // Button 'Comece por aqui'\ncy.xpath('//a[contains(., \"Esqueci minha senha\")]').should('be.visible'); // Link 'Esqueci minha senha'",
              "err": {
                "message": "TypeError: cy.xpath is not a function",
                "estack": "TypeError: cy.xpath is not a function\n    at Context.eval (webpack://checkenvironmentspoc/./cypress/e2e/checkRender.cy.js:14:9)",
                "diff": null
              },
              "uuid": "e396165a-7625-4eb3-8226-535a04fe3467",
              "parentUUID": "74ba9378-ca6f-40b5-b14d-f006f86e8716",
              "isHook": false,
              "skipped": false
            },
            {
              "title": "Ambiente: https://arsystem-pwa.dialog.cm/login?redirect=false",
              "fullTitle": "Validação de URLs Ambiente: https://arsystem-pwa.dialog.cm/login?redirect=false",
              "timedOut": null,
              "duration": 204,
              "state": "failed",
              "speed": null,
              "pass": false,
              "fail": true,
              "pending": false,
              "context": null,
              "code": "cy.visit(url);\n// Validações da tela\ncy.get('body').should('exist'); // Verifica se o body html foi carregado\ncy.get('[data-testid=\"login.username\"]').should('be.visible'); // Input de login\ncy.get('[data-testid=\"login.password\"]').should('be.visible'); // Input de password\ncy.xpath('//button[contains(., \"Entrar\")]').should('be.visible'); // Button 'Entrar'\ncy.xpath('//a[contains(., \"Comece por aqui\")]').should('be.visible'); // Button 'Comece por aqui'\ncy.xpath('//a[contains(., \"Esqueci minha senha\")]').should('be.visible'); // Link 'Esqueci minha senha'",
              "err": {
                "message": "TypeError: cy.xpath is not a function",
                "estack": "TypeError: cy.xpath is not a function\n    at Context.eval (webpack://checkenvironmentspoc/./cypress/e2e/checkRender.cy.js:14:9)",
                "diff": null
              },
              "uuid": "d192873b-79e6-4748-895f-066428c5a46e",
              "parentUUID": "74ba9378-ca6f-40b5-b14d-f006f86e8716",
              "isHook": false,
              "skipped": false
            },
            {
              "title": "Ambiente: https://arteris-pwa.dialog.cm/login?redirect=false",
              "fullTitle": "Validação de URLs Ambiente: https://arteris-pwa.dialog.cm/login?redirect=false",
              "timedOut": null,
              "duration": 201,
              "state": "failed",
              "speed": null,
              "pass": false,
              "fail": true,
              "pending": false,
              "context": null,
              "code": "cy.visit(url);\n// Validações da tela\ncy.get('body').should('exist'); // Verifica se o body html foi carregado\ncy.get('[data-testid=\"login.username\"]').should('be.visible'); // Input de login\ncy.get('[data-testid=\"login.password\"]').should('be.visible'); // Input de password\ncy.xpath('//button[contains(., \"Entrar\")]').should('be.visible'); // Button 'Entrar'\ncy.xpath('//a[contains(., \"Comece por aqui\")]').should('be.visible'); // Button 'Comece por aqui'\ncy.xpath('//a[contains(., \"Esqueci minha senha\")]').should('be.visible'); // Link 'Esqueci minha senha'",
              "err": {
                "message": "TypeError: cy.xpath is not a function",
                "estack": "TypeError: cy.xpath is not a function\n    at Context.eval (webpack://checkenvironmentspoc/./cypress/e2e/checkRender.cy.js:14:9)",
                "diff": null
              },
              "uuid": "f2d33eea-0607-4d1d-b4bc-c344bc67480c",
              "parentUUID": "74ba9378-ca6f-40b5-b14d-f006f86e8716",
              "isHook": false,
              "skipped": false
            },
            {
              "title": "Ambiente: https://aster-pwa.dialog.cm/login?redirect=false",
              "fullTitle": "Validação de URLs Ambiente: https://aster-pwa.dialog.cm/login?redirect=false",
              "timedOut": null,
              "duration": 165,
              "state": "failed",
              "speed": null,
              "pass": false,
              "fail": true,
              "pending": false,
              "context": null,
              "code": "cy.visit(url);\n// Validações da tela\ncy.get('body').should('exist'); // Verifica se o body html foi carregado\ncy.get('[data-testid=\"login.username\"]').should('be.visible'); // Input de login\ncy.get('[data-testid=\"login.password\"]').should('be.visible'); // Input de password\ncy.xpath('//button[contains(., \"Entrar\")]').should('be.visible'); // Button 'Entrar'\ncy.xpath('//a[contains(., \"Comece por aqui\")]').should('be.visible'); // Button 'Comece por aqui'\ncy.xpath('//a[contains(., \"Esqueci minha senha\")]').should('be.visible'); // Link 'Esqueci minha senha'",
              "err": {
                "message": "TypeError: cy.xpath is not a function",
                "estack": "TypeError: cy.xpath is not a function\n    at Context.eval (webpack://checkenvironmentspoc/./cypress/e2e/checkRender.cy.js:14:9)",
                "diff": null
              },
              "uuid": "0ba5f2d4-a739-46ba-a92b-e40f3f11bcd0",
              "parentUUID": "74ba9378-ca6f-40b5-b14d-f006f86e8716",
              "isHook": false,
              "skipped": false
            },
            {
              "title": "Ambiente: https://atlantica-pwa.dialog.cm/login?redirect=false",
              "fullTitle": "Validação de URLs Ambiente: https://atlantica-pwa.dialog.cm/login?redirect=false",
              "timedOut": null,
              "duration": 167,
              "state": "failed",
              "speed": null,
              "pass": false,
              "fail": true,
              "pending": false,
              "context": null,
              "code": "cy.visit(url);\n// Validações da tela\ncy.get('body').should('exist'); // Verifica se o body html foi carregado\ncy.get('[data-testid=\"login.username\"]').should('be.visible'); // Input de login\ncy.get('[data-testid=\"login.password\"]').should('be.visible'); // Input de password\ncy.xpath('//button[contains(., \"Entrar\")]').should('be.visible'); // Button 'Entrar'\ncy.xpath('//a[contains(., \"Comece por aqui\")]').should('be.visible'); // Button 'Comece por aqui'\ncy.xpath('//a[contains(., \"Esqueci minha senha\")]').should('be.visible'); // Link 'Esqueci minha senha'",
              "err": {
                "message": "TypeError: cy.xpath is not a function",
                "estack": "TypeError: cy.xpath is not a function\n    at Context.eval (webpack://checkenvironmentspoc/./cypress/e2e/checkRender.cy.js:14:9)",
                "diff": null
              },
              "uuid": "3e3e08de-a04e-4425-b790-44bf92361a5d",
              "parentUUID": "74ba9378-ca6f-40b5-b14d-f006f86e8716",
              "isHook": false,
              "skipped": false
            },
            {
              "title": "Ambiente: https://bahamas-pwa.dialog.cm/login/login?redirect=false",
              "fullTitle": "Validação de URLs Ambiente: https://bahamas-pwa.dialog.cm/login/login?redirect=false",
              "timedOut": null,
              "duration": 168,
              "state": "failed",
              "speed": null,
              "pass": false,
              "fail": true,
              "pending": false,
              "context": null,
              "code": "cy.visit(url);\n// Validações da tela\ncy.get('body').should('exist'); // Verifica se o body html foi carregado\ncy.get('[data-testid=\"login.username\"]').should('be.visible'); // Input de login\ncy.get('[data-testid=\"login.password\"]').should('be.visible'); // Input de password\ncy.xpath('//button[contains(., \"Entrar\")]').should('be.visible'); // Button 'Entrar'\ncy.xpath('//a[contains(., \"Comece por aqui\")]').should('be.visible'); // Button 'Comece por aqui'\ncy.xpath('//a[contains(., \"Esqueci minha senha\")]').should('be.visible'); // Link 'Esqueci minha senha'",
              "err": {
                "message": "TypeError: cy.xpath is not a function",
                "estack": "TypeError: cy.xpath is not a function\n    at Context.eval (webpack://checkenvironmentspoc/./cypress/e2e/checkRender.cy.js:14:9)",
                "diff": null
              },
              "uuid": "2654f05c-3f4a-43b6-ab5f-cb709c71f848",
              "parentUUID": "74ba9378-ca6f-40b5-b14d-f006f86e8716",
              "isHook": false,
              "skipped": false
            },
            {
              "title": "Ambiente: https://somosmais.grupobahamas.com.br/login?redirect=false",
              "fullTitle": "Validação de URLs Ambiente: https://somosmais.grupobahamas.com.br/login?redirect=false",
              "timedOut": null,
              "duration": 151,
              "state": "failed",
              "speed": null,
              "pass": false,
              "fail": true,
              "pending": false,
              "context": null,
              "code": "cy.visit(url);\n// Validações da tela\ncy.get('body').should('exist'); // Verifica se o body html foi carregado\ncy.get('[data-testid=\"login.username\"]').should('be.visible'); // Input de login\ncy.get('[data-testid=\"login.password\"]').should('be.visible'); // Input de password\ncy.xpath('//button[contains(., \"Entrar\")]').should('be.visible'); // Button 'Entrar'\ncy.xpath('//a[contains(., \"Comece por aqui\")]').should('be.visible'); // Button 'Comece por aqui'\ncy.xpath('//a[contains(., \"Esqueci minha senha\")]').should('be.visible'); // Link 'Esqueci minha senha'",
              "err": {
                "message": "TypeError: cy.xpath is not a function",
                "estack": "TypeError: cy.xpath is not a function\n    at Context.eval (webpack://checkenvironmentspoc/./cypress/e2e/checkRender.cy.js:14:9)",
                "diff": null
              },
              "uuid": "c6909494-4498-401b-9330-4bc65f30e296",
              "parentUUID": "74ba9378-ca6f-40b5-b14d-f006f86e8716",
              "isHook": false,
              "skipped": false
            },
            {
              "title": "Ambiente: https://band-pwa.dialog.cm/login?redirect=false",
              "fullTitle": "Validação de URLs Ambiente: https://band-pwa.dialog.cm/login?redirect=false",
              "timedOut": null,
              "duration": 168,
              "state": "failed",
              "speed": null,
              "pass": false,
              "fail": true,
              "pending": false,
              "context": null,
              "code": "cy.visit(url);\n// Validações da tela\ncy.get('body').should('exist'); // Verifica se o body html foi carregado\ncy.get('[data-testid=\"login.username\"]').should('be.visible'); // Input de login\ncy.get('[data-testid=\"login.password\"]').should('be.visible'); // Input de password\ncy.xpath('//button[contains(., \"Entrar\")]').should('be.visible'); // Button 'Entrar'\ncy.xpath('//a[contains(., \"Comece por aqui\")]').should('be.visible'); // Button 'Comece por aqui'\ncy.xpath('//a[contains(., \"Esqueci minha senha\")]').should('be.visible'); // Link 'Esqueci minha senha'",
              "err": {
                "message": "TypeError: cy.xpath is not a function",
                "estack": "TypeError: cy.xpath is not a function\n    at Context.eval (webpack://checkenvironmentspoc/./cypress/e2e/checkRender.cy.js:14:9)",
                "diff": null
              },
              "uuid": "7505b1c3-6c72-4492-841c-9da6a00fc7cb",
              "parentUUID": "74ba9378-ca6f-40b5-b14d-f006f86e8716",
              "isHook": false,
              "skipped": false
            },
            {
              "title": "Ambiente: https://bat-pwa.dialog.cm/login?redirect=false",
              "fullTitle": "Validação de URLs Ambiente: https://bat-pwa.dialog.cm/login?redirect=false",
              "timedOut": null,
              "duration": 185,
              "state": "failed",
              "speed": null,
              "pass": false,
              "fail": true,
              "pending": false,
              "context": null,
              "code": "cy.visit(url);\n// Validações da tela\ncy.get('body').should('exist'); // Verifica se o body html foi carregado\ncy.get('[data-testid=\"login.username\"]').should('be.visible'); // Input de login\ncy.get('[data-testid=\"login.password\"]').should('be.visible'); // Input de password\ncy.xpath('//button[contains(., \"Entrar\")]').should('be.visible'); // Button 'Entrar'\ncy.xpath('//a[contains(., \"Comece por aqui\")]').should('be.visible'); // Button 'Comece por aqui'\ncy.xpath('//a[contains(., \"Esqueci minha senha\")]').should('be.visible'); // Link 'Esqueci minha senha'",
              "err": {
                "message": "TypeError: cy.xpath is not a function",
                "estack": "TypeError: cy.xpath is not a function\n    at Context.eval (webpack://checkenvironmentspoc/./cypress/e2e/checkRender.cy.js:14:9)",
                "diff": null
              },
              "uuid": "a06e5044-0fc6-49d3-82fd-40c157ba020d",
              "parentUUID": "74ba9378-ca6f-40b5-b14d-f006f86e8716",
              "isHook": false,
              "skipped": false
            },
            {
              "title": "Ambiente: https://beontag-pwa.dialog.cm/login?redirect=false",
              "fullTitle": "Validação de URLs Ambiente: https://beontag-pwa.dialog.cm/login?redirect=false",
              "timedOut": null,
              "duration": 250,
              "state": "failed",
              "speed": null,
              "pass": false,
              "fail": true,
              "pending": false,
              "context": null,
              "code": "cy.visit(url);\n// Validações da tela\ncy.get('body').should('exist'); // Verifica se o body html foi carregado\ncy.get('[data-testid=\"login.username\"]').should('be.visible'); // Input de login\ncy.get('[data-testid=\"login.password\"]').should('be.visible'); // Input de password\ncy.xpath('//button[contains(., \"Entrar\")]').should('be.visible'); // Button 'Entrar'\ncy.xpath('//a[contains(., \"Comece por aqui\")]').should('be.visible'); // Button 'Comece por aqui'\ncy.xpath('//a[contains(., \"Esqueci minha senha\")]').should('be.visible'); // Link 'Esqueci minha senha'",
              "err": {
                "message": "TypeError: cy.xpath is not a function",
                "estack": "TypeError: cy.xpath is not a function\n    at Context.eval (webpack://checkenvironmentspoc/./cypress/e2e/checkRender.cy.js:14:9)",
                "diff": null
              },
              "uuid": "4a725e34-caad-4003-abe5-ae4628bdfe6b",
              "parentUUID": "74ba9378-ca6f-40b5-b14d-f006f86e8716",
              "isHook": false,
              "skipped": false
            },
            {
              "title": "Ambiente: https://biolab-pwa.dialog.cm/login?redirect=false",
              "fullTitle": "Validação de URLs Ambiente: https://biolab-pwa.dialog.cm/login?redirect=false",
              "timedOut": null,
              "duration": 175,
              "state": "failed",
              "speed": null,
              "pass": false,
              "fail": true,
              "pending": false,
              "context": null,
              "code": "cy.visit(url);\n// Validações da tela\ncy.get('body').should('exist'); // Verifica se o body html foi carregado\ncy.get('[data-testid=\"login.username\"]').should('be.visible'); // Input de login\ncy.get('[data-testid=\"login.password\"]').should('be.visible'); // Input de password\ncy.xpath('//button[contains(., \"Entrar\")]').should('be.visible'); // Button 'Entrar'\ncy.xpath('//a[contains(., \"Comece por aqui\")]').should('be.visible'); // Button 'Comece por aqui'\ncy.xpath('//a[contains(., \"Esqueci minha senha\")]').should('be.visible'); // Link 'Esqueci minha senha'",
              "err": {
                "message": "TypeError: cy.xpath is not a function",
                "estack": "TypeError: cy.xpath is not a function\n    at Context.eval (webpack://checkenvironmentspoc/./cypress/e2e/checkRender.cy.js:14:9)",
                "diff": null
              },
              "uuid": "b2ef9aed-5e92-4482-ab0f-6fd61140378e",
              "parentUUID": "74ba9378-ca6f-40b5-b14d-f006f86e8716",
              "isHook": false,
              "skipped": false
            },
            {
              "title": "Ambiente: https://bpbunge-pwa.dialog.cm/login?redirect=false",
              "fullTitle": "Validação de URLs Ambiente: https://bpbunge-pwa.dialog.cm/login?redirect=false",
              "timedOut": null,
              "duration": 272,
              "state": "failed",
              "speed": null,
              "pass": false,
              "fail": true,
              "pending": false,
              "context": null,
              "code": "cy.visit(url);\n// Validações da tela\ncy.get('body').should('exist'); // Verifica se o body html foi carregado\ncy.get('[data-testid=\"login.username\"]').should('be.visible'); // Input de login\ncy.get('[data-testid=\"login.password\"]').should('be.visible'); // Input de password\ncy.xpath('//button[contains(., \"Entrar\")]').should('be.visible'); // Button 'Entrar'\ncy.xpath('//a[contains(., \"Comece por aqui\")]').should('be.visible'); // Button 'Comece por aqui'\ncy.xpath('//a[contains(., \"Esqueci minha senha\")]').should('be.visible'); // Link 'Esqueci minha senha'",
              "err": {
                "message": "TypeError: cy.xpath is not a function",
                "estack": "TypeError: cy.xpath is not a function\n    at Context.eval (webpack://checkenvironmentspoc/./cypress/e2e/checkRender.cy.js:14:9)",
                "diff": null
              },
              "uuid": "2ae89579-01fe-4415-bba3-f2f0fa4f805d",
              "parentUUID": "74ba9378-ca6f-40b5-b14d-f006f86e8716",
              "isHook": false,
              "skipped": false
            },
            {
              "title": "Ambiente: https://braveo-pwa.dialog.cm/login?redirect=false",
              "fullTitle": "Validação de URLs Ambiente: https://braveo-pwa.dialog.cm/login?redirect=false",
              "timedOut": null,
              "duration": 173,
              "state": "failed",
              "speed": null,
              "pass": false,
              "fail": true,
              "pending": false,
              "context": null,
              "code": "cy.visit(url);\n// Validações da tela\ncy.get('body').should('exist'); // Verifica se o body html foi carregado\ncy.get('[data-testid=\"login.username\"]').should('be.visible'); // Input de login\ncy.get('[data-testid=\"login.password\"]').should('be.visible'); // Input de password\ncy.xpath('//button[contains(., \"Entrar\")]').should('be.visible'); // Button 'Entrar'\ncy.xpath('//a[contains(., \"Comece por aqui\")]').should('be.visible'); // Button 'Comece por aqui'\ncy.xpath('//a[contains(., \"Esqueci minha senha\")]').should('be.visible'); // Link 'Esqueci minha senha'",
              "err": {
                "message": "TypeError: cy.xpath is not a function",
                "estack": "TypeError: cy.xpath is not a function\n    at Context.eval (webpack://checkenvironmentspoc/./cypress/e2e/checkRender.cy.js:14:9)",
                "diff": null
              },
              "uuid": "8ba09cf7-ac44-4924-9507-b4ab0110de88",
              "parentUUID": "74ba9378-ca6f-40b5-b14d-f006f86e8716",
              "isHook": false,
              "skipped": false
            },
            {
              "title": "Ambiente: https://brl-pwa.dialog.cm/login?redirect=false",
              "fullTitle": "Validação de URLs Ambiente: https://brl-pwa.dialog.cm/login?redirect=false",
              "timedOut": null,
              "duration": 154,
              "state": "failed",
              "speed": null,
              "pass": false,
              "fail": true,
              "pending": false,
              "context": null,
              "code": "cy.visit(url);\n// Validações da tela\ncy.get('body').should('exist'); // Verifica se o body html foi carregado\ncy.get('[data-testid=\"login.username\"]').should('be.visible'); // Input de login\ncy.get('[data-testid=\"login.password\"]').should('be.visible'); // Input de password\ncy.xpath('//button[contains(., \"Entrar\")]').should('be.visible'); // Button 'Entrar'\ncy.xpath('//a[contains(., \"Comece por aqui\")]').should('be.visible'); // Button 'Comece por aqui'\ncy.xpath('//a[contains(., \"Esqueci minha senha\")]').should('be.visible'); // Link 'Esqueci minha senha'",
              "err": {
                "message": "TypeError: cy.xpath is not a function",
                "estack": "TypeError: cy.xpath is not a function\n    at Context.eval (webpack://checkenvironmentspoc/./cypress/e2e/checkRender.cy.js:14:9)",
                "diff": null
              },
              "uuid": "210fef5c-abdb-49f7-ab2d-71aac13ce1ed",
              "parentUUID": "74ba9378-ca6f-40b5-b14d-f006f86e8716",
              "isHook": false,
              "skipped": false
            },
            {
              "title": "Ambiente: https://camargocorrea-pwa.dialog.cm/login?redirect=false",
              "fullTitle": "Validação de URLs Ambiente: https://camargocorrea-pwa.dialog.cm/login?redirect=false",
              "timedOut": null,
              "duration": 171,
              "state": "failed",
              "speed": null,
              "pass": false,
              "fail": true,
              "pending": false,
              "context": null,
              "code": "cy.visit(url);\n// Validações da tela\ncy.get('body').should('exist'); // Verifica se o body html foi carregado\ncy.get('[data-testid=\"login.username\"]').should('be.visible'); // Input de login\ncy.get('[data-testid=\"login.password\"]').should('be.visible'); // Input de password\ncy.xpath('//button[contains(., \"Entrar\")]').should('be.visible'); // Button 'Entrar'\ncy.xpath('//a[contains(., \"Comece por aqui\")]').should('be.visible'); // Button 'Comece por aqui'\ncy.xpath('//a[contains(., \"Esqueci minha senha\")]').should('be.visible'); // Link 'Esqueci minha senha'",
              "err": {
                "message": "TypeError: cy.xpath is not a function",
                "estack": "TypeError: cy.xpath is not a function\n    at Context.eval (webpack://checkenvironmentspoc/./cypress/e2e/checkRender.cy.js:14:9)",
                "diff": null
              },
              "uuid": "70b35ade-6761-4b14-bf7c-e81fbfdf0d9d",
              "parentUUID": "74ba9378-ca6f-40b5-b14d-f006f86e8716",
              "isHook": false,
              "skipped": false
            },
            {
              "title": "Ambiente: https://ceci-pwa.dialog.cm/home/login?redirect=false",
              "fullTitle": "Validação de URLs Ambiente: https://ceci-pwa.dialog.cm/home/login?redirect=false",
              "timedOut": null,
              "duration": 214,
              "state": "failed",
              "speed": null,
              "pass": false,
              "fail": true,
              "pending": false,
              "context": null,
              "code": "cy.visit(url);\n// Validações da tela\ncy.get('body').should('exist'); // Verifica se o body html foi carregado\ncy.get('[data-testid=\"login.username\"]').should('be.visible'); // Input de login\ncy.get('[data-testid=\"login.password\"]').should('be.visible'); // Input de password\ncy.xpath('//button[contains(., \"Entrar\")]').should('be.visible'); // Button 'Entrar'\ncy.xpath('//a[contains(., \"Comece por aqui\")]').should('be.visible'); // Button 'Comece por aqui'\ncy.xpath('//a[contains(., \"Esqueci minha senha\")]').should('be.visible'); // Link 'Esqueci minha senha'",
              "err": {
                "message": "TypeError: cy.xpath is not a function",
                "estack": "TypeError: cy.xpath is not a function\n    at Context.eval (webpack://checkenvironmentspoc/./cypress/e2e/checkRender.cy.js:14:9)",
                "diff": null
              },
              "uuid": "792f0e9c-c7a1-465b-9346-9476fa8c7c7f",
              "parentUUID": "74ba9378-ca6f-40b5-b14d-f006f86e8716",
              "isHook": false,
              "skipped": false
            },
            {
              "title": "Ambiente: https://cbm-pwa.dialog.cm/login?redirect=false",
              "fullTitle": "Validação de URLs Ambiente: https://cbm-pwa.dialog.cm/login?redirect=false",
              "timedOut": null,
              "duration": 167,
              "state": "failed",
              "speed": null,
              "pass": false,
              "fail": true,
              "pending": false,
              "context": null,
              "code": "cy.visit(url);\n// Validações da tela\ncy.get('body').should('exist'); // Verifica se o body html foi carregado\ncy.get('[data-testid=\"login.username\"]').should('be.visible'); // Input de login\ncy.get('[data-testid=\"login.password\"]').should('be.visible'); // Input de password\ncy.xpath('//button[contains(., \"Entrar\")]').should('be.visible'); // Button 'Entrar'\ncy.xpath('//a[contains(., \"Comece por aqui\")]').should('be.visible'); // Button 'Comece por aqui'\ncy.xpath('//a[contains(., \"Esqueci minha senha\")]').should('be.visible'); // Link 'Esqueci minha senha'",
              "err": {
                "message": "TypeError: cy.xpath is not a function",
                "estack": "TypeError: cy.xpath is not a function\n    at Context.eval (webpack://checkenvironmentspoc/./cypress/e2e/checkRender.cy.js:14:9)",
                "diff": null
              },
              "uuid": "eb6d3675-32c4-47dc-84df-dfbe19c6aad0",
              "parentUUID": "74ba9378-ca6f-40b5-b14d-f006f86e8716",
              "isHook": false,
              "skipped": false
            },
            {
              "title": "Ambiente: https://maisclamed.com.br/login/login?redirect=false",
              "fullTitle": "Validação de URLs Ambiente: https://maisclamed.com.br/login/login?redirect=false",
              "timedOut": null,
              "duration": 168,
              "state": "failed",
              "speed": null,
              "pass": false,
              "fail": true,
              "pending": false,
              "context": null,
              "code": "cy.visit(url);\n// Validações da tela\ncy.get('body').should('exist'); // Verifica se o body html foi carregado\ncy.get('[data-testid=\"login.username\"]').should('be.visible'); // Input de login\ncy.get('[data-testid=\"login.password\"]').should('be.visible'); // Input de password\ncy.xpath('//button[contains(., \"Entrar\")]').should('be.visible'); // Button 'Entrar'\ncy.xpath('//a[contains(., \"Comece por aqui\")]').should('be.visible'); // Button 'Comece por aqui'\ncy.xpath('//a[contains(., \"Esqueci minha senha\")]').should('be.visible'); // Link 'Esqueci minha senha'",
              "err": {
                "message": "TypeError: cy.xpath is not a function",
                "estack": "TypeError: cy.xpath is not a function\n    at Context.eval (webpack://checkenvironmentspoc/./cypress/e2e/checkRender.cy.js:14:9)",
                "diff": null
              },
              "uuid": "adf89591-0c55-4340-94a0-19a5f859a23b",
              "parentUUID": "74ba9378-ca6f-40b5-b14d-f006f86e8716",
              "isHook": false,
              "skipped": false
            },
            {
              "title": "Ambiente: https://conasa-pwa.dialog.cm/login?redirect=false",
              "fullTitle": "Validação de URLs Ambiente: https://conasa-pwa.dialog.cm/login?redirect=false",
              "timedOut": null,
              "duration": 174,
              "state": "failed",
              "speed": null,
              "pass": false,
              "fail": true,
              "pending": false,
              "context": null,
              "code": "cy.visit(url);\n// Validações da tela\ncy.get('body').should('exist'); // Verifica se o body html foi carregado\ncy.get('[data-testid=\"login.username\"]').should('be.visible'); // Input de login\ncy.get('[data-testid=\"login.password\"]').should('be.visible'); // Input de password\ncy.xpath('//button[contains(., \"Entrar\")]').should('be.visible'); // Button 'Entrar'\ncy.xpath('//a[contains(., \"Comece por aqui\")]').should('be.visible'); // Button 'Comece por aqui'\ncy.xpath('//a[contains(., \"Esqueci minha senha\")]').should('be.visible'); // Link 'Esqueci minha senha'",
              "err": {
                "message": "TypeError: cy.xpath is not a function",
                "estack": "TypeError: cy.xpath is not a function\n    at Context.eval (webpack://checkenvironmentspoc/./cypress/e2e/checkRender.cy.js:14:9)",
                "diff": null
              },
              "uuid": "7238ae12-df87-4c74-909e-c0ccc2fb8733",
              "parentUUID": "74ba9378-ca6f-40b5-b14d-f006f86e8716",
              "isHook": false,
              "skipped": false
            },
            {
              "title": "Ambiente: https://coop-pwa.dialog.cm/login?redirect=false",
              "fullTitle": "Validação de URLs Ambiente: https://coop-pwa.dialog.cm/login?redirect=false",
              "timedOut": null,
              "duration": 181,
              "state": "failed",
              "speed": null,
              "pass": false,
              "fail": true,
              "pending": false,
              "context": null,
              "code": "cy.visit(url);\n// Validações da tela\ncy.get('body').should('exist'); // Verifica se o body html foi carregado\ncy.get('[data-testid=\"login.username\"]').should('be.visible'); // Input de login\ncy.get('[data-testid=\"login.password\"]').should('be.visible'); // Input de password\ncy.xpath('//button[contains(., \"Entrar\")]').should('be.visible'); // Button 'Entrar'\ncy.xpath('//a[contains(., \"Comece por aqui\")]').should('be.visible'); // Button 'Comece por aqui'\ncy.xpath('//a[contains(., \"Esqueci minha senha\")]').should('be.visible'); // Link 'Esqueci minha senha'",
              "err": {
                "message": "TypeError: cy.xpath is not a function",
                "estack": "TypeError: cy.xpath is not a function\n    at Context.eval (webpack://checkenvironmentspoc/./cypress/e2e/checkRender.cy.js:14:9)",
                "diff": null
              },
              "uuid": "9021e3be-dfee-4cb9-9ca3-afde391f45b1",
              "parentUUID": "74ba9378-ca6f-40b5-b14d-f006f86e8716",
              "isHook": false,
              "skipped": false
            },
            {
              "title": "Ambiente: https://cooperativaholambra-pwa.dialog.cm/login?redirect=false",
              "fullTitle": "Validação de URLs Ambiente: https://cooperativaholambra-pwa.dialog.cm/login?redirect=false",
              "timedOut": null,
              "duration": 172,
              "state": "failed",
              "speed": null,
              "pass": false,
              "fail": true,
              "pending": false,
              "context": null,
              "code": "cy.visit(url);\n// Validações da tela\ncy.get('body').should('exist'); // Verifica se o body html foi carregado\ncy.get('[data-testid=\"login.username\"]').should('be.visible'); // Input de login\ncy.get('[data-testid=\"login.password\"]').should('be.visible'); // Input de password\ncy.xpath('//button[contains(., \"Entrar\")]').should('be.visible'); // Button 'Entrar'\ncy.xpath('//a[contains(., \"Comece por aqui\")]').should('be.visible'); // Button 'Comece por aqui'\ncy.xpath('//a[contains(., \"Esqueci minha senha\")]').should('be.visible'); // Link 'Esqueci minha senha'",
              "err": {
                "message": "TypeError: cy.xpath is not a function",
                "estack": "TypeError: cy.xpath is not a function\n    at Context.eval (webpack://checkenvironmentspoc/./cypress/e2e/checkRender.cy.js:14:9)",
                "diff": null
              },
              "uuid": "20459074-2d07-43e9-b383-827d58506805",
              "parentUUID": "74ba9378-ca6f-40b5-b14d-f006f86e8716",
              "isHook": false,
              "skipped": false
            },
            {
              "title": "Ambiente: https://coplacana-pwa.dialog.cm/login?redirect=false",
              "fullTitle": "Validação de URLs Ambiente: https://coplacana-pwa.dialog.cm/login?redirect=false",
              "timedOut": null,
              "duration": 160,
              "state": "failed",
              "speed": null,
              "pass": false,
              "fail": true,
              "pending": false,
              "context": null,
              "code": "cy.visit(url);\n// Validações da tela\ncy.get('body').should('exist'); // Verifica se o body html foi carregado\ncy.get('[data-testid=\"login.username\"]').should('be.visible'); // Input de login\ncy.get('[data-testid=\"login.password\"]').should('be.visible'); // Input de password\ncy.xpath('//button[contains(., \"Entrar\")]').should('be.visible'); // Button 'Entrar'\ncy.xpath('//a[contains(., \"Comece por aqui\")]').should('be.visible'); // Button 'Comece por aqui'\ncy.xpath('//a[contains(., \"Esqueci minha senha\")]').should('be.visible'); // Link 'Esqueci minha senha'",
              "err": {
                "message": "TypeError: cy.xpath is not a function",
                "estack": "TypeError: cy.xpath is not a function\n    at Context.eval (webpack://checkenvironmentspoc/./cypress/e2e/checkRender.cy.js:14:9)",
                "diff": null
              },
              "uuid": "5115246e-5df0-49c3-b863-b5ea419a2651",
              "parentUUID": "74ba9378-ca6f-40b5-b14d-f006f86e8716",
              "isHook": false,
              "skipped": false
            },
            {
              "title": "Ambiente: https://cordenonsi-pwa.dialog.cm/login?redirect=false",
              "fullTitle": "Validação de URLs Ambiente: https://cordenonsi-pwa.dialog.cm/login?redirect=false",
              "timedOut": null,
              "duration": 170,
              "state": "failed",
              "speed": null,
              "pass": false,
              "fail": true,
              "pending": false,
              "context": null,
              "code": "cy.visit(url);\n// Validações da tela\ncy.get('body').should('exist'); // Verifica se o body html foi carregado\ncy.get('[data-testid=\"login.username\"]').should('be.visible'); // Input de login\ncy.get('[data-testid=\"login.password\"]').should('be.visible'); // Input de password\ncy.xpath('//button[contains(., \"Entrar\")]').should('be.visible'); // Button 'Entrar'\ncy.xpath('//a[contains(., \"Comece por aqui\")]').should('be.visible'); // Button 'Comece por aqui'\ncy.xpath('//a[contains(., \"Esqueci minha senha\")]').should('be.visible'); // Link 'Esqueci minha senha'",
              "err": {
                "message": "TypeError: cy.xpath is not a function",
                "estack": "TypeError: cy.xpath is not a function\n    at Context.eval (webpack://checkenvironmentspoc/./cypress/e2e/checkRender.cy.js:14:9)",
                "diff": null
              },
              "uuid": "998ac7c4-9d79-44c4-9c40-8a488d6d8956",
              "parentUUID": "74ba9378-ca6f-40b5-b14d-f006f86e8716",
              "isHook": false,
              "skipped": false
            },
            {
              "title": "Ambiente: https://credsystem-pwa.dialog.cm/login?redirect=false",
              "fullTitle": "Validação de URLs Ambiente: https://credsystem-pwa.dialog.cm/login?redirect=false",
              "timedOut": null,
              "duration": 221,
              "state": "failed",
              "speed": null,
              "pass": false,
              "fail": true,
              "pending": false,
              "context": null,
              "code": "cy.visit(url);\n// Validações da tela\ncy.get('body').should('exist'); // Verifica se o body html foi carregado\ncy.get('[data-testid=\"login.username\"]').should('be.visible'); // Input de login\ncy.get('[data-testid=\"login.password\"]').should('be.visible'); // Input de password\ncy.xpath('//button[contains(., \"Entrar\")]').should('be.visible'); // Button 'Entrar'\ncy.xpath('//a[contains(., \"Comece por aqui\")]').should('be.visible'); // Button 'Comece por aqui'\ncy.xpath('//a[contains(., \"Esqueci minha senha\")]').should('be.visible'); // Link 'Esqueci minha senha'",
              "err": {
                "message": "TypeError: cy.xpath is not a function",
                "estack": "TypeError: cy.xpath is not a function\n    at Context.eval (webpack://checkenvironmentspoc/./cypress/e2e/checkRender.cy.js:14:9)",
                "diff": null
              },
              "uuid": "72a550bc-dce5-4257-8686-bf0d45c2da11",
              "parentUUID": "74ba9378-ca6f-40b5-b14d-f006f86e8716",
              "isHook": false,
              "skipped": false
            },
            {
              "title": "Ambiente: https://cyrela-pwa.dialog.cm/login?redirect=false",
              "fullTitle": "Validação de URLs Ambiente: https://cyrela-pwa.dialog.cm/login?redirect=false",
              "timedOut": null,
              "duration": 159,
              "state": "failed",
              "speed": null,
              "pass": false,
              "fail": true,
              "pending": false,
              "context": null,
              "code": "cy.visit(url);\n// Validações da tela\ncy.get('body').should('exist'); // Verifica se o body html foi carregado\ncy.get('[data-testid=\"login.username\"]').should('be.visible'); // Input de login\ncy.get('[data-testid=\"login.password\"]').should('be.visible'); // Input de password\ncy.xpath('//button[contains(., \"Entrar\")]').should('be.visible'); // Button 'Entrar'\ncy.xpath('//a[contains(., \"Comece por aqui\")]').should('be.visible'); // Button 'Comece por aqui'\ncy.xpath('//a[contains(., \"Esqueci minha senha\")]').should('be.visible'); // Link 'Esqueci minha senha'",
              "err": {
                "message": "TypeError: cy.xpath is not a function",
                "estack": "TypeError: cy.xpath is not a function\n    at Context.eval (webpack://checkenvironmentspoc/./cypress/e2e/checkRender.cy.js:14:9)",
                "diff": null
              },
              "uuid": "8d5c0126-7fb1-4e57-82d3-444b8017d36d",
              "parentUUID": "74ba9378-ca6f-40b5-b14d-f006f86e8716",
              "isHook": false,
              "skipped": false
            },
            {
              "title": "Ambiente: https://defensoriapublica-pwa.dialog.cm/login?redirect=false",
              "fullTitle": "Validação de URLs Ambiente: https://defensoriapublica-pwa.dialog.cm/login?redirect=false",
              "timedOut": null,
              "duration": 187,
              "state": "failed",
              "speed": null,
              "pass": false,
              "fail": true,
              "pending": false,
              "context": null,
              "code": "cy.visit(url);\n// Validações da tela\ncy.get('body').should('exist'); // Verifica se o body html foi carregado\ncy.get('[data-testid=\"login.username\"]').should('be.visible'); // Input de login\ncy.get('[data-testid=\"login.password\"]').should('be.visible'); // Input de password\ncy.xpath('//button[contains(., \"Entrar\")]').should('be.visible'); // Button 'Entrar'\ncy.xpath('//a[contains(., \"Comece por aqui\")]').should('be.visible'); // Button 'Comece por aqui'\ncy.xpath('//a[contains(., \"Esqueci minha senha\")]').should('be.visible'); // Link 'Esqueci minha senha'",
              "err": {
                "message": "TypeError: cy.xpath is not a function",
                "estack": "TypeError: cy.xpath is not a function\n    at Context.eval (webpack://checkenvironmentspoc/./cypress/e2e/checkRender.cy.js:14:9)",
                "diff": null
              },
              "uuid": "2456fb9e-caf1-4700-a386-874c2ac19e2c",
              "parentUUID": "74ba9378-ca6f-40b5-b14d-f006f86e8716",
              "isHook": false,
              "skipped": false
            },
            {
              "title": "Ambiente: https://go-pwa.dialog.cm/login?redirect=false",
              "fullTitle": "Validação de URLs Ambiente: https://go-pwa.dialog.cm/login?redirect=false",
              "timedOut": null,
              "duration": 227,
              "state": "failed",
              "speed": null,
              "pass": false,
              "fail": true,
              "pending": false,
              "context": null,
              "code": "cy.visit(url);\n// Validações da tela\ncy.get('body').should('exist'); // Verifica se o body html foi carregado\ncy.get('[data-testid=\"login.username\"]').should('be.visible'); // Input de login\ncy.get('[data-testid=\"login.password\"]').should('be.visible'); // Input de password\ncy.xpath('//button[contains(., \"Entrar\")]').should('be.visible'); // Button 'Entrar'\ncy.xpath('//a[contains(., \"Comece por aqui\")]').should('be.visible'); // Button 'Comece por aqui'\ncy.xpath('//a[contains(., \"Esqueci minha senha\")]').should('be.visible'); // Link 'Esqueci minha senha'",
              "err": {
                "message": "TypeError: cy.xpath is not a function",
                "estack": "TypeError: cy.xpath is not a function\n    at Context.eval (webpack://checkenvironmentspoc/./cypress/e2e/checkRender.cy.js:14:9)",
                "diff": null
              },
              "uuid": "68b5f205-b073-4daf-8214-f4986263295e",
              "parentUUID": "74ba9378-ca6f-40b5-b14d-f006f86e8716",
              "isHook": false,
              "skipped": false
            },
            {
              "title": "Ambiente: https://moon-pwa.dialog.cm/login?redirect=false",
              "fullTitle": "Validação de URLs Ambiente: https://moon-pwa.dialog.cm/login?redirect=false",
              "timedOut": null,
              "duration": 178,
              "state": "failed",
              "speed": null,
              "pass": false,
              "fail": true,
              "pending": false,
              "context": null,
              "code": "cy.visit(url);\n// Validações da tela\ncy.get('body').should('exist'); // Verifica se o body html foi carregado\ncy.get('[data-testid=\"login.username\"]').should('be.visible'); // Input de login\ncy.get('[data-testid=\"login.password\"]').should('be.visible'); // Input de password\ncy.xpath('//button[contains(., \"Entrar\")]').should('be.visible'); // Button 'Entrar'\ncy.xpath('//a[contains(., \"Comece por aqui\")]').should('be.visible'); // Button 'Comece por aqui'\ncy.xpath('//a[contains(., \"Esqueci minha senha\")]').should('be.visible'); // Link 'Esqueci minha senha'",
              "err": {
                "message": "TypeError: cy.xpath is not a function",
                "estack": "TypeError: cy.xpath is not a function\n    at Context.eval (webpack://checkenvironmentspoc/./cypress/e2e/checkRender.cy.js:14:9)",
                "diff": null
              },
              "uuid": "c2ca077c-0171-4757-81e6-841e97950e76",
              "parentUUID": "74ba9378-ca6f-40b5-b14d-f006f86e8716",
              "isHook": false,
              "skipped": false
            },
            {
              "title": "Ambiente: https://ecogen-pwa.dialog.cm/login?redirect=false",
              "fullTitle": "Validação de URLs Ambiente: https://ecogen-pwa.dialog.cm/login?redirect=false",
              "timedOut": null,
              "duration": 193,
              "state": "failed",
              "speed": null,
              "pass": false,
              "fail": true,
              "pending": false,
              "context": null,
              "code": "cy.visit(url);\n// Validações da tela\ncy.get('body').should('exist'); // Verifica se o body html foi carregado\ncy.get('[data-testid=\"login.username\"]').should('be.visible'); // Input de login\ncy.get('[data-testid=\"login.password\"]').should('be.visible'); // Input de password\ncy.xpath('//button[contains(., \"Entrar\")]').should('be.visible'); // Button 'Entrar'\ncy.xpath('//a[contains(., \"Comece por aqui\")]').should('be.visible'); // Button 'Comece por aqui'\ncy.xpath('//a[contains(., \"Esqueci minha senha\")]').should('be.visible'); // Link 'Esqueci minha senha'",
              "err": {
                "message": "TypeError: cy.xpath is not a function",
                "estack": "TypeError: cy.xpath is not a function\n    at Context.eval (webpack://checkenvironmentspoc/./cypress/e2e/checkRender.cy.js:14:9)",
                "diff": null
              },
              "uuid": "6f98c445-497d-41aa-ae78-72bc541c0ed5",
              "parentUUID": "74ba9378-ca6f-40b5-b14d-f006f86e8716",
              "isHook": false,
              "skipped": false
            },
            {
              "title": "Ambiente: https://embramaco-pwa.dialog.cm/login?redirect=false",
              "fullTitle": "Validação de URLs Ambiente: https://embramaco-pwa.dialog.cm/login?redirect=false",
              "timedOut": null,
              "duration": 191,
              "state": "failed",
              "speed": null,
              "pass": false,
              "fail": true,
              "pending": false,
              "context": null,
              "code": "cy.visit(url);\n// Validações da tela\ncy.get('body').should('exist'); // Verifica se o body html foi carregado\ncy.get('[data-testid=\"login.username\"]').should('be.visible'); // Input de login\ncy.get('[data-testid=\"login.password\"]').should('be.visible'); // Input de password\ncy.xpath('//button[contains(., \"Entrar\")]').should('be.visible'); // Button 'Entrar'\ncy.xpath('//a[contains(., \"Comece por aqui\")]').should('be.visible'); // Button 'Comece por aqui'\ncy.xpath('//a[contains(., \"Esqueci minha senha\")]').should('be.visible'); // Link 'Esqueci minha senha'",
              "err": {
                "message": "TypeError: cy.xpath is not a function",
                "estack": "TypeError: cy.xpath is not a function\n    at Context.eval (webpack://checkenvironmentspoc/./cypress/e2e/checkRender.cy.js:14:9)",
                "diff": null
              },
              "uuid": "99410c18-be5a-4b6e-9d45-482eca3b4814",
              "parentUUID": "74ba9378-ca6f-40b5-b14d-f006f86e8716",
              "isHook": false,
              "skipped": false
            },
            {
              "title": "Ambiente: https://espacolaser-pwa.dialog.cm/login?redirect=false",
              "fullTitle": "Validação de URLs Ambiente: https://espacolaser-pwa.dialog.cm/login?redirect=false",
              "timedOut": null,
              "duration": 196,
              "state": "failed",
              "speed": null,
              "pass": false,
              "fail": true,
              "pending": false,
              "context": null,
              "code": "cy.visit(url);\n// Validações da tela\ncy.get('body').should('exist'); // Verifica se o body html foi carregado\ncy.get('[data-testid=\"login.username\"]').should('be.visible'); // Input de login\ncy.get('[data-testid=\"login.password\"]').should('be.visible'); // Input de password\ncy.xpath('//button[contains(., \"Entrar\")]').should('be.visible'); // Button 'Entrar'\ncy.xpath('//a[contains(., \"Comece por aqui\")]').should('be.visible'); // Button 'Comece por aqui'\ncy.xpath('//a[contains(., \"Esqueci minha senha\")]').should('be.visible'); // Link 'Esqueci minha senha'",
              "err": {
                "message": "TypeError: cy.xpath is not a function",
                "estack": "TypeError: cy.xpath is not a function\n    at Context.eval (webpack://checkenvironmentspoc/./cypress/e2e/checkRender.cy.js:14:9)",
                "diff": null
              },
              "uuid": "2fd92338-e963-47ff-8d3c-3621716df979",
              "parentUUID": "74ba9378-ca6f-40b5-b14d-f006f86e8716",
              "isHook": false,
              "skipped": false
            },
            {
              "title": "Ambiente: https://flora-pwa.dialog.cm/login?redirect=false",
              "fullTitle": "Validação de URLs Ambiente: https://flora-pwa.dialog.cm/login?redirect=false",
              "timedOut": null,
              "duration": 188,
              "state": "failed",
              "speed": null,
              "pass": false,
              "fail": true,
              "pending": false,
              "context": null,
              "code": "cy.visit(url);\n// Validações da tela\ncy.get('body').should('exist'); // Verifica se o body html foi carregado\ncy.get('[data-testid=\"login.username\"]').should('be.visible'); // Input de login\ncy.get('[data-testid=\"login.password\"]').should('be.visible'); // Input de password\ncy.xpath('//button[contains(., \"Entrar\")]').should('be.visible'); // Button 'Entrar'\ncy.xpath('//a[contains(., \"Comece por aqui\")]').should('be.visible'); // Button 'Comece por aqui'\ncy.xpath('//a[contains(., \"Esqueci minha senha\")]').should('be.visible'); // Link 'Esqueci minha senha'",
              "err": {
                "message": "TypeError: cy.xpath is not a function",
                "estack": "TypeError: cy.xpath is not a function\n    at Context.eval (webpack://checkenvironmentspoc/./cypress/e2e/checkRender.cy.js:14:9)",
                "diff": null
              },
              "uuid": "06919fa6-49d9-4593-b3c5-7d38a4bd62fb",
              "parentUUID": "74ba9378-ca6f-40b5-b14d-f006f86e8716",
              "isHook": false,
              "skipped": false
            },
            {
              "title": "Ambiente: https://mundoazul.fortlev.com.br/login?redirect=false",
              "fullTitle": "Validação de URLs Ambiente: https://mundoazul.fortlev.com.br/login?redirect=false",
              "timedOut": null,
              "duration": 179,
              "state": "failed",
              "speed": null,
              "pass": false,
              "fail": true,
              "pending": false,
              "context": null,
              "code": "cy.visit(url);\n// Validações da tela\ncy.get('body').should('exist'); // Verifica se o body html foi carregado\ncy.get('[data-testid=\"login.username\"]').should('be.visible'); // Input de login\ncy.get('[data-testid=\"login.password\"]').should('be.visible'); // Input de password\ncy.xpath('//button[contains(., \"Entrar\")]').should('be.visible'); // Button 'Entrar'\ncy.xpath('//a[contains(., \"Comece por aqui\")]').should('be.visible'); // Button 'Comece por aqui'\ncy.xpath('//a[contains(., \"Esqueci minha senha\")]').should('be.visible'); // Link 'Esqueci minha senha'",
              "err": {
                "message": "TypeError: cy.xpath is not a function",
                "estack": "TypeError: cy.xpath is not a function\n    at Context.eval (webpack://checkenvironmentspoc/./cypress/e2e/checkRender.cy.js:14:9)",
                "diff": null
              },
              "uuid": "d5333363-f6e7-4b93-a22e-659cb2f02681",
              "parentUUID": "74ba9378-ca6f-40b5-b14d-f006f86e8716",
              "isHook": false,
              "skipped": false
            },
            {
              "title": "Ambiente: https://fortlev-pwa.dialog.cm/login?redirect=false",
              "fullTitle": "Validação de URLs Ambiente: https://fortlev-pwa.dialog.cm/login?redirect=false",
              "timedOut": null,
              "duration": 197,
              "state": "failed",
              "speed": null,
              "pass": false,
              "fail": true,
              "pending": false,
              "context": null,
              "code": "cy.visit(url);\n// Validações da tela\ncy.get('body').should('exist'); // Verifica se o body html foi carregado\ncy.get('[data-testid=\"login.username\"]').should('be.visible'); // Input de login\ncy.get('[data-testid=\"login.password\"]').should('be.visible'); // Input de password\ncy.xpath('//button[contains(., \"Entrar\")]').should('be.visible'); // Button 'Entrar'\ncy.xpath('//a[contains(., \"Comece por aqui\")]').should('be.visible'); // Button 'Comece por aqui'\ncy.xpath('//a[contains(., \"Esqueci minha senha\")]').should('be.visible'); // Link 'Esqueci minha senha'",
              "err": {
                "message": "TypeError: cy.xpath is not a function",
                "estack": "TypeError: cy.xpath is not a function\n    at Context.eval (webpack://checkenvironmentspoc/./cypress/e2e/checkRender.cy.js:14:9)",
                "diff": null
              },
              "uuid": "e5ca381a-92de-4934-9f0b-4e73ffe7bbbf",
              "parentUUID": "74ba9378-ca6f-40b5-b14d-f006f86e8716",
              "isHook": false,
              "skipped": false
            },
            {
              "title": "Ambiente: https://garra-pwa.dialog.cm/login?redirect=false",
              "fullTitle": "Validação de URLs Ambiente: https://garra-pwa.dialog.cm/login?redirect=false",
              "timedOut": null,
              "duration": 279,
              "state": "failed",
              "speed": null,
              "pass": false,
              "fail": true,
              "pending": false,
              "context": null,
              "code": "cy.visit(url);\n// Validações da tela\ncy.get('body').should('exist'); // Verifica se o body html foi carregado\ncy.get('[data-testid=\"login.username\"]').should('be.visible'); // Input de login\ncy.get('[data-testid=\"login.password\"]').should('be.visible'); // Input de password\ncy.xpath('//button[contains(., \"Entrar\")]').should('be.visible'); // Button 'Entrar'\ncy.xpath('//a[contains(., \"Comece por aqui\")]').should('be.visible'); // Button 'Comece por aqui'\ncy.xpath('//a[contains(., \"Esqueci minha senha\")]').should('be.visible'); // Link 'Esqueci minha senha'",
              "err": {
                "message": "TypeError: cy.xpath is not a function",
                "estack": "TypeError: cy.xpath is not a function\n    at Context.eval (webpack://checkenvironmentspoc/./cypress/e2e/checkRender.cy.js:14:9)",
                "diff": null
              },
              "uuid": "8370ace4-d199-46c4-95b7-de56ea5802ed",
              "parentUUID": "74ba9378-ca6f-40b5-b14d-f006f86e8716",
              "isHook": false,
              "skipped": false
            },
            {
              "title": "Ambiente: https://gdmseeds-pwa.dialog.cm/login?redirect=false",
              "fullTitle": "Validação de URLs Ambiente: https://gdmseeds-pwa.dialog.cm/login?redirect=false",
              "timedOut": null,
              "duration": 187,
              "state": "failed",
              "speed": null,
              "pass": false,
              "fail": true,
              "pending": false,
              "context": null,
              "code": "cy.visit(url);\n// Validações da tela\ncy.get('body').should('exist'); // Verifica se o body html foi carregado\ncy.get('[data-testid=\"login.username\"]').should('be.visible'); // Input de login\ncy.get('[data-testid=\"login.password\"]').should('be.visible'); // Input de password\ncy.xpath('//button[contains(., \"Entrar\")]').should('be.visible'); // Button 'Entrar'\ncy.xpath('//a[contains(., \"Comece por aqui\")]').should('be.visible'); // Button 'Comece por aqui'\ncy.xpath('//a[contains(., \"Esqueci minha senha\")]').should('be.visible'); // Link 'Esqueci minha senha'",
              "err": {
                "message": "TypeError: cy.xpath is not a function",
                "estack": "TypeError: cy.xpath is not a function\n    at Context.eval (webpack://checkenvironmentspoc/./cypress/e2e/checkRender.cy.js:14:9)",
                "diff": null
              },
              "uuid": "b433f99f-4664-4baf-87be-399f79264988",
              "parentUUID": "74ba9378-ca6f-40b5-b14d-f006f86e8716",
              "isHook": false,
              "skipped": false
            },
            {
              "title": "Ambiente: https://dialog.grupoinpress.com.br/login?redirect=false",
              "fullTitle": "Validação de URLs Ambiente: https://dialog.grupoinpress.com.br/login?redirect=false",
              "timedOut": null,
              "duration": 192,
              "state": "failed",
              "speed": null,
              "pass": false,
              "fail": true,
              "pending": false,
              "context": null,
              "code": "cy.visit(url);\n// Validações da tela\ncy.get('body').should('exist'); // Verifica se o body html foi carregado\ncy.get('[data-testid=\"login.username\"]').should('be.visible'); // Input de login\ncy.get('[data-testid=\"login.password\"]').should('be.visible'); // Input de password\ncy.xpath('//button[contains(., \"Entrar\")]').should('be.visible'); // Button 'Entrar'\ncy.xpath('//a[contains(., \"Comece por aqui\")]').should('be.visible'); // Button 'Comece por aqui'\ncy.xpath('//a[contains(., \"Esqueci minha senha\")]').should('be.visible'); // Link 'Esqueci minha senha'",
              "err": {
                "message": "TypeError: cy.xpath is not a function",
                "estack": "TypeError: cy.xpath is not a function\n    at Context.eval (webpack://checkenvironmentspoc/./cypress/e2e/checkRender.cy.js:14:9)",
                "diff": null
              },
              "uuid": "e7bc1822-6cfa-4d0c-a23f-4eae45694f69",
              "parentUUID": "74ba9378-ca6f-40b5-b14d-f006f86e8716",
              "isHook": false,
              "skipped": false
            },
            {
              "title": "Ambiente: https://gptw-pwa.dialog.cm/login?redirect=false",
              "fullTitle": "Validação de URLs Ambiente: https://gptw-pwa.dialog.cm/login?redirect=false",
              "timedOut": null,
              "duration": 195,
              "state": "failed",
              "speed": null,
              "pass": false,
              "fail": true,
              "pending": false,
              "context": null,
              "code": "cy.visit(url);\n// Validações da tela\ncy.get('body').should('exist'); // Verifica se o body html foi carregado\ncy.get('[data-testid=\"login.username\"]').should('be.visible'); // Input de login\ncy.get('[data-testid=\"login.password\"]').should('be.visible'); // Input de password\ncy.xpath('//button[contains(., \"Entrar\")]').should('be.visible'); // Button 'Entrar'\ncy.xpath('//a[contains(., \"Comece por aqui\")]').should('be.visible'); // Button 'Comece por aqui'\ncy.xpath('//a[contains(., \"Esqueci minha senha\")]').should('be.visible'); // Link 'Esqueci minha senha'",
              "err": {
                "message": "TypeError: cy.xpath is not a function",
                "estack": "TypeError: cy.xpath is not a function\n    at Context.eval (webpack://checkenvironmentspoc/./cypress/e2e/checkRender.cy.js:14:9)",
                "diff": null
              },
              "uuid": "1bf61637-63b4-4daf-a521-7b239eff1784",
              "parentUUID": "74ba9378-ca6f-40b5-b14d-f006f86e8716",
              "isHook": false,
              "skipped": false
            },
            {
              "title": "Ambiente: http://comunidade.gptw.com.br/login?redirect=false",
              "fullTitle": "Validação de URLs Ambiente: http://comunidade.gptw.com.br/login?redirect=false",
              "timedOut": null,
              "duration": 238,
              "state": "failed",
              "speed": null,
              "pass": false,
              "fail": true,
              "pending": false,
              "context": null,
              "code": "cy.visit(url);\n// Validações da tela\ncy.get('body').should('exist'); // Verifica se o body html foi carregado\ncy.get('[data-testid=\"login.username\"]').should('be.visible'); // Input de login\ncy.get('[data-testid=\"login.password\"]').should('be.visible'); // Input de password\ncy.xpath('//button[contains(., \"Entrar\")]').should('be.visible'); // Button 'Entrar'\ncy.xpath('//a[contains(., \"Comece por aqui\")]').should('be.visible'); // Button 'Comece por aqui'\ncy.xpath('//a[contains(., \"Esqueci minha senha\")]').should('be.visible'); // Link 'Esqueci minha senha'",
              "err": {
                "message": "TypeError: cy.xpath is not a function",
                "estack": "TypeError: cy.xpath is not a function\n    at Context.eval (webpack://checkenvironmentspoc/./cypress/e2e/checkRender.cy.js:14:9)",
                "diff": null
              },
              "uuid": "fab0614e-387b-4167-85ce-8e1ce9bda289",
              "parentUUID": "74ba9378-ca6f-40b5-b14d-f006f86e8716",
              "isHook": false,
              "skipped": false
            },
            {
              "title": "Ambiente: https://grupobertolini-pwa.dialog.cm/login?redirect=false",
              "fullTitle": "Validação de URLs Ambiente: https://grupobertolini-pwa.dialog.cm/login?redirect=false",
              "timedOut": null,
              "duration": 260,
              "state": "failed",
              "speed": null,
              "pass": false,
              "fail": true,
              "pending": false,
              "context": null,
              "code": "cy.visit(url);\n// Validações da tela\ncy.get('body').should('exist'); // Verifica se o body html foi carregado\ncy.get('[data-testid=\"login.username\"]').should('be.visible'); // Input de login\ncy.get('[data-testid=\"login.password\"]').should('be.visible'); // Input de password\ncy.xpath('//button[contains(., \"Entrar\")]').should('be.visible'); // Button 'Entrar'\ncy.xpath('//a[contains(., \"Comece por aqui\")]').should('be.visible'); // Button 'Comece por aqui'\ncy.xpath('//a[contains(., \"Esqueci minha senha\")]').should('be.visible'); // Link 'Esqueci minha senha'",
              "err": {
                "message": "TypeError: cy.xpath is not a function",
                "estack": "TypeError: cy.xpath is not a function\n    at Context.eval (webpack://checkenvironmentspoc/./cypress/e2e/checkRender.cy.js:14:9)",
                "diff": null
              },
              "uuid": "accb67cb-5afb-4f4e-a8d2-c227925dafbc",
              "parentUUID": "74ba9378-ca6f-40b5-b14d-f006f86e8716",
              "isHook": false,
              "skipped": false
            },
            {
              "title": "Ambiente: https://grupocoutinho-pwa.dialog.cm/login?redirect=false",
              "fullTitle": "Validação de URLs Ambiente: https://grupocoutinho-pwa.dialog.cm/login?redirect=false",
              "timedOut": null,
              "duration": 204,
              "state": "failed",
              "speed": null,
              "pass": false,
              "fail": true,
              "pending": false,
              "context": null,
              "code": "cy.visit(url);\n// Validações da tela\ncy.get('body').should('exist'); // Verifica se o body html foi carregado\ncy.get('[data-testid=\"login.username\"]').should('be.visible'); // Input de login\ncy.get('[data-testid=\"login.password\"]').should('be.visible'); // Input de password\ncy.xpath('//button[contains(., \"Entrar\")]').should('be.visible'); // Button 'Entrar'\ncy.xpath('//a[contains(., \"Comece por aqui\")]').should('be.visible'); // Button 'Comece por aqui'\ncy.xpath('//a[contains(., \"Esqueci minha senha\")]').should('be.visible'); // Link 'Esqueci minha senha'",
              "err": {
                "message": "TypeError: cy.xpath is not a function",
                "estack": "TypeError: cy.xpath is not a function\n    at Context.eval (webpack://checkenvironmentspoc/./cypress/e2e/checkRender.cy.js:14:9)",
                "diff": null
              },
              "uuid": "4b5ab208-91d9-4dbf-941d-f7c43068dcdf",
              "parentUUID": "74ba9378-ca6f-40b5-b14d-f006f86e8716",
              "isHook": false,
              "skipped": false
            },
            {
              "title": "Ambiente: https://grupodreamers-pwa.dialog.cm/login?redirect=false",
              "fullTitle": "Validação de URLs Ambiente: https://grupodreamers-pwa.dialog.cm/login?redirect=false",
              "timedOut": null,
              "duration": 233,
              "state": "failed",
              "speed": null,
              "pass": false,
              "fail": true,
              "pending": false,
              "context": null,
              "code": "cy.visit(url);\n// Validações da tela\ncy.get('body').should('exist'); // Verifica se o body html foi carregado\ncy.get('[data-testid=\"login.username\"]').should('be.visible'); // Input de login\ncy.get('[data-testid=\"login.password\"]').should('be.visible'); // Input de password\ncy.xpath('//button[contains(., \"Entrar\")]').should('be.visible'); // Button 'Entrar'\ncy.xpath('//a[contains(., \"Comece por aqui\")]').should('be.visible'); // Button 'Comece por aqui'\ncy.xpath('//a[contains(., \"Esqueci minha senha\")]').should('be.visible'); // Link 'Esqueci minha senha'",
              "err": {
                "message": "TypeError: cy.xpath is not a function",
                "estack": "TypeError: cy.xpath is not a function\n    at Context.eval (webpack://checkenvironmentspoc/./cypress/e2e/checkRender.cy.js:14:9)",
                "diff": null
              },
              "uuid": "c6574cd2-8444-4401-b284-173baeb82032",
              "parentUUID": "74ba9378-ca6f-40b5-b14d-f006f86e8716",
              "isHook": false,
              "skipped": false
            },
            {
              "title": "Ambiente: https://geq-pwa.dialog.cm/login?redirect=false",
              "fullTitle": "Validação de URLs Ambiente: https://geq-pwa.dialog.cm/login?redirect=false",
              "timedOut": null,
              "duration": 256,
              "state": "failed",
              "speed": null,
              "pass": false,
              "fail": true,
              "pending": false,
              "context": null,
[...]
              },
              "uuid": "bfdeca35-79ef-4364-88dc-abc7fd6abebe",
              "parentUUID": "74ba9378-ca6f-40b5-b14d-f006f86e8716",
              "isHook": false,
              "skipped": false
            },
            {
              "title": "Ambiente: https://unimedce-pwa.dialog.cm/login?redirect=false",
              "fullTitle": "Validação de URLs Ambiente: https://unimedce-pwa.dialog.cm/login?redirect=false",
              "timedOut": null,
              "duration": 269,
              "state": "failed",
              "speed": null,
              "pass": false,
              "fail": true,
              "pending": false,
              "context": null,
              "code": "cy.visit(url);\n// Validações da tela\ncy.get('body').should('exist'); // Verifica se o body html foi carregado\ncy.get('[data-testid=\"login.username\"]').should('be.visible'); // Input de login\ncy.get('[data-testid=\"login.password\"]').should('be.visible'); // Input de password\ncy.xpath('//button[contains(., \"Entrar\")]').should('be.visible'); // Button 'Entrar'\ncy.xpath('//a[contains(., \"Comece por aqui\")]').should('be.visible'); // Button 'Comece por aqui'\ncy.xpath('//a[contains(., \"Esqueci minha senha\")]').should('be.visible'); // Link 'Esqueci minha senha'",
              "err": {
                "message": "TypeError: cy.xpath is not a function",
                "estack": "TypeError: cy.xpath is not a function\n    at Context.eval (webpack://checkenvironmentspoc/./cypress/e2e/checkRender.cy.js:14:9)",
                "diff": null
              },
              "uuid": "93319ab7-f01f-4127-a02f-e75287490eb9",
              "parentUUID": "74ba9378-ca6f-40b5-b14d-f006f86e8716",
              "isHook": false,
              "skipped": false
            },
            {
              "title": "Ambiente: https://unimedce-pwa.dialog.cm/login?redirect=false",
              "fullTitle": "Validação de URLs Ambiente: https://unimedce-pwa.dialog.cm/login?redirect=false",
              "timedOut": null,
              "duration": 268,
              "state": "failed",
              "speed": null,
              "pass": false,
              "fail": true,
              "pending": false,
              "context": null,
              "code": "cy.visit(url);\n// Validações da tela\ncy.get('body').should('exist'); // Verifica se o body html foi carregado\ncy.get('[data-testid=\"login.username\"]').should('be.visible'); // Input de login\ncy.get('[data-testid=\"login.password\"]').should('be.visible'); // Input de password\ncy.xpath('//button[contains(., \"Entrar\")]').should('be.visible'); // Button 'Entrar'\ncy.xpath('//a[contains(., \"Comece por aqui\")]').should('be.visible'); // Button 'Comece por aqui'\ncy.xpath('//a[contains(., \"Esqueci minha senha\")]').should('be.visible'); // Link 'Esqueci minha senha'",
              "err": {
                "message": "TypeError: cy.xpath is not a function",
                "estack": "TypeError: cy.xpath is not a function\n    at Context.eval (webpack://checkenvironmentspoc/./cypress/e2e/checkRender.cy.js:14:9)",
                "diff": null
              },
              "uuid": "1cd9467b-95e6-40fe-b00b-3d2206c6b564",
              "parentUUID": "74ba9378-ca6f-40b5-b14d-f006f86e8716",
              "isHook": false,
              "skipped": false
            },
            {
              "title": "Ambiente: https://unimed-pwa.dialog.cm/login?redirect=false",
              "fullTitle": "Validação de URLs Ambiente: https://unimed-pwa.dialog.cm/login?redirect=false",
              "timedOut": null,
              "duration": 417,
              "state": "failed",
              "speed": null,
              "pass": false,
              "fail": true,
              "pending": false,
              "context": null,
              "code": "cy.visit(url);\n// Validações da tela\ncy.get('body').should('exist'); // Verifica se o body html foi carregado\ncy.get('[data-testid=\"login.username\"]').should('be.visible'); // Input de login\ncy.get('[data-testid=\"login.password\"]').should('be.visible'); // Input de password\ncy.xpath('//button[contains(., \"Entrar\")]').should('be.visible'); // Button 'Entrar'\ncy.xpath('//a[contains(., \"Comece por aqui\")]').should('be.visible'); // Button 'Comece por aqui'\ncy.xpath('//a[contains(., \"Esqueci minha senha\")]').should('be.visible'); // Link 'Esqueci minha senha'",
              "err": {
                "message": "TypeError: cy.xpath is not a function",
                "estack": "TypeError: cy.xpath is not a function\n    at Context.eval (webpack://checkenvironmentspoc/./cypress/e2e/checkRender.cy.js:14:9)",
                "diff": null
              },
              "uuid": "10a806d3-2b7d-45ed-be22-9d19435a2901",
              "parentUUID": "74ba9378-ca6f-40b5-b14d-f006f86e8716",
              "isHook": false,
              "skipped": false
            },
            {
              "title": "Ambiente: https://unimedpg-pwa.dialog.cm/login?redirect=false",
              "fullTitle": "Validação de URLs Ambiente: https://unimedpg-pwa.dialog.cm/login?redirect=false",
              "timedOut": null,
              "duration": 287,
              "state": "failed",
              "speed": null,
              "pass": false,
              "fail": true,
              "pending": false,
              "context": null,
              "code": "cy.visit(url);\n// Validações da tela\ncy.get('body').should('exist'); // Verifica se o body html foi carregado\ncy.get('[data-testid=\"login.username\"]').should('be.visible'); // Input de login\ncy.get('[data-testid=\"login.password\"]').should('be.visible'); // Input de password\ncy.xpath('//button[contains(., \"Entrar\")]').should('be.visible'); // Button 'Entrar'\ncy.xpath('//a[contains(., \"Comece por aqui\")]').should('be.visible'); // Button 'Comece por aqui'\ncy.xpath('//a[contains(., \"Esqueci minha senha\")]').should('be.visible'); // Link 'Esqueci minha senha'",
              "err": {
                "message": "TypeError: cy.xpath is not a function",
                "estack": "TypeError: cy.xpath is not a function\n    at Context.eval (webpack://checkenvironmentspoc/./cypress/e2e/checkRender.cy.js:14:9)",
                "diff": null
              },
              "uuid": "4f60202c-54cf-400f-accc-506e5d2f530a",
              "parentUUID": "74ba9378-ca6f-40b5-b14d-f006f86e8716",
              "isHook": false,
              "skipped": false
            },
            {
              "title": "Ambiente: https://valid-pwa.dialog.cm/login?redirect=false",
              "fullTitle": "Validação de URLs Ambiente: https://valid-pwa.dialog.cm/login?redirect=false",
              "timedOut": null,
              "duration": 343,
              "state": "failed",
              "speed": null,
              "pass": false,
              "fail": true,
              "pending": false,
              "context": null,
              "code": "cy.visit(url);\n// Validações da tela\ncy.get('body').should('exist'); // Verifica se o body html foi carregado\ncy.get('[data-testid=\"login.username\"]').should('be.visible'); // Input de login\ncy.get('[data-testid=\"login.password\"]').should('be.visible'); // Input de password\ncy.xpath('//button[contains(., \"Entrar\")]').should('be.visible'); // Button 'Entrar'\ncy.xpath('//a[contains(., \"Comece por aqui\")]').should('be.visible'); // Button 'Comece por aqui'\ncy.xpath('//a[contains(., \"Esqueci minha senha\")]').should('be.visible'); // Link 'Esqueci minha senha'",
              "err": {
                "message": "TypeError: cy.xpath is not a function",
                "estack": "TypeError: cy.xpath is not a function\n    at Context.eval (webpack://checkenvironmentspoc/./cypress/e2e/checkRender.cy.js:14:9)",
                "diff": null
              },
              "uuid": "70c63af2-d893-4afb-be7e-5e5a74f2cab1",
              "parentUUID": "74ba9378-ca6f-40b5-b14d-f006f86e8716",
              "isHook": false,
              "skipped": false
            },
            {
              "title": "Ambiente: https://viavarejo-pwa.dialog.cm/login?redirect=false",
              "fullTitle": "Validação de URLs Ambiente: https://viavarejo-pwa.dialog.cm/login?redirect=false",
              "timedOut": null,
              "duration": 286,
              "state": "failed",
              "speed": null,
              "pass": false,
              "fail": true,
              "pending": false,
              "context": null,
              "code": "cy.visit(url);\n// Validações da tela\ncy.get('body').should('exist'); // Verifica se o body html foi carregado\ncy.get('[data-testid=\"login.username\"]').should('be.visible'); // Input de login\ncy.get('[data-testid=\"login.password\"]').should('be.visible'); // Input de password\ncy.xpath('//button[contains(., \"Entrar\")]').should('be.visible'); // Button 'Entrar'\ncy.xpath('//a[contains(., \"Comece por aqui\")]').should('be.visible'); // Button 'Comece por aqui'\ncy.xpath('//a[contains(., \"Esqueci minha senha\")]').should('be.visible'); // Link 'Esqueci minha senha'",
              "err": {
                "message": "TypeError: cy.xpath is not a function",
                "estack": "TypeError: cy.xpath is not a function\n    at Context.eval (webpack://checkenvironmentspoc/./cypress/e2e/checkRender.cy.js:14:9)",
                "diff": null
              },
              "uuid": "002ab6c6-1b4f-43cb-a2e5-ef1eddb0345b",
              "parentUUID": "74ba9378-ca6f-40b5-b14d-f006f86e8716",
              "isHook": false,
              "skipped": false
            },
            {
              "title": "Ambiente: https://vivaz-pwa.dialog.cm/login?redirect=false",
              "fullTitle": "Validação de URLs Ambiente: https://vivaz-pwa.dialog.cm/login?redirect=false",
              "timedOut": null,
              "duration": 275,
              "state": "failed",
              "speed": null,
              "pass": false,
              "fail": true,
              "pending": false,
              "context": null,
              "code": "cy.visit(url);\n// Validações da tela\ncy.get('body').should('exist'); // Verifica se o body html foi carregado\ncy.get('[data-testid=\"login.username\"]').should('be.visible'); // Input de login\ncy.get('[data-testid=\"login.password\"]').should('be.visible'); // Input de password\ncy.xpath('//button[contains(., \"Entrar\")]').should('be.visible'); // Button 'Entrar'\ncy.xpath('//a[contains(., \"Comece por aqui\")]').should('be.visible'); // Button 'Comece por aqui'\ncy.xpath('//a[contains(., \"Esqueci minha senha\")]').should('be.visible'); // Link 'Esqueci minha senha'",
              "err": {
                "message": "TypeError: cy.xpath is not a function",
                "estack": "TypeError: cy.xpath is not a function\n    at Context.eval (webpack://checkenvironmentspoc/./cypress/e2e/checkRender.cy.js:14:9)",
                "diff": null
              },
              "uuid": "30d7639b-f80d-4c52-9ce8-78cebbeef629",
              "parentUUID": "74ba9378-ca6f-40b5-b14d-f006f86e8716",
              "isHook": false,
              "skipped": false
            },
            {
              "title": "Ambiente: https://zup-pwa.dialog.cm/login?redirect=false",
              "fullTitle": "Validação de URLs Ambiente: https://zup-pwa.dialog.cm/login?redirect=false",
              "timedOut": null,
              "duration": 332,
              "state": "failed",
              "speed": null,
              "pass": false,
              "fail": true,
              "pending": false,
              "context": null,
              "code": "cy.visit(url);\n// Validações da tela\ncy.get('body').should('exist'); // Verifica se o body html foi carregado\ncy.get('[data-testid=\"login.username\"]').should('be.visible'); // Input de login\ncy.get('[data-testid=\"login.password\"]').should('be.visible'); // Input de password\ncy.xpath('//button[contains(., \"Entrar\")]').should('be.visible'); // Button 'Entrar'\ncy.xpath('//a[contains(., \"Comece por aqui\")]').should('be.visible'); // Button 'Comece por aqui'\ncy.xpath('//a[contains(., \"Esqueci minha senha\")]').should('be.visible'); // Link 'Esqueci minha senha'",
              "err": {
                "message": "TypeError: cy.xpath is not a function",
                "estack": "TypeError: cy.xpath is not a function\n    at Context.eval (webpack://checkenvironmentspoc/./cypress/e2e/checkRender.cy.js:14:9)",
                "diff": null
              },
              "uuid": "788a0dae-49ea-414b-bc06-067c4196116c",
              "parentUUID": "74ba9378-ca6f-40b5-b14d-f006f86e8716",
              "isHook": false,
              "skipped": false
            }
          ],
          "suites": [],
          "passes": [],
          "failures": [
            "f949b273-d98f-468d-9359-058310408457",
            "bd7406e6-da12-49f4-ad9c-9e3b2f21dea6",
            "ba391378-d91b-4d58-a9ff-0cd48a8bafb0",
            "965f0451-764f-4f95-8e0a-1e2a30259291",
            "9017f8d2-20c4-485b-9968-8d5169cbefc3",
            "d49d5b64-243a-4cee-ac33-717cd0c2720b",
            "56fae4e6-7e7c-4306-bacd-c1ceacea2846",
            "995d39bf-d04e-4da8-b79b-66b691b2baec",
            "e396165a-7625-4eb3-8226-535a04fe3467",
            "d192873b-79e6-4748-895f-066428c5a46e",
            "f2d33eea-0607-4d1d-b4bc-c344bc67480c",
            "0ba5f2d4-a739-46ba-a92b-e40f3f11bcd0",
            "3e3e08de-a04e-4425-b790-44bf92361a5d",
            "2654f05c-3f4a-43b6-ab5f-cb709c71f848",
            "c6909494-4498-401b-9330-4bc65f30e296",
            "7505b1c3-6c72-4492-841c-9da6a00fc7cb",
            "a06e5044-0fc6-49d3-82fd-40c157ba020d",
            "4a725e34-caad-4003-abe5-ae4628bdfe6b",
            "b2ef9aed-5e92-4482-ab0f-6fd61140378e",
            "2ae89579-01fe-4415-bba3-f2f0fa4f805d",
            "8ba09cf7-ac44-4924-9507-b4ab0110de88",
            "210fef5c-abdb-49f7-ab2d-71aac13ce1ed",
            "70b35ade-6761-4b14-bf7c-e81fbfdf0d9d",
            "792f0e9c-c7a1-465b-9346-9476fa8c7c7f",
            "eb6d3675-32c4-47dc-84df-dfbe19c6aad0",
            "adf89591-0c55-4340-94a0-19a5f859a23b",
            "7238ae12-df87-4c74-909e-c0ccc2fb8733",
            "9021e3be-dfee-4cb9-9ca3-afde391f45b1",
            "20459074-2d07-43e9-b383-827d58506805",
            "5115246e-5df0-49c3-b863-b5ea419a2651",
            "998ac7c4-9d79-44c4-9c40-8a488d6d8956",
            "72a550bc-dce5-4257-8686-bf0d45c2da11",
            "8d5c0126-7fb1-4e57-82d3-444b8017d36d",
            "2456fb9e-caf1-4700-a386-874c2ac19e2c",
            "68b5f205-b073-4daf-8214-f4986263295e",
            "c2ca077c-0171-4757-81e6-841e97950e76",
            "6f98c445-497d-41aa-ae78-72bc541c0ed5",
            "99410c18-be5a-4b6e-9d45-482eca3b4814",
            "2fd92338-e963-47ff-8d3c-3621716df979",
            "06919fa6-49d9-4593-b3c5-7d38a4bd62fb",
            "d5333363-f6e7-4b93-a22e-659cb2f02681",
            "e5ca381a-92de-4934-9f0b-4e73ffe7bbbf",
            "8370ace4-d199-46c4-95b7-de56ea5802ed",
            "b433f99f-4664-4baf-87be-399f79264988",
            "e7bc1822-6cfa-4d0c-a23f-4eae45694f69",
            "1bf61637-63b4-4daf-a521-7b239eff1784",
            "fab0614e-387b-4167-85ce-8e1ce9bda289",
            "accb67cb-5afb-4f4e-a8d2-c227925dafbc",
            "4b5ab208-91d9-4dbf-941d-f7c43068dcdf",
            "c6574cd2-8444-4401-b284-173baeb82032",
            "4356c71d-d572-4806-b736-ba8307d1e99f",
            "e237bfaf-f7ce-49c7-87a1-c41e911c3413",
            "19ccfd84-f403-4d1c-bf02-474816340042",
            "82269a50-2987-4e39-b266-d8484b2eaef4",
            "e93920fd-bf76-4771-a0a6-6caaa9b7d38e",
            "d7c83d02-198a-46d2-ae6e-052c003ffdf1",
            "40665800-fb5f-4a77-939f-c698a5f251a4",
            "73be4e3a-7e47-40bd-8096-374232d4f68e",
            "0a7d5772-324d-45b0-a836-dde24fd919a7",
            "ad9fb8d0-7b5b-4a00-9bf6-1e022c0043ef",
            "069dd2e6-377b-4a2e-acab-d42e0b4bf8b5",
            "37f7eec4-0775-42c4-8b15-1fb07d5959ee",
            "5bd36215-931a-4091-935e-f94486a08639",
            "2e0c0db2-f066-41f1-a0cd-79cba858ed1d",
            "d98ca836-9af6-4f97-9c17-6b1de5e0214e",
            "eb0adb37-28c8-4bb1-8a77-dc66f363d613",
            "f600aa5a-a220-4d0b-9c2d-1fcf776ae5c4",
            "928511d6-213f-46dc-bb26-50a44fbc9d91",
            "4fca1b72-0524-4898-bf28-3e59441fe0ae",
            "39f43eed-c965-4293-96a2-96372d61cf35",
            "906d0935-fa5a-4690-b957-78c115251f37",
            "322a1ae6-4dd1-45d5-9268-7bce23d9c5fc",
            "2add3e3e-719f-4805-b8d1-6fa8150b4b67",
            "90727499-c12c-41c5-b643-f1e0f209e321",
            "c1504917-b61c-46dc-89f6-86441f7fd715",
            "cc017257-d6e2-42e2-b250-48ccb7de9158",
            "49f6aea2-3b59-49cc-b06b-89e51bc4ba5e",
            "92f7e20a-4ea5-4f6d-ae6e-0cf9eba8c9a7",
            "b7138f01-6658-4573-aa7c-70c3fdf3e9d4",
            "d410d07d-c42e-4156-8fb5-196245b1de9d",
            "8c65aef8-8a54-4637-ad09-e17b7223a8e9",
            "8b6dce45-7584-4f4a-b4b0-a99ce8409684",
            "88dcca31-5080-4682-a13b-ebf6c82c5b86",
            "6b7d4207-6087-4371-8879-8fc3ba96832a",
            "71175171-dac0-4480-acaf-0485df0453cf",
            "f92521b9-a2d2-47e0-ba2b-f3231cae994e",
            "7f6deac1-86b6-4aee-bf9a-0ad7e1c72710",
            "479f0ea3-254b-44ae-a5ee-847ea3508233",
            "03738740-0670-455d-bb22-7b3b53377274",
            "c4468b71-bed1-44e3-98fa-96a984b6c154",
            "978153cf-2ad4-4a5d-9006-9060bc06774d",
            "94696417-3edd-431c-92d3-4b3217ac60ba",
            "85f056c9-615b-409e-980b-20d65dfcbec5",
            "e8d1613a-c966-463c-94c2-fc1be678b4c9",
            "7b40049d-4399-4591-bdb3-b26204524485",
            "b4a0b9a2-5672-4f8a-a9da-3986f8b90d62",
            "6f76655b-68f1-44ff-88ba-846014559d88",
            "27f87fe9-b503-4516-a8e6-e8dc704ba9f6",
            "415570db-6a84-437d-a7e1-ff207dbc97ad",
            "3cbb5686-3c64-4815-9093-423624536345",
            "ef2f3a48-c24e-47ae-ac0b-f83fe78d9a65",
            "cea67c6c-000c-4eee-8eb8-41bc127c3231",
            "4374d946-d19d-4f72-a66d-48e666f77917",
            "3cc338d9-0b0d-4470-a2b8-d676b0b33ce9",
            "7ff9ffc8-e09d-4d16-afb9-49215153e656",
            "49d608d5-c704-4277-861a-df92f90e84aa",
            "faf24bbf-a07c-4c0b-b27c-b64e2c96e64c",
            "faa96fd8-7f66-4a0a-bab7-1b2ff587610d",
            "7820712c-0673-4b17-9ca3-2441baa65b39",
            "a818bc45-8bcc-4abe-a12c-520b70af3718",
            "4254411c-7833-492f-9812-2beb2a0d3a88",
            "7347c0df-b81e-428e-a370-26e910eb57c8",
            "0a649946-fbad-429d-8ef8-2182dcf32828",
            "6650156f-b09f-4829-8b4f-2fda21f249ac",
            "bfdeca35-79ef-4364-88dc-abc7fd6abebe",
            "93319ab7-f01f-4127-a02f-e75287490eb9",
            "1cd9467b-95e6-40fe-b00b-3d2206c6b564",
            "10a806d3-2b7d-45ed-be22-9d19435a2901",
            "4f60202c-54cf-400f-accc-506e5d2f530a",
            "70c63af2-d893-4afb-be7e-5e5a74f2cab1",
            "002ab6c6-1b4f-43cb-a2e5-ef1eddb0345b",
            "30d7639b-f80d-4c52-9ce8-78cebbeef629",
            "788a0dae-49ea-414b-bc06-067c4196116c"
          ],
          "pending": [],
          "skipped": [],
          "duration": 28529,
          "root": false,
          "rootEmpty": false,
          "_timeout": 2000
        }
      ],
      "passes": [],
      "failures": [],
      "pending": [],
      "skipped": [],
      "duration": 0,
      "root": true,
      "rootEmpty": true,
      "_timeout": 2000
    }
  ],
  "meta": {
    "mocha": {
      "version": "7.0.1"
    },
    "mochawesome": {
      "options": {
        "quiet": false,
        "reportFilename": "mochawesome",
        "saveHtml": true,
        "saveJson": true,
        "consoleReporter": "spec",
        "useInlineDiffs": false,
        "code": true
      },
      "version": "7.1.3"
    },
    "marge": {
      "options": null,
      "version": "6.2.0"
    }
  }
}