{
  "stats": {
    "suites": 1,
    "tests": 117,
    "passes": 117,
    "pending": 0,
    "failures": 0,
    "start": "2024-04-04T17:10:07.409Z",
    "end": "2024-04-04T17:26:24.923Z",
    "duration": 977514,
    "testsRegistered": 117,
    "passPercent": 100,
    "pendingPercent": 0,
    "other": 0,
    "hasOther": false,
    "skipped": 0,
    "hasSkipped": false
  },
  "results": [
    {
      "uuid": "2f301a9e-0431-4b17-9166-d47816446b2a",
      "title": "",
      "fullFile": "cypress/e2e/checkRender.cy.js",
      "file": "cypress/e2e/checkRender.cy.js",
      "beforeHooks": [],
      "afterHooks": [],
      "tests": [],
      "suites": [
        {
          "uuid": "e54b97df-c3bc-48bf-9c2e-e9a872c50923",
          "title": "Validação de URLs",
          "fullFile": "",
          "file": "",
          "beforeHooks": [],
          "afterHooks": [],
          "tests": [
            {
              "title": "Ambiente: https://dialogqa-pwa.dialog.cm/login?redirect=false",
              "fullTitle": "Validação de URLs Ambiente: https://dialogqa-pwa.dialog.cm/login?redirect=false",
              "timedOut": null,
              "duration": 37757,
              "state": "passed",
              "speed": "slow",
              "pass": true,
              "fail": false,
              "pending": false,
              "context": null,
              "code": "cy.visit(url);\n// Validações da tela\ncy.get('body').should('exist'); // Verifica se o body html foi carregado\ncy.get('[data-testid=\"login.username\"]').should('be.visible'); // Input de login\ncy.get('[data-testid=\"login.password\"]').should('be.visible'); // Input de password\ncy.xpath('//button[contains(., \"Entrar\")]').should('be.visible'); // Button 'Entrar'\ncy.xpath('//a[contains(., \"Comece por aqui\")]').should('be.visible'); // Button 'Comece por aqui'\ncy.xpath('//a[contains(., \"Esqueci minha senha\")]').should('be.visible'); // Link 'Esqueci minha senha'",
              "err": {},
              "uuid": "55412dd0-4e16-43bc-8497-992ad235406a",
              "parentUUID": "e54b97df-c3bc-48bf-9c2e-e9a872c50923",
              "isHook": false,
              "skipped": false
            },
            {
              "title": "Ambiente: https://somosdialog-pwa.dialog.cm/login?redirect=false",
              "fullTitle": "Validação de URLs Ambiente: https://somosdialog-pwa.dialog.cm/login?redirect=false",
              "timedOut": null,
              "duration": 18630,
              "state": "passed",
              "speed": "slow",
              "pass": true,
              "fail": false,
              "pending": false,
              "context": null,
              "code": "cy.visit(url);\n// Validações da tela\ncy.get('body').should('exist'); // Verifica se o body html foi carregado\ncy.get('[data-testid=\"login.username\"]').should('be.visible'); // Input de login\ncy.get('[data-testid=\"login.password\"]').should('be.visible'); // Input de password\ncy.xpath('//button[contains(., \"Entrar\")]').should('be.visible'); // Button 'Entrar'\ncy.xpath('//a[contains(., \"Comece por aqui\")]').should('be.visible'); // Button 'Comece por aqui'\ncy.xpath('//a[contains(., \"Esqueci minha senha\")]').should('be.visible'); // Link 'Esqueci minha senha'",
              "err": {},
              "uuid": "491616d5-7957-47ee-a10f-7447110726b3",
              "parentUUID": "e54b97df-c3bc-48bf-9c2e-e9a872c50923",
              "isHook": false,
              "skipped": false
            },
            {
              "title": "Ambiente: https://abcdaconstrucao-pwa.dialog.cm/login?redirect=false",
              "fullTitle": "Validação de URLs Ambiente: https://abcdaconstrucao-pwa.dialog.cm/login?redirect=false",
              "timedOut": null,
              "duration": 10336,
              "state": "passed",
              "speed": "slow",
              "pass": true,
              "fail": false,
              "pending": false,
              "context": null,
              "code": "cy.visit(url);\n// Validações da tela\ncy.get('body').should('exist'); // Verifica se o body html foi carregado\ncy.get('[data-testid=\"login.username\"]').should('be.visible'); // Input de login\ncy.get('[data-testid=\"login.password\"]').should('be.visible'); // Input de password\ncy.xpath('//button[contains(., \"Entrar\")]').should('be.visible'); // Button 'Entrar'\ncy.xpath('//a[contains(., \"Comece por aqui\")]').should('be.visible'); // Button 'Comece por aqui'\ncy.xpath('//a[contains(., \"Esqueci minha senha\")]').should('be.visible'); // Link 'Esqueci minha senha'",
              "err": {},
              "uuid": "48b4abfc-2c70-432d-a14c-a51e2339bb6e",
              "parentUUID": "e54b97df-c3bc-48bf-9c2e-e9a872c50923",
              "isHook": false,
              "skipped": false
            },
            {
              "title": "Ambiente: https://adecoapp.com.br/login?redirect=false",
              "fullTitle": "Validação de URLs Ambiente: https://adecoapp.com.br/login?redirect=false",
              "timedOut": null,
              "duration": 3270,
              "state": "passed",
              "speed": "fast",
              "pass": true,
              "fail": false,
              "pending": false,
              "context": null,
              "code": "cy.visit(url);\n// Validações da tela\ncy.get('body').should('exist'); // Verifica se o body html foi carregado\ncy.get('[data-testid=\"login.username\"]').should('be.visible'); // Input de login\ncy.get('[data-testid=\"login.password\"]').should('be.visible'); // Input de password\ncy.xpath('//button[contains(., \"Entrar\")]').should('be.visible'); // Button 'Entrar'\ncy.xpath('//a[contains(., \"Comece por aqui\")]').should('be.visible'); // Button 'Comece por aqui'\ncy.xpath('//a[contains(., \"Esqueci minha senha\")]').should('be.visible'); // Link 'Esqueci minha senha'",
              "err": {},
              "uuid": "b9ede14a-0949-412f-9c9d-ccc8f0068748",
              "parentUUID": "e54b97df-c3bc-48bf-9c2e-e9a872c50923",
              "isHook": false,
              "skipped": false
            },
            {
              "title": "Ambiente: https://allied-pwa.dialog.cm/login?redirect=false",
              "fullTitle": "Validação de URLs Ambiente: https://allied-pwa.dialog.cm/login?redirect=false",
              "timedOut": null,
              "duration": 3945,
              "state": "passed",
              "speed": "fast",
              "pass": true,
              "fail": false,
              "pending": false,
              "context": null,
              "code": "cy.visit(url);\n// Validações da tela\ncy.get('body').should('exist'); // Verifica se o body html foi carregado\ncy.get('[data-testid=\"login.username\"]').should('be.visible'); // Input de login\ncy.get('[data-testid=\"login.password\"]').should('be.visible'); // Input de password\ncy.xpath('//button[contains(., \"Entrar\")]').should('be.visible'); // Button 'Entrar'\ncy.xpath('//a[contains(., \"Comece por aqui\")]').should('be.visible'); // Button 'Comece por aqui'\ncy.xpath('//a[contains(., \"Esqueci minha senha\")]').should('be.visible'); // Link 'Esqueci minha senha'",
              "err": {},
              "uuid": "959971ab-2b52-4d61-812f-5723b03fabff",
              "parentUUID": "e54b97df-c3bc-48bf-9c2e-e9a872c50923",
              "isHook": false,
              "skipped": false
            },
            {
              "title": "Ambiente: https://amaggi-pwa.dialog.cm/login?redirect=false",
              "fullTitle": "Validação de URLs Ambiente: https://amaggi-pwa.dialog.cm/login?redirect=false",
              "timedOut": null,
              "duration": 4389,
              "state": "passed",
              "speed": "fast",
              "pass": true,
              "fail": false,
              "pending": false,
              "context": null,
              "code": "cy.visit(url);\n// Validações da tela\ncy.get('body').should('exist'); // Verifica se o body html foi carregado\ncy.get('[data-testid=\"login.username\"]').should('be.visible'); // Input de login\ncy.get('[data-testid=\"login.password\"]').should('be.visible'); // Input de password\ncy.xpath('//button[contains(., \"Entrar\")]').should('be.visible'); // Button 'Entrar'\ncy.xpath('//a[contains(., \"Comece por aqui\")]').should('be.visible'); // Button 'Comece por aqui'\ncy.xpath('//a[contains(., \"Esqueci minha senha\")]').should('be.visible'); // Link 'Esqueci minha senha'",
              "err": {},
              "uuid": "4bc1b12c-8edb-44da-b6b3-93047aa8a8d2",
              "parentUUID": "e54b97df-c3bc-48bf-9c2e-e9a872c50923",
              "isHook": false,
              "skipped": false
            },
            {
              "title": "Ambiente: https://ancar-pwa.dialog.cm/login?redirect=false",
              "fullTitle": "Validação de URLs Ambiente: https://ancar-pwa.dialog.cm/login?redirect=false",
              "timedOut": null,
              "duration": 3646,
              "state": "passed",
              "speed": "fast",
              "pass": true,
              "fail": false,
              "pending": false,
              "context": null,
              "code": "cy.visit(url);\n// Validações da tela\ncy.get('body').should('exist'); // Verifica se o body html foi carregado\ncy.get('[data-testid=\"login.username\"]').should('be.visible'); // Input de login\ncy.get('[data-testid=\"login.password\"]').should('be.visible'); // Input de password\ncy.xpath('//button[contains(., \"Entrar\")]').should('be.visible'); // Button 'Entrar'\ncy.xpath('//a[contains(., \"Comece por aqui\")]').should('be.visible'); // Button 'Comece por aqui'\ncy.xpath('//a[contains(., \"Esqueci minha senha\")]').should('be.visible'); // Link 'Esqueci minha senha'",
              "err": {},
              "uuid": "7bd480e4-0e5f-464b-a304-dcc651c9007d",
              "parentUUID": "e54b97df-c3bc-48bf-9c2e-e9a872c50923",
              "isHook": false,
              "skipped": false
            },
            {
              "title": "Ambiente: https://arcelormittal-pwa.dialog.cm/login?redirect=false",
              "fullTitle": "Validação de URLs Ambiente: https://arcelormittal-pwa.dialog.cm/login?redirect=false",
              "timedOut": null,
              "duration": 4954,
              "state": "passed",
              "speed": "fast",
              "pass": true,
              "fail": false,
              "pending": false,
              "context": null,
              "code": "cy.visit(url);\n// Validações da tela\ncy.get('body').should('exist'); // Verifica se o body html foi carregado\ncy.get('[data-testid=\"login.username\"]').should('be.visible'); // Input de login\ncy.get('[data-testid=\"login.password\"]').should('be.visible'); // Input de password\ncy.xpath('//button[contains(., \"Entrar\")]').should('be.visible'); // Button 'Entrar'\ncy.xpath('//a[contains(., \"Comece por aqui\")]').should('be.visible'); // Button 'Comece por aqui'\ncy.xpath('//a[contains(., \"Esqueci minha senha\")]').should('be.visible'); // Link 'Esqueci minha senha'",
              "err": {},
              "uuid": "fb8c3eb7-d046-495f-be1b-6930b1a13c6b",
              "parentUUID": "e54b97df-c3bc-48bf-9c2e-e9a872c50923",
              "isHook": false,
              "skipped": false
            },
            {
              "title": "Ambiente: https://armac-pwa.dialog.cm/login?redirect=false",
              "fullTitle": "Validação de URLs Ambiente: https://armac-pwa.dialog.cm/login?redirect=false",
              "timedOut": null,
              "duration": 3601,
              "state": "passed",
              "speed": "fast",
              "pass": true,
              "fail": false,
              "pending": false,
              "context": null,
              "code": "cy.visit(url);\n// Validações da tela\ncy.get('body').should('exist'); // Verifica se o body html foi carregado\ncy.get('[data-testid=\"login.username\"]').should('be.visible'); // Input de login\ncy.get('[data-testid=\"login.password\"]').should('be.visible'); // Input de password\ncy.xpath('//button[contains(., \"Entrar\")]').should('be.visible'); // Button 'Entrar'\ncy.xpath('//a[contains(., \"Comece por aqui\")]').should('be.visible'); // Button 'Comece por aqui'\ncy.xpath('//a[contains(., \"Esqueci minha senha\")]').should('be.visible'); // Link 'Esqueci minha senha'",
              "err": {},
              "uuid": "277789db-4a2d-4309-9544-8d123a186a17",
              "parentUUID": "e54b97df-c3bc-48bf-9c2e-e9a872c50923",
              "isHook": false,
              "skipped": false
            },
            {
              "title": "Ambiente: https://arsystem-pwa.dialog.cm/login?redirect=false",
              "fullTitle": "Validação de URLs Ambiente: https://arsystem-pwa.dialog.cm/login?redirect=false",
              "timedOut": null,
              "duration": 4970,
              "state": "passed",
              "speed": "fast",
              "pass": true,
              "fail": false,
              "pending": false,
              "context": null,
              "code": "cy.visit(url);\n// Validações da tela\ncy.get('body').should('exist'); // Verifica se o body html foi carregado\ncy.get('[data-testid=\"login.username\"]').should('be.visible'); // Input de login\ncy.get('[data-testid=\"login.password\"]').should('be.visible'); // Input de password\ncy.xpath('//button[contains(., \"Entrar\")]').should('be.visible'); // Button 'Entrar'\ncy.xpath('//a[contains(., \"Comece por aqui\")]').should('be.visible'); // Button 'Comece por aqui'\ncy.xpath('//a[contains(., \"Esqueci minha senha\")]').should('be.visible'); // Link 'Esqueci minha senha'",
              "err": {},
              "uuid": "e6058a3d-99c6-4e9c-8b1b-1f7107f14431",
              "parentUUID": "e54b97df-c3bc-48bf-9c2e-e9a872c50923",
              "isHook": false,
              "skipped": false
            },
            {
              "title": "Ambiente: https://arteris-pwa.dialog.cm/login?redirect=false",
              "fullTitle": "Validação de URLs Ambiente: https://arteris-pwa.dialog.cm/login?redirect=false",
              "timedOut": null,
              "duration": 5530,
              "state": "passed",
              "speed": "medium",
              "pass": true,
              "fail": false,
              "pending": false,
              "context": null,
              "code": "cy.visit(url);\n// Validações da tela\ncy.get('body').should('exist'); // Verifica se o body html foi carregado\ncy.get('[data-testid=\"login.username\"]').should('be.visible'); // Input de login\ncy.get('[data-testid=\"login.password\"]').should('be.visible'); // Input de password\ncy.xpath('//button[contains(., \"Entrar\")]').should('be.visible'); // Button 'Entrar'\ncy.xpath('//a[contains(., \"Comece por aqui\")]').should('be.visible'); // Button 'Comece por aqui'\ncy.xpath('//a[contains(., \"Esqueci minha senha\")]').should('be.visible'); // Link 'Esqueci minha senha'",
              "err": {},
              "uuid": "945cd253-68b5-42c0-852d-7d460213a3af",
              "parentUUID": "e54b97df-c3bc-48bf-9c2e-e9a872c50923",
              "isHook": false,
              "skipped": false
            },
            {
              "title": "Ambiente: https://aster-pwa.dialog.cm/login?redirect=false",
              "fullTitle": "Validação de URLs Ambiente: https://aster-pwa.dialog.cm/login?redirect=false",
              "timedOut": null,
              "duration": 4804,
              "state": "passed",
              "speed": "fast",
              "pass": true,
              "fail": false,
              "pending": false,
              "context": null,
              "code": "cy.visit(url);\n// Validações da tela\ncy.get('body').should('exist'); // Verifica se o body html foi carregado\ncy.get('[data-testid=\"login.username\"]').should('be.visible'); // Input de login\ncy.get('[data-testid=\"login.password\"]').should('be.visible'); // Input de password\ncy.xpath('//button[contains(., \"Entrar\")]').should('be.visible'); // Button 'Entrar'\ncy.xpath('//a[contains(., \"Comece por aqui\")]').should('be.visible'); // Button 'Comece por aqui'\ncy.xpath('//a[contains(., \"Esqueci minha senha\")]').should('be.visible'); // Link 'Esqueci minha senha'",
              "err": {},
              "uuid": "30f7af29-0297-49e8-b7a3-6c725dafa420",
              "parentUUID": "e54b97df-c3bc-48bf-9c2e-e9a872c50923",
              "isHook": false,
              "skipped": false
            },
            {
              "title": "Ambiente: https://atlantica-pwa.dialog.cm/login?redirect=false",
              "fullTitle": "Validação de URLs Ambiente: https://atlantica-pwa.dialog.cm/login?redirect=false",
              "timedOut": null,
              "duration": 3286,
              "state": "passed",
              "speed": "fast",
              "pass": true,
              "fail": false,
              "pending": false,
              "context": null,
              "code": "cy.visit(url);\n// Validações da tela\ncy.get('body').should('exist'); // Verifica se o body html foi carregado\ncy.get('[data-testid=\"login.username\"]').should('be.visible'); // Input de login\ncy.get('[data-testid=\"login.password\"]').should('be.visible'); // Input de password\ncy.xpath('//button[contains(., \"Entrar\")]').should('be.visible'); // Button 'Entrar'\ncy.xpath('//a[contains(., \"Comece por aqui\")]').should('be.visible'); // Button 'Comece por aqui'\ncy.xpath('//a[contains(., \"Esqueci minha senha\")]').should('be.visible'); // Link 'Esqueci minha senha'",
              "err": {},
              "uuid": "113a6ac7-3789-424b-aefe-4d4ee9d3f4af",
              "parentUUID": "e54b97df-c3bc-48bf-9c2e-e9a872c50923",
              "isHook": false,
              "skipped": false
            },
            {
              "title": "Ambiente: https://bahamas-pwa.dialog.cm/login/login?redirect=false",
              "fullTitle": "Validação de URLs Ambiente: https://bahamas-pwa.dialog.cm/login/login?redirect=false",
              "timedOut": null,
              "duration": 4844,
              "state": "passed",
              "speed": "fast",
              "pass": true,
              "fail": false,
              "pending": false,
              "context": null,
              "code": "cy.visit(url);\n// Validações da tela\ncy.get('body').should('exist'); // Verifica se o body html foi carregado\ncy.get('[data-testid=\"login.username\"]').should('be.visible'); // Input de login\ncy.get('[data-testid=\"login.password\"]').should('be.visible'); // Input de password\ncy.xpath('//button[contains(., \"Entrar\")]').should('be.visible'); // Button 'Entrar'\ncy.xpath('//a[contains(., \"Comece por aqui\")]').should('be.visible'); // Button 'Comece por aqui'\ncy.xpath('//a[contains(., \"Esqueci minha senha\")]').should('be.visible'); // Link 'Esqueci minha senha'",
              "err": {},
              "uuid": "85c0a961-c73a-4de2-b1e1-1b70f50c99bd",
              "parentUUID": "e54b97df-c3bc-48bf-9c2e-e9a872c50923",
              "isHook": false,
              "skipped": false
            },
            {
              "title": "Ambiente: https://somosmais.grupobahamas.com.br/login?redirect=false",
              "fullTitle": "Validação de URLs Ambiente: https://somosmais.grupobahamas.com.br/login?redirect=false",
              "timedOut": null,
              "duration": 4682,
              "state": "passed",
              "speed": "fast",
              "pass": true,
              "fail": false,
              "pending": false,
              "context": null,
              "code": "cy.visit(url);\n// Validações da tela\ncy.get('body').should('exist'); // Verifica se o body html foi carregado\ncy.get('[data-testid=\"login.username\"]').should('be.visible'); // Input de login\ncy.get('[data-testid=\"login.password\"]').should('be.visible'); // Input de password\ncy.xpath('//button[contains(., \"Entrar\")]').should('be.visible'); // Button 'Entrar'\ncy.xpath('//a[contains(., \"Comece por aqui\")]').should('be.visible'); // Button 'Comece por aqui'\ncy.xpath('//a[contains(., \"Esqueci minha senha\")]').should('be.visible'); // Link 'Esqueci minha senha'",
              "err": {},
              "uuid": "c8f50f71-a2d6-4b9d-a9e9-cda4e6e35874",
              "parentUUID": "e54b97df-c3bc-48bf-9c2e-e9a872c50923",
              "isHook": false,
              "skipped": false
            },
            {
              "title": "Ambiente: https://band-pwa.dialog.cm/login?redirect=false",
              "fullTitle": "Validação de URLs Ambiente: https://band-pwa.dialog.cm/login?redirect=false",
              "timedOut": null,
              "duration": 5447,
              "state": "passed",
              "speed": "medium",
              "pass": true,
              "fail": false,
              "pending": false,
              "context": null,
              "code": "cy.visit(url);\n// Validações da tela\ncy.get('body').should('exist'); // Verifica se o body html foi carregado\ncy.get('[data-testid=\"login.username\"]').should('be.visible'); // Input de login\ncy.get('[data-testid=\"login.password\"]').should('be.visible'); // Input de password\ncy.xpath('//button[contains(., \"Entrar\")]').should('be.visible'); // Button 'Entrar'\ncy.xpath('//a[contains(., \"Comece por aqui\")]').should('be.visible'); // Button 'Comece por aqui'\ncy.xpath('//a[contains(., \"Esqueci minha senha\")]').should('be.visible'); // Link 'Esqueci minha senha'",
              "err": {},
              "uuid": "f0b8d13b-9d29-4e39-91da-355413c7372f",
              "parentUUID": "e54b97df-c3bc-48bf-9c2e-e9a872c50923",
              "isHook": false,
              "skipped": false
            },
            {
              "title": "Ambiente: https://bat-pwa.dialog.cm/login?redirect=false",
              "fullTitle": "Validação de URLs Ambiente: https://bat-pwa.dialog.cm/login?redirect=false",
              "timedOut": null,
              "duration": 4915,
              "state": "passed",
              "speed": "fast",
              "pass": true,
              "fail": false,
              "pending": false,
              "context": null,
              "code": "cy.visit(url);\n// Validações da tela\ncy.get('body').should('exist'); // Verifica se o body html foi carregado\ncy.get('[data-testid=\"login.username\"]').should('be.visible'); // Input de login\ncy.get('[data-testid=\"login.password\"]').should('be.visible'); // Input de password\ncy.xpath('//button[contains(., \"Entrar\")]').should('be.visible'); // Button 'Entrar'\ncy.xpath('//a[contains(., \"Comece por aqui\")]').should('be.visible'); // Button 'Comece por aqui'\ncy.xpath('//a[contains(., \"Esqueci minha senha\")]').should('be.visible'); // Link 'Esqueci minha senha'",
              "err": {},
              "uuid": "fbc4628a-2731-4b4f-ab6e-a9feb2696b92",
              "parentUUID": "e54b97df-c3bc-48bf-9c2e-e9a872c50923",
              "isHook": false,
              "skipped": false
            },
            {
              "title": "Ambiente: https://beontag-pwa.dialog.cm/login?redirect=false",
              "fullTitle": "Validação de URLs Ambiente: https://beontag-pwa.dialog.cm/login?redirect=false",
              "timedOut": null,
              "duration": 3012,
              "state": "passed",
              "speed": "fast",
              "pass": true,
              "fail": false,
              "pending": false,
              "context": null,
              "code": "cy.visit(url);\n// Validações da tela\ncy.get('body').should('exist'); // Verifica se o body html foi carregado\ncy.get('[data-testid=\"login.username\"]').should('be.visible'); // Input de login\ncy.get('[data-testid=\"login.password\"]').should('be.visible'); // Input de password\ncy.xpath('//button[contains(., \"Entrar\")]').should('be.visible'); // Button 'Entrar'\ncy.xpath('//a[contains(., \"Comece por aqui\")]').should('be.visible'); // Button 'Comece por aqui'\ncy.xpath('//a[contains(., \"Esqueci minha senha\")]').should('be.visible'); // Link 'Esqueci minha senha'",
              "err": {},
              "uuid": "c29955b8-adc2-4e6a-afa6-8c5bda1fe9cf",
              "parentUUID": "e54b97df-c3bc-48bf-9c2e-e9a872c50923",
              "isHook": false,
              "skipped": false
            },
            {
              "title": "Ambiente: https://biolab-pwa.dialog.cm/login?redirect=false",
              "fullTitle": "Validação de URLs Ambiente: https://biolab-pwa.dialog.cm/login?redirect=false",
              "timedOut": null,
              "duration": 5302,
              "state": "passed",
              "speed": "medium",
              "pass": true,
              "fail": false,
              "pending": false,
              "context": null,
              "code": "cy.visit(url);\n// Validações da tela\ncy.get('body').should('exist'); // Verifica se o body html foi carregado\ncy.get('[data-testid=\"login.username\"]').should('be.visible'); // Input de login\ncy.get('[data-testid=\"login.password\"]').should('be.visible'); // Input de password\ncy.xpath('//button[contains(., \"Entrar\")]').should('be.visible'); // Button 'Entrar'\ncy.xpath('//a[contains(., \"Comece por aqui\")]').should('be.visible'); // Button 'Comece por aqui'\ncy.xpath('//a[contains(., \"Esqueci minha senha\")]').should('be.visible'); // Link 'Esqueci minha senha'",
              "err": {},
              "uuid": "c53c5ab2-7326-4649-b3ad-6173aca83e95",
              "parentUUID": "e54b97df-c3bc-48bf-9c2e-e9a872c50923",
              "isHook": false,
              "skipped": false
            },
            {
              "title": "Ambiente: https://bpbunge-pwa.dialog.cm/login?redirect=false",
              "fullTitle": "Validação de URLs Ambiente: https://bpbunge-pwa.dialog.cm/login?redirect=false",
              "timedOut": null,
              "duration": 5673,
              "state": "passed",
              "speed": "medium",
              "pass": true,
              "fail": false,
              "pending": false,
              "context": null,
              "code": "cy.visit(url);\n// Validações da tela\ncy.get('body').should('exist'); // Verifica se o body html foi carregado\ncy.get('[data-testid=\"login.username\"]').should('be.visible'); // Input de login\ncy.get('[data-testid=\"login.password\"]').should('be.visible'); // Input de password\ncy.xpath('//button[contains(., \"Entrar\")]').should('be.visible'); // Button 'Entrar'\ncy.xpath('//a[contains(., \"Comece por aqui\")]').should('be.visible'); // Button 'Comece por aqui'\ncy.xpath('//a[contains(., \"Esqueci minha senha\")]').should('be.visible'); // Link 'Esqueci minha senha'",
              "err": {},
              "uuid": "7a68e62d-5409-409c-83aa-fd47353597b9",
              "parentUUID": "e54b97df-c3bc-48bf-9c2e-e9a872c50923",
              "isHook": false,
              "skipped": false
            },
            {
              "title": "Ambiente: https://braveo-pwa.dialog.cm/login?redirect=false",
              "fullTitle": "Validação de URLs Ambiente: https://braveo-pwa.dialog.cm/login?redirect=false",
              "timedOut": null,
              "duration": 6438,
              "state": "passed",
              "speed": "medium",
              "pass": true,
              "fail": false,
              "pending": false,
              "context": null,
              "code": "cy.visit(url);\n// Validações da tela\ncy.get('body').should('exist'); // Verifica se o body html foi carregado\ncy.get('[data-testid=\"login.username\"]').should('be.visible'); // Input de login\ncy.get('[data-testid=\"login.password\"]').should('be.visible'); // Input de password\ncy.xpath('//button[contains(., \"Entrar\")]').should('be.visible'); // Button 'Entrar'\ncy.xpath('//a[contains(., \"Comece por aqui\")]').should('be.visible'); // Button 'Comece por aqui'\ncy.xpath('//a[contains(., \"Esqueci minha senha\")]').should('be.visible'); // Link 'Esqueci minha senha'",
              "err": {},
              "uuid": "fc20fae5-568b-41d9-abad-a4fef88825c2",
              "parentUUID": "e54b97df-c3bc-48bf-9c2e-e9a872c50923",
              "isHook": false,
              "skipped": false
            },
            {
              "title": "Ambiente: https://brl-pwa.dialog.cm/login?redirect=false",
              "fullTitle": "Validação de URLs Ambiente: https://brl-pwa.dialog.cm/login?redirect=false",
              "timedOut": null,
              "duration": 7364,
              "state": "passed",
              "speed": "medium",
              "pass": true,
              "fail": false,
              "pending": false,
              "context": null,
              "code": "cy.visit(url);\n// Validações da tela\ncy.get('body').should('exist'); // Verifica se o body html foi carregado\ncy.get('[data-testid=\"login.username\"]').should('be.visible'); // Input de login\ncy.get('[data-testid=\"login.password\"]').should('be.visible'); // Input de password\ncy.xpath('//button[contains(., \"Entrar\")]').should('be.visible'); // Button 'Entrar'\ncy.xpath('//a[contains(., \"Comece por aqui\")]').should('be.visible'); // Button 'Comece por aqui'\ncy.xpath('//a[contains(., \"Esqueci minha senha\")]').should('be.visible'); // Link 'Esqueci minha senha'",
              "err": {},
              "uuid": "e6dff307-f976-47c4-85c7-0a27b1ce7658",
              "parentUUID": "e54b97df-c3bc-48bf-9c2e-e9a872c50923",
              "isHook": false,
              "skipped": false
            },
            {
              "title": "Ambiente: https://camargocorrea-pwa.dialog.cm/login?redirect=false",
              "fullTitle": "Validação de URLs Ambiente: https://camargocorrea-pwa.dialog.cm/login?redirect=false",
              "timedOut": null,
              "duration": 4506,
              "state": "passed",
              "speed": "fast",
              "pass": true,
              "fail": false,
              "pending": false,
              "context": null,
              "code": "cy.visit(url);\n// Validações da tela\ncy.get('body').should('exist'); // Verifica se o body html foi carregado\ncy.get('[data-testid=\"login.username\"]').should('be.visible'); // Input de login\ncy.get('[data-testid=\"login.password\"]').should('be.visible'); // Input de password\ncy.xpath('//button[contains(., \"Entrar\")]').should('be.visible'); // Button 'Entrar'\ncy.xpath('//a[contains(., \"Comece por aqui\")]').should('be.visible'); // Button 'Comece por aqui'\ncy.xpath('//a[contains(., \"Esqueci minha senha\")]').should('be.visible'); // Link 'Esqueci minha senha'",
              "err": {},
              "uuid": "4f749336-f1f0-4ba6-8b2f-8fe3ded2d4a7",
              "parentUUID": "e54b97df-c3bc-48bf-9c2e-e9a872c50923",
              "isHook": false,
              "skipped": false
            },
            {
              "title": "Ambiente: https://ceci-pwa.dialog.cm/home/login?redirect=false",
              "fullTitle": "Validação de URLs Ambiente: https://ceci-pwa.dialog.cm/home/login?redirect=false",
              "timedOut": null,
              "duration": 4415,
              "state": "passed",
              "speed": "fast",
              "pass": true,
              "fail": false,
              "pending": false,
              "context": null,
              "code": "cy.visit(url);\n// Validações da tela\ncy.get('body').should('exist'); // Verifica se o body html foi carregado\ncy.get('[data-testid=\"login.username\"]').should('be.visible'); // Input de login\ncy.get('[data-testid=\"login.password\"]').should('be.visible'); // Input de password\ncy.xpath('//button[contains(., \"Entrar\")]').should('be.visible'); // Button 'Entrar'\ncy.xpath('//a[contains(., \"Comece por aqui\")]').should('be.visible'); // Button 'Comece por aqui'\ncy.xpath('//a[contains(., \"Esqueci minha senha\")]').should('be.visible'); // Link 'Esqueci minha senha'",
              "err": {},
              "uuid": "61a08735-367b-4a67-b5ed-2c1bfb7587ca",
              "parentUUID": "e54b97df-c3bc-48bf-9c2e-e9a872c50923",
              "isHook": false,
              "skipped": false
            },
            {
              "title": "Ambiente: https://cbm-pwa.dialog.cm/login?redirect=false",
              "fullTitle": "Validação de URLs Ambiente: https://cbm-pwa.dialog.cm/login?redirect=false",
              "timedOut": null,
              "duration": 6124,
              "state": "passed",
              "speed": "medium",
              "pass": true,
              "fail": false,
              "pending": false,
              "context": null,
              "code": "cy.visit(url);\n// Validações da tela\ncy.get('body').should('exist'); // Verifica se o body html foi carregado\ncy.get('[data-testid=\"login.username\"]').should('be.visible'); // Input de login\ncy.get('[data-testid=\"login.password\"]').should('be.visible'); // Input de password\ncy.xpath('//button[contains(., \"Entrar\")]').should('be.visible'); // Button 'Entrar'\ncy.xpath('//a[contains(., \"Comece por aqui\")]').should('be.visible'); // Button 'Comece por aqui'\ncy.xpath('//a[contains(., \"Esqueci minha senha\")]').should('be.visible'); // Link 'Esqueci minha senha'",
              "err": {},
              "uuid": "0dbdfdf3-ad00-40c8-8f89-55e673cc0811",
              "parentUUID": "e54b97df-c3bc-48bf-9c2e-e9a872c50923",
              "isHook": false,
              "skipped": false
            },
            {
              "title": "Ambiente: https://maisclamed.com.br/login/login?redirect=false",
              "fullTitle": "Validação de URLs Ambiente: https://maisclamed.com.br/login/login?redirect=false",
              "timedOut": null,
              "duration": 6178,
              "state": "passed",
              "speed": "medium",
              "pass": true,
              "fail": false,
              "pending": false,
              "context": null,
              "code": "cy.visit(url);\n// Validações da tela\ncy.get('body').should('exist'); // Verifica se o body html foi carregado\ncy.get('[data-testid=\"login.username\"]').should('be.visible'); // Input de login\ncy.get('[data-testid=\"login.password\"]').should('be.visible'); // Input de password\ncy.xpath('//button[contains(., \"Entrar\")]').should('be.visible'); // Button 'Entrar'\ncy.xpath('//a[contains(., \"Comece por aqui\")]').should('be.visible'); // Button 'Comece por aqui'\ncy.xpath('//a[contains(., \"Esqueci minha senha\")]').should('be.visible'); // Link 'Esqueci minha senha'",
              "err": {},
              "uuid": "1dd8ce8e-9585-4d42-b06d-3f0ef88358d9",
              "parentUUID": "e54b97df-c3bc-48bf-9c2e-e9a872c50923",
              "isHook": false,
              "skipped": false
            },
            {
              "title": "Ambiente: https://conasa-pwa.dialog.cm/login?redirect=false",
              "fullTitle": "Validação de URLs Ambiente: https://conasa-pwa.dialog.cm/login?redirect=false",
              "timedOut": null,
              "duration": 4829,
              "state": "passed",
              "speed": "fast",
              "pass": true,
              "fail": false,
              "pending": false,
              "context": null,
              "code": "cy.visit(url);\n// Validações da tela\ncy.get('body').should('exist'); // Verifica se o body html foi carregado\ncy.get('[data-testid=\"login.username\"]').should('be.visible'); // Input de login\ncy.get('[data-testid=\"login.password\"]').should('be.visible'); // Input de password\ncy.xpath('//button[contains(., \"Entrar\")]').should('be.visible'); // Button 'Entrar'\ncy.xpath('//a[contains(., \"Comece por aqui\")]').should('be.visible'); // Button 'Comece por aqui'\ncy.xpath('//a[contains(., \"Esqueci minha senha\")]').should('be.visible'); // Link 'Esqueci minha senha'",
              "err": {},
              "uuid": "6533e8d0-8892-41b6-bedc-85433d0f1273",
              "parentUUID": "e54b97df-c3bc-48bf-9c2e-e9a872c50923",
              "isHook": false,
              "skipped": false
            },
            {
              "title": "Ambiente: https://coop-pwa.dialog.cm/login?redirect=false",
              "fullTitle": "Validação de URLs Ambiente: https://coop-pwa.dialog.cm/login?redirect=false",
              "timedOut": null,
              "duration": 10007,
              "state": "passed",
              "speed": "slow",
              "pass": true,
              "fail": false,
              "pending": false,
              "context": null,
              "code": "cy.visit(url);\n// Validações da tela\ncy.get('body').should('exist'); // Verifica se o body html foi carregado\ncy.get('[data-testid=\"login.username\"]').should('be.visible'); // Input de login\ncy.get('[data-testid=\"login.password\"]').should('be.visible'); // Input de password\ncy.xpath('//button[contains(., \"Entrar\")]').should('be.visible'); // Button 'Entrar'\ncy.xpath('//a[contains(., \"Comece por aqui\")]').should('be.visible'); // Button 'Comece por aqui'\ncy.xpath('//a[contains(., \"Esqueci minha senha\")]').should('be.visible'); // Link 'Esqueci minha senha'",
              "err": {},
              "uuid": "201d6c8d-8a6b-4103-bb4e-54314b64bf99",
              "parentUUID": "e54b97df-c3bc-48bf-9c2e-e9a872c50923",
              "isHook": false,
              "skipped": false
            },
            {
              "title": "Ambiente: https://cooperativaholambra-pwa.dialog.cm/login?redirect=false",
              "fullTitle": "Validação de URLs Ambiente: https://cooperativaholambra-pwa.dialog.cm/login?redirect=false",
              "timedOut": null,
              "duration": 9433,
              "state": "passed",
              "speed": "medium",
              "pass": true,
              "fail": false,
              "pending": false,
              "context": null,
              "code": "cy.visit(url);\n// Validações da tela\ncy.get('body').should('exist'); // Verifica se o body html foi carregado\ncy.get('[data-testid=\"login.username\"]').should('be.visible'); // Input de login\ncy.get('[data-testid=\"login.password\"]').should('be.visible'); // Input de password\ncy.xpath('//button[contains(., \"Entrar\")]').should('be.visible'); // Button 'Entrar'\ncy.xpath('//a[contains(., \"Comece por aqui\")]').should('be.visible'); // Button 'Comece por aqui'\ncy.xpath('//a[contains(., \"Esqueci minha senha\")]').should('be.visible'); // Link 'Esqueci minha senha'",
              "err": {},
              "uuid": "d9f8e1f0-eeec-44a6-8259-371a1b034a0d",
              "parentUUID": "e54b97df-c3bc-48bf-9c2e-e9a872c50923",
              "isHook": false,
              "skipped": false
            },
            {
              "title": "Ambiente: https://coplacana-pwa.dialog.cm/login?redirect=false",
              "fullTitle": "Validação de URLs Ambiente: https://coplacana-pwa.dialog.cm/login?redirect=false",
              "timedOut": null,
              "duration": 6030,
              "state": "passed",
              "speed": "medium",
              "pass": true,
              "fail": false,
              "pending": false,
              "context": null,
              "code": "cy.visit(url);\n// Validações da tela\ncy.get('body').should('exist'); // Verifica se o body html foi carregado\ncy.get('[data-testid=\"login.username\"]').should('be.visible'); // Input de login\ncy.get('[data-testid=\"login.password\"]').should('be.visible'); // Input de password\ncy.xpath('//button[contains(., \"Entrar\")]').should('be.visible'); // Button 'Entrar'\ncy.xpath('//a[contains(., \"Comece por aqui\")]').should('be.visible'); // Button 'Comece por aqui'\ncy.xpath('//a[contains(., \"Esqueci minha senha\")]').should('be.visible'); // Link 'Esqueci minha senha'",
              "err": {},
              "uuid": "dd7eeb69-8754-4ef0-99aa-d49bc73ea7b9",
              "parentUUID": "e54b97df-c3bc-48bf-9c2e-e9a872c50923",
              "isHook": false,
              "skipped": false
            },
            {
              "title": "Ambiente: https://cordenonsi-pwa.dialog.cm/login?redirect=false",
              "fullTitle": "Validação de URLs Ambiente: https://cordenonsi-pwa.dialog.cm/login?redirect=false",
              "timedOut": null,
              "duration": 4305,
              "state": "passed",
              "speed": "fast",
              "pass": true,
              "fail": false,
              "pending": false,
              "context": null,
              "code": "cy.visit(url);\n// Validações da tela\ncy.get('body').should('exist'); // Verifica se o body html foi carregado\ncy.get('[data-testid=\"login.username\"]').should('be.visible'); // Input de login\ncy.get('[data-testid=\"login.password\"]').should('be.visible'); // Input de password\ncy.xpath('//button[contains(., \"Entrar\")]').should('be.visible'); // Button 'Entrar'\ncy.xpath('//a[contains(., \"Comece por aqui\")]').should('be.visible'); // Button 'Comece por aqui'\ncy.xpath('//a[contains(., \"Esqueci minha senha\")]').should('be.visible'); // Link 'Esqueci minha senha'",
              "err": {},
              "uuid": "b757a155-de4d-47ca-a2c5-140833bdcd7a",
              "parentUUID": "e54b97df-c3bc-48bf-9c2e-e9a872c50923",
              "isHook": false,
              "skipped": false
            },
            {
              "title": "Ambiente: https://credsystem-pwa.dialog.cm/login?redirect=false",
              "fullTitle": "Validação de URLs Ambiente: https://credsystem-pwa.dialog.cm/login?redirect=false",
              "timedOut": null,
              "duration": 4206,
              "state": "passed",
              "speed": "fast",
              "pass": true,
              "fail": false,
              "pending": false,
              "context": null,
              "code": "cy.visit(url);\n// Validações da tela\ncy.get('body').should('exist'); // Verifica se o body html foi carregado\ncy.get('[data-testid=\"login.username\"]').should('be.visible'); // Input de login\ncy.get('[data-testid=\"login.password\"]').should('be.visible'); // Input de password\ncy.xpath('//button[contains(., \"Entrar\")]').should('be.visible'); // Button 'Entrar'\ncy.xpath('//a[contains(., \"Comece por aqui\")]').should('be.visible'); // Button 'Comece por aqui'\ncy.xpath('//a[contains(., \"Esqueci minha senha\")]').should('be.visible'); // Link 'Esqueci minha senha'",
              "err": {},
              "uuid": "71f32899-95d2-4a7c-ace7-e7d5878675bf",
              "parentUUID": "e54b97df-c3bc-48bf-9c2e-e9a872c50923",
              "isHook": false,
              "skipped": false
            },
            {
              "title": "Ambiente: https://cyrela-pwa.dialog.cm/login?redirect=false",
              "fullTitle": "Validação de URLs Ambiente: https://cyrela-pwa.dialog.cm/login?redirect=false",
              "timedOut": null,
              "duration": 4549,
              "state": "passed",
              "speed": "fast",
              "pass": true,
              "fail": false,
              "pending": false,
              "context": null,
              "code": "cy.visit(url);\n// Validações da tela\ncy.get('body').should('exist'); // Verifica se o body html foi carregado\ncy.get('[data-testid=\"login.username\"]').should('be.visible'); // Input de login\ncy.get('[data-testid=\"login.password\"]').should('be.visible'); // Input de password\ncy.xpath('//button[contains(., \"Entrar\")]').should('be.visible'); // Button 'Entrar'\ncy.xpath('//a[contains(., \"Comece por aqui\")]').should('be.visible'); // Button 'Comece por aqui'\ncy.xpath('//a[contains(., \"Esqueci minha senha\")]').should('be.visible'); // Link 'Esqueci minha senha'",
              "err": {},
              "uuid": "957b17b4-82d1-4bcb-8294-231c1685011e",
              "parentUUID": "e54b97df-c3bc-48bf-9c2e-e9a872c50923",
              "isHook": false,
              "skipped": false
            },
            {
              "title": "Ambiente: https://defensoriapublica-pwa.dialog.cm/login?redirect=false",
              "fullTitle": "Validação de URLs Ambiente: https://defensoriapublica-pwa.dialog.cm/login?redirect=false",
              "timedOut": null,
              "duration": 3269,
              "state": "passed",
              "speed": "fast",
              "pass": true,
              "fail": false,
              "pending": false,
              "context": null,
              "code": "cy.visit(url);\n// Validações da tela\ncy.get('body').should('exist'); // Verifica se o body html foi carregado\ncy.get('[data-testid=\"login.username\"]').should('be.visible'); // Input de login\ncy.get('[data-testid=\"login.password\"]').should('be.visible'); // Input de password\ncy.xpath('//button[contains(., \"Entrar\")]').should('be.visible'); // Button 'Entrar'\ncy.xpath('//a[contains(., \"Comece por aqui\")]').should('be.visible'); // Button 'Comece por aqui'\ncy.xpath('//a[contains(., \"Esqueci minha senha\")]').should('be.visible'); // Link 'Esqueci minha senha'",
              "err": {},
              "uuid": "49866c8a-9c07-42f8-afd3-dd04dd2ef364",
              "parentUUID": "e54b97df-c3bc-48bf-9c2e-e9a872c50923",
              "isHook": false,
              "skipped": false
            },
            {
              "title": "Ambiente: https://go-pwa.dialog.cm/login?redirect=false",
              "fullTitle": "Validação de URLs Ambiente: https://go-pwa.dialog.cm/login?redirect=false",
              "timedOut": null,
              "duration": 6081,
              "state": "passed",
              "speed": "medium",
              "pass": true,
              "fail": false,
              "pending": false,
              "context": null,
              "code": "cy.visit(url);\n// Validações da tela\ncy.get('body').should('exist'); // Verifica se o body html foi carregado\ncy.get('[data-testid=\"login.username\"]').should('be.visible'); // Input de login\ncy.get('[data-testid=\"login.password\"]').should('be.visible'); // Input de password\ncy.xpath('//button[contains(., \"Entrar\")]').should('be.visible'); // Button 'Entrar'\ncy.xpath('//a[contains(., \"Comece por aqui\")]').should('be.visible'); // Button 'Comece por aqui'\ncy.xpath('//a[contains(., \"Esqueci minha senha\")]').should('be.visible'); // Link 'Esqueci minha senha'",
              "err": {},
              "uuid": "0bc9151c-2813-40cc-a4b1-a497a84c15d1",
              "parentUUID": "e54b97df-c3bc-48bf-9c2e-e9a872c50923",
              "isHook": false,
              "skipped": false
            },
            {
              "title": "Ambiente: https://moon-pwa.dialog.cm/login?redirect=false",
              "fullTitle": "Validação de URLs Ambiente: https://moon-pwa.dialog.cm/login?redirect=false",
              "timedOut": null,
              "duration": 3390,
              "state": "passed",
              "speed": "fast",
              "pass": true,
              "fail": false,
              "pending": false,
              "context": null,
              "code": "cy.visit(url);\n// Validações da tela\ncy.get('body').should('exist'); // Verifica se o body html foi carregado\ncy.get('[data-testid=\"login.username\"]').should('be.visible'); // Input de login\ncy.get('[data-testid=\"login.password\"]').should('be.visible'); // Input de password\ncy.xpath('//button[contains(., \"Entrar\")]').should('be.visible'); // Button 'Entrar'\ncy.xpath('//a[contains(., \"Comece por aqui\")]').should('be.visible'); // Button 'Comece por aqui'\ncy.xpath('//a[contains(., \"Esqueci minha senha\")]').should('be.visible'); // Link 'Esqueci minha senha'",
              "err": {},
              "uuid": "5b6c9706-8353-4b38-936c-2fbede33f3d0",
              "parentUUID": "e54b97df-c3bc-48bf-9c2e-e9a872c50923",
              "isHook": false,
              "skipped": false
            },
            {
              "title": "Ambiente: https://ecogen-pwa.dialog.cm/login?redirect=false",
              "fullTitle": "Validação de URLs Ambiente: https://ecogen-pwa.dialog.cm/login?redirect=false",
              "timedOut": null,
              "duration": 3871,
              "state": "passed",
              "speed": "fast",
              "pass": true,
              "fail": false,
              "pending": false,
              "context": null,
              "code": "cy.visit(url);\n// Validações da tela\ncy.get('body').should('exist'); // Verifica se o body html foi carregado\ncy.get('[data-testid=\"login.username\"]').should('be.visible'); // Input de login\ncy.get('[data-testid=\"login.password\"]').should('be.visible'); // Input de password\ncy.xpath('//button[contains(., \"Entrar\")]').should('be.visible'); // Button 'Entrar'\ncy.xpath('//a[contains(., \"Comece por aqui\")]').should('be.visible'); // Button 'Comece por aqui'\ncy.xpath('//a[contains(., \"Esqueci minha senha\")]').should('be.visible'); // Link 'Esqueci minha senha'",
              "err": {},
              "uuid": "85101329-f3d6-451a-b022-c777e830d63d",
              "parentUUID": "e54b97df-c3bc-48bf-9c2e-e9a872c50923",
              "isHook": false,
              "skipped": false
            },
            {
              "title": "Ambiente: https://embramaco-pwa.dialog.cm/login?redirect=false",
              "fullTitle": "Validação de URLs Ambiente: https://embramaco-pwa.dialog.cm/login?redirect=false",
              "timedOut": null,
              "duration": 5422,
              "state": "passed",
              "speed": "medium",
              "pass": true,
              "fail": false,
              "pending": false,
              "context": null,
              "code": "cy.visit(url);\n// Validações da tela\ncy.get('body').should('exist'); // Verifica se o body html foi carregado\ncy.get('[data-testid=\"login.username\"]').should('be.visible'); // Input de login\ncy.get('[data-testid=\"login.password\"]').should('be.visible'); // Input de password\ncy.xpath('//button[contains(., \"Entrar\")]').should('be.visible'); // Button 'Entrar'\ncy.xpath('//a[contains(., \"Comece por aqui\")]').should('be.visible'); // Button 'Comece por aqui'\ncy.xpath('//a[contains(., \"Esqueci minha senha\")]').should('be.visible'); // Link 'Esqueci minha senha'",
              "err": {},
              "uuid": "c50eaa0d-f3f4-43f6-b402-230b363b9c31",
              "parentUUID": "e54b97df-c3bc-48bf-9c2e-e9a872c50923",
              "isHook": false,
              "skipped": false
            },
            {
              "title": "Ambiente: https://espacolaser-pwa.dialog.cm/login?redirect=false",
              "fullTitle": "Validação de URLs Ambiente: https://espacolaser-pwa.dialog.cm/login?redirect=false",
              "timedOut": null,
              "duration": 4466,
              "state": "passed",
              "speed": "fast",
              "pass": true,
              "fail": false,
              "pending": false,
              "context": null,
              "code": "cy.visit(url);\n// Validações da tela\ncy.get('body').should('exist'); // Verifica se o body html foi carregado\ncy.get('[data-testid=\"login.username\"]').should('be.visible'); // Input de login\ncy.get('[data-testid=\"login.password\"]').should('be.visible'); // Input de password\ncy.xpath('//button[contains(., \"Entrar\")]').should('be.visible'); // Button 'Entrar'\ncy.xpath('//a[contains(., \"Comece por aqui\")]').should('be.visible'); // Button 'Comece por aqui'\ncy.xpath('//a[contains(., \"Esqueci minha senha\")]').should('be.visible'); // Link 'Esqueci minha senha'",
              "err": {},
              "uuid": "fc70ece7-a2d8-4012-949d-4aa7a640dff3",
              "parentUUID": "e54b97df-c3bc-48bf-9c2e-e9a872c50923",
              "isHook": false,
              "skipped": false
            },
            {
              "title": "Ambiente: https://flora-pwa.dialog.cm/login?redirect=false",
              "fullTitle": "Validação de URLs Ambiente: https://flora-pwa.dialog.cm/login?redirect=false",
              "timedOut": null,
              "duration": 3625,
              "state": "passed",
              "speed": "fast",
              "pass": true,
              "fail": false,
              "pending": false,
              "context": null,
              "code": "cy.visit(url);\n// Validações da tela\ncy.get('body').should('exist'); // Verifica se o body html foi carregado\ncy.get('[data-testid=\"login.username\"]').should('be.visible'); // Input de login\ncy.get('[data-testid=\"login.password\"]').should('be.visible'); // Input de password\ncy.xpath('//button[contains(., \"Entrar\")]').should('be.visible'); // Button 'Entrar'\ncy.xpath('//a[contains(., \"Comece por aqui\")]').should('be.visible'); // Button 'Comece por aqui'\ncy.xpath('//a[contains(., \"Esqueci minha senha\")]').should('be.visible'); // Link 'Esqueci minha senha'",
              "err": {},
              "uuid": "ae5154b6-c7db-4e84-8644-70bf6986037a",
              "parentUUID": "e54b97df-c3bc-48bf-9c2e-e9a872c50923",
              "isHook": false,
              "skipped": false
            },
            {
              "title": "Ambiente: https://mundoazul.fortlev.com.br/login?redirect=false",
              "fullTitle": "Validação de URLs Ambiente: https://mundoazul.fortlev.com.br/login?redirect=false",
              "timedOut": null,
              "duration": 3527,
              "state": "passed",
              "speed": "fast",
              "pass": true,
              "fail": false,
              "pending": false,
              "context": null,
              "code": "cy.visit(url);\n// Validações da tela\ncy.get('body').should('exist'); // Verifica se o body html foi carregado\ncy.get('[data-testid=\"login.username\"]').should('be.visible'); // Input de login\ncy.get('[data-testid=\"login.password\"]').should('be.visible'); // Input de password\ncy.xpath('//button[contains(., \"Entrar\")]').should('be.visible'); // Button 'Entrar'\ncy.xpath('//a[contains(., \"Comece por aqui\")]').should('be.visible'); // Button 'Comece por aqui'\ncy.xpath('//a[contains(., \"Esqueci minha senha\")]').should('be.visible'); // Link 'Esqueci minha senha'",
              "err": {},
              "uuid": "da485cb8-59f9-4b3a-8963-524de23ae7d4",
              "parentUUID": "e54b97df-c3bc-48bf-9c2e-e9a872c50923",
              "isHook": false,
              "skipped": false
            },
            {
              "title": "Ambiente: https://fortlev-pwa.dialog.cm/login?redirect=false",
              "fullTitle": "Validação de URLs Ambiente: https://fortlev-pwa.dialog.cm/login?redirect=false",
              "timedOut": null,
              "duration": 4874,
              "state": "passed",
              "speed": "fast",
              "pass": true,
              "fail": false,
              "pending": false,
              "context": null,
              "code": "cy.visit(url);\n// Validações da tela\ncy.get('body').should('exist'); // Verifica se o body html foi carregado\ncy.get('[data-testid=\"login.username\"]').should('be.visible'); // Input de login\ncy.get('[data-testid=\"login.password\"]').should('be.visible'); // Input de password\ncy.xpath('//button[contains(., \"Entrar\")]').should('be.visible'); // Button 'Entrar'\ncy.xpath('//a[contains(., \"Comece por aqui\")]').should('be.visible'); // Button 'Comece por aqui'\ncy.xpath('//a[contains(., \"Esqueci minha senha\")]').should('be.visible'); // Link 'Esqueci minha senha'",
              "err": {},
              "uuid": "24a209f8-f13a-4e66-8026-7fbecf63960b",
              "parentUUID": "e54b97df-c3bc-48bf-9c2e-e9a872c50923",
              "isHook": false,
              "skipped": false
            },
            {
              "title": "Ambiente: https://garra-pwa.dialog.cm/login?redirect=false",
              "fullTitle": "Validação de URLs Ambiente: https://garra-pwa.dialog.cm/login?redirect=false",
              "timedOut": null,
              "duration": 5566,
              "state": "passed",
              "speed": "medium",
              "pass": true,
              "fail": false,
              "pending": false,
              "context": null,
              "code": "cy.visit(url);\n// Validações da tela\ncy.get('body').should('exist'); // Verifica se o body html foi carregado\ncy.get('[data-testid=\"login.username\"]').should('be.visible'); // Input de login\ncy.get('[data-testid=\"login.password\"]').should('be.visible'); // Input de password\ncy.xpath('//button[contains(., \"Entrar\")]').should('be.visible'); // Button 'Entrar'\ncy.xpath('//a[contains(., \"Comece por aqui\")]').should('be.visible'); // Button 'Comece por aqui'\ncy.xpath('//a[contains(., \"Esqueci minha senha\")]').should('be.visible'); // Link 'Esqueci minha senha'",
              "err": {},
              "uuid": "026be658-5d85-4151-942a-728f70767b28",
              "parentUUID": "e54b97df-c3bc-48bf-9c2e-e9a872c50923",
              "isHook": false,
              "skipped": false
            },
            {
              "title": "Ambiente: https://gdmseeds-pwa.dialog.cm/login?redirect=false",
              "fullTitle": "Validação de URLs Ambiente: https://gdmseeds-pwa.dialog.cm/login?redirect=false",
              "timedOut": null,
              "duration": 4785,
              "state": "passed",
              "speed": "fast",
              "pass": true,
              "fail": false,
              "pending": false,
              "context": null,
              "code": "cy.visit(url);\n// Validações da tela\ncy.get('body').should('exist'); // Verifica se o body html foi carregado\ncy.get('[data-testid=\"login.username\"]').should('be.visible'); // Input de login\ncy.get('[data-testid=\"login.password\"]').should('be.visible'); // Input de password\ncy.xpath('//button[contains(., \"Entrar\")]').should('be.visible'); // Button 'Entrar'\ncy.xpath('//a[contains(., \"Comece por aqui\")]').should('be.visible'); // Button 'Comece por aqui'\ncy.xpath('//a[contains(., \"Esqueci minha senha\")]').should('be.visible'); // Link 'Esqueci minha senha'",
              "err": {},
              "uuid": "1dc1b695-5c31-4d91-b6c6-1590e5ce6130",
              "parentUUID": "e54b97df-c3bc-48bf-9c2e-e9a872c50923",
              "isHook": false,
              "skipped": false
            },
            {
              "title": "Ambiente: https://dialog.grupoinpress.com.br/login?redirect=false",
              "fullTitle": "Validação de URLs Ambiente: https://dialog.grupoinpress.com.br/login?redirect=false",
              "timedOut": null,
              "duration": 4488,
              "state": "passed",
              "speed": "fast",
              "pass": true,
              "fail": false,
              "pending": false,
              "context": null,
              "code": "cy.visit(url);\n// Validações da tela\ncy.get('body').should('exist'); // Verifica se o body html foi carregado\ncy.get('[data-testid=\"login.username\"]').should('be.visible'); // Input de login\ncy.get('[data-testid=\"login.password\"]').should('be.visible'); // Input de password\ncy.xpath('//button[contains(., \"Entrar\")]').should('be.visible'); // Button 'Entrar'\ncy.xpath('//a[contains(., \"Comece por aqui\")]').should('be.visible'); // Button 'Comece por aqui'\ncy.xpath('//a[contains(., \"Esqueci minha senha\")]').should('be.visible'); // Link 'Esqueci minha senha'",
              "err": {},
              "uuid": "58246e8e-fb48-49f9-b46a-31753d2ca038",
              "parentUUID": "e54b97df-c3bc-48bf-9c2e-e9a872c50923",
              "isHook": false,
              "skipped": false
            },
            {
              "title": "Ambiente: https://gptw-pwa.dialog.cm/login?redirect=false",
              "fullTitle": "Validação de URLs Ambiente: https://gptw-pwa.dialog.cm/login?redirect=false",
              "timedOut": null,
              "duration": 3324,
              "state": "passed",
              "speed": "fast",
              "pass": true,
              "fail": false,
              "pending": false,
              "context": null,
              "code": "cy.visit(url);\n// Validações da tela\ncy.get('body').should('exist'); // Verifica se o body html foi carregado\ncy.get('[data-testid=\"login.username\"]').should('be.visible'); // Input de login\ncy.get('[data-testid=\"login.password\"]').should('be.visible'); // Input de password\ncy.xpath('//button[contains(., \"Entrar\")]').should('be.visible'); // Button 'Entrar'\ncy.xpath('//a[contains(., \"Comece por aqui\")]').should('be.visible'); // Button 'Comece por aqui'\ncy.xpath('//a[contains(., \"Esqueci minha senha\")]').should('be.visible'); // Link 'Esqueci minha senha'",
              "err": {},
              "uuid": "017a96a0-d424-47b3-bfa5-f06ab43ba4e0",
              "parentUUID": "e54b97df-c3bc-48bf-9c2e-e9a872c50923",
              "isHook": false,
              "skipped": false
            },
            {
              "title": "Ambiente: https://grupobertolini-pwa.dialog.cm/login?redirect=false",
              "fullTitle": "Validação de URLs Ambiente: https://grupobertolini-pwa.dialog.cm/login?redirect=false",
              "timedOut": null,
              "duration": 21582,
              "state": "passed",
              "speed": "slow",
              "pass": true,
              "fail": false,
              "pending": false,
              "context": null,
              "code": "cy.visit(url);\n// Validações da tela\ncy.get('body').should('exist'); // Verifica se o body html foi carregado\ncy.get('[data-testid=\"login.username\"]').should('be.visible'); // Input de login\ncy.get('[data-testid=\"login.password\"]').should('be.visible'); // Input de password\ncy.xpath('//button[contains(., \"Entrar\")]').should('be.visible'); // Button 'Entrar'\ncy.xpath('//a[contains(., \"Comece por aqui\")]').should('be.visible'); // Button 'Comece por aqui'\ncy.xpath('//a[contains(., \"Esqueci minha senha\")]').should('be.visible'); // Link 'Esqueci minha senha'",
              "err": {},
              "uuid": "dc6b0042-91c4-447b-94b0-2a05bacadd9d",
              "parentUUID": "e54b97df-c3bc-48bf-9c2e-e9a872c50923",
              "isHook": false,
              "skipped": false
            },
            {
              "title": "Ambiente: https://grupocoutinho-pwa.dialog.cm/login?redirect=false",
              "fullTitle": "Validação de URLs Ambiente: https://grupocoutinho-pwa.dialog.cm/login?redirect=false",
              "timedOut": null,
              "duration": 3560,
              "state": "passed",
              "speed": "fast",
              "pass": true,
              "fail": false,
              "pending": false,
              "context": null,
              "code": "cy.visit(url);\n// Validações da tela\ncy.get('body').should('exist'); // Verifica se o body html foi carregado\ncy.get('[data-testid=\"login.username\"]').should('be.visible'); // Input de login\ncy.get('[data-testid=\"login.password\"]').should('be.visible'); // Input de password\ncy.xpath('//button[contains(., \"Entrar\")]').should('be.visible'); // Button 'Entrar'\ncy.xpath('//a[contains(., \"Comece por aqui\")]').should('be.visible'); // Button 'Comece por aqui'\ncy.xpath('//a[contains(., \"Esqueci minha senha\")]').should('be.visible'); // Link 'Esqueci minha senha'",
              "err": {},
              "uuid": "3fc4b6d6-5b07-4d56-bccc-575b9fd77b87",
              "parentUUID": "e54b97df-c3bc-48bf-9c2e-e9a872c50923",
              "isHook": false,
              "skipped": false
            },
            {
              "title": "Ambiente: https://grupodreamers-pwa.dialog.cm/login?redirect=false",
              "fullTitle": "Validação de URLs Ambiente: https://grupodreamers-pwa.dialog.cm/login?redirect=false",
              "timedOut": null,
              "duration": 12582,
              "state": "passed",
              "speed": "slow",
              "pass": true,
              "fail": false,
              "pending": false,
              "context": null,
              "code": "cy.visit(url);\n// Validações da tela\ncy.get('body').should('exist'); // Verifica se o body html foi carregado\ncy.get('[data-testid=\"login.username\"]').should('be.visible'); // Input de login\ncy.get('[data-testid=\"login.password\"]').should('be.visible'); // Input de password\ncy.xpath('//button[contains(., \"Entrar\")]').should('be.visible'); // Button 'Entrar'\ncy.xpath('//a[contains(., \"Comece por aqui\")]').should('be.visible'); // Button 'Comece por aqui'\ncy.xpath('//a[contains(., \"Esqueci minha senha\")]').should('be.visible'); // Link 'Esqueci minha senha'",
              "err": {},
              "uuid": "8213bab9-cec4-4fdf-b2f7-71d810c838b6",
              "parentUUID": "e54b97df-c3bc-48bf-9c2e-e9a872c50923",
              "isHook": false,
              "skipped": false
            },
            {
              "title": "Ambiente: https://geq-pwa.dialog.cm/login?redirect=false",
              "fullTitle": "Validação de URLs Ambiente: https://geq-pwa.dialog.cm/login?redirect=false",
              "timedOut": null,
              "duration": 3464,
              "state": "passed",
              "speed": "fast",
              "pass": true,
              "fail": false,
              "pending": false,
              "context": null,
              "code": "cy.visit(url);\n// Validações da tela\ncy.get('body').should('exist'); // Verifica se o body html foi carregado\ncy.get('[data-testid=\"login.username\"]').should('be.visible'); // Input de login\ncy.get('[data-testid=\"login.password\"]').should('be.visible'); // Input de password\ncy.xpath('//button[contains(., \"Entrar\")]').should('be.visible'); // Button 'Entrar'\ncy.xpath('//a[contains(., \"Comece por aqui\")]').should('be.visible'); // Button 'Comece por aqui'\ncy.xpath('//a[contains(., \"Esqueci minha senha\")]').should('be.visible'); // Link 'Esqueci minha senha'",
              "err": {},
              "uuid": "22d62c11-dff7-4ac7-b446-07734820847a",
              "parentUUID": "e54b97df-c3bc-48bf-9c2e-e9a872c50923",
              "isHook": false,
              "skipped": false
            },
            {
              "title": "Ambiente: https://grupomabu-pwa.dialog.cm/login?redirect=false",
              "fullTitle": "Validação de URLs Ambiente: https://grupomabu-pwa.dialog.cm/login?redirect=false",
              "timedOut": null,
              "duration": 4245,
              "state": "passed",
              "speed": "fast",
              "pass": true,
              "fail": false,
              "pending": false,
              "context": null,
              "code": "cy.visit(url);\n// Validações da tela\ncy.get('body').should('exist'); // Verifica se o body html foi carregado\ncy.get('[data-testid=\"login.username\"]').should('be.visible'); // Input de login\ncy.get('[data-testid=\"login.password\"]').should('be.visible'); // Input de password\ncy.xpath('//button[contains(., \"Entrar\")]').should('be.visible'); // Button 'Entrar'\ncy.xpath('//a[contains(., \"Comece por aqui\")]').should('be.visible'); // Button 'Comece por aqui'\ncy.xpath('//a[contains(., \"Esqueci minha senha\")]').should('be.visible'); // Link 'Esqueci minha senha'",
              "err": {},
              "uuid": "c084462e-f8c5-4bf2-8bb9-669d8e2e0f7b",
              "parentUUID": "e54b97df-c3bc-48bf-9c2e-e9a872c50923",
              "isHook": false,
              "skipped": false
            },
            {
              "title": "Ambiente: https://comunicagn-pwa.dialog.cm/login?redirect=false",
              "fullTitle": "Validação de URLs Ambiente: https://comunicagn-pwa.dialog.cm/login?redirect=false",
              "timedOut": null,
              "duration": 4401,
              "state": "passed",
              "speed": "fast",
              "pass": true,
              "fail": false,
              "pending": false,
              "context": null,
              "code": "cy.visit(url);\n// Validações da tela\ncy.get('body').should('exist'); // Verifica se o body html foi carregado\ncy.get('[data-testid=\"login.username\"]').should('be.visible'); // Input de login\ncy.get('[data-testid=\"login.password\"]').should('be.visible'); // Input de password\ncy.xpath('//button[contains(., \"Entrar\")]').should('be.visible'); // Button 'Entrar'\ncy.xpath('//a[contains(., \"Comece por aqui\")]').should('be.visible'); // Button 'Comece por aqui'\ncy.xpath('//a[contains(., \"Esqueci minha senha\")]').should('be.visible'); // Link 'Esqueci minha senha'",
              "err": {},
              "uuid": "c6ebe909-c793-49b0-9c62-5fdaed089650",
              "parentUUID": "e54b97df-c3bc-48bf-9c2e-e9a872c50923",
              "isHook": false,
              "skipped": false
            },
            {
              "title": "Ambiente: https://gruporamirocampelo-pwa.dialog.cm/login?redirect=false",
              "fullTitle": "Validação de URLs Ambiente: https://gruporamirocampelo-pwa.dialog.cm/login?redirect=false",
              "timedOut": null,
              "duration": 5544,
              "state": "passed",
              "speed": "medium",
              "pass": true,
              "fail": false,
              "pending": false,
              "context": null,
              "code": "cy.visit(url);\n// Validações da tela\ncy.get('body').should('exist'); // Verifica se o body html foi carregado\ncy.get('[data-testid=\"login.username\"]').should('be.visible'); // Input de login\ncy.get('[data-testid=\"login.password\"]').should('be.visible'); // Input de password\ncy.xpath('//button[contains(., \"Entrar\")]').should('be.visible'); // Button 'Entrar'\ncy.xpath('//a[contains(., \"Comece por aqui\")]').should('be.visible'); // Button 'Comece por aqui'\ncy.xpath('//a[contains(., \"Esqueci minha senha\")]').should('be.visible'); // Link 'Esqueci minha senha'",
              "err": {},
              "uuid": "c7eebe43-b9bf-47c1-9011-0c0b4fcaab7f",
              "parentUUID": "e54b97df-c3bc-48bf-9c2e-e9a872c50923",
              "isHook": false,
              "skipped": false
            },
            {
              "title": "Ambiente: https://gruposoma-pwa.dialog.cm/login?redirect=false",
              "fullTitle": "Validação de URLs Ambiente: https://gruposoma-pwa.dialog.cm/login?redirect=false",
              "timedOut": null,
              "duration": 3328,
              "state": "passed",
              "speed": "fast",
              "pass": true,
              "fail": false,
              "pending": false,
              "context": null,
              "code": "cy.visit(url);\n// Validações da tela\ncy.get('body').should('exist'); // Verifica se o body html foi carregado\ncy.get('[data-testid=\"login.username\"]').should('be.visible'); // Input de login\ncy.get('[data-testid=\"login.password\"]').should('be.visible'); // Input de password\ncy.xpath('//button[contains(., \"Entrar\")]').should('be.visible'); // Button 'Entrar'\ncy.xpath('//a[contains(., \"Comece por aqui\")]').should('be.visible'); // Button 'Comece por aqui'\ncy.xpath('//a[contains(., \"Esqueci minha senha\")]').should('be.visible'); // Link 'Esqueci minha senha'",
              "err": {},
              "uuid": "5730b3ff-126f-4847-8a6b-0e9d5004e30d",
              "parentUUID": "e54b97df-c3bc-48bf-9c2e-e9a872c50923",
              "isHook": false,
              "skipped": false
            },
            {
              "title": "Ambiente: https://grupovissimo-pwa.dialog.cm/login?redirect=false",
              "fullTitle": "Validação de URLs Ambiente: https://grupovissimo-pwa.dialog.cm/login?redirect=false",
              "timedOut": null,
              "duration": 3039,
              "state": "passed",
              "speed": "fast",
              "pass": true,
              "fail": false,
              "pending": false,
              "context": null,
              "code": "cy.visit(url);\n// Validações da tela\ncy.get('body').should('exist'); // Verifica se o body html foi carregado\ncy.get('[data-testid=\"login.username\"]').should('be.visible'); // Input de login\ncy.get('[data-testid=\"login.password\"]').should('be.visible'); // Input de password\ncy.xpath('//button[contains(., \"Entrar\")]').should('be.visible'); // Button 'Entrar'\ncy.xpath('//a[contains(., \"Comece por aqui\")]').should('be.visible'); // Button 'Comece por aqui'\ncy.xpath('//a[contains(., \"Esqueci minha senha\")]').should('be.visible'); // Link 'Esqueci minha senha'",
              "err": {},
              "uuid": "9034e4c6-55ec-4a97-9159-881e848af0fe",
              "parentUUID": "e54b97df-c3bc-48bf-9c2e-e9a872c50923",
              "isHook": false,
              "skipped": false
            },
            {
              "title": "Ambiente: https://grupoyvone-pwa.dialog.cm/login?redirect=false",
              "fullTitle": "Validação de URLs Ambiente: https://grupoyvone-pwa.dialog.cm/login?redirect=false",
              "timedOut": null,
              "duration": 3200,
              "state": "passed",
              "speed": "fast",
              "pass": true,
              "fail": false,
              "pending": false,
              "context": null,
              "code": "cy.visit(url);\n// Validações da tela\ncy.get('body').should('exist'); // Verifica se o body html foi carregado\ncy.get('[data-testid=\"login.username\"]').should('be.visible'); // Input de login\ncy.get('[data-testid=\"login.password\"]').should('be.visible'); // Input de password\ncy.xpath('//button[contains(., \"Entrar\")]').should('be.visible'); // Button 'Entrar'\ncy.xpath('//a[contains(., \"Comece por aqui\")]').should('be.visible'); // Button 'Comece por aqui'\ncy.xpath('//a[contains(., \"Esqueci minha senha\")]').should('be.visible'); // Link 'Esqueci minha senha'",
              "err": {},
              "uuid": "1a5278d7-cf7d-47f3-bfdc-25e11469b69f",
              "parentUUID": "e54b97df-c3bc-48bf-9c2e-e9a872c50923",
              "isHook": false,
              "skipped": false
            },
            {
              "title": "Ambiente: https://guide-pwa.dialog.cm/login?redirect=false",
              "fullTitle": "Validação de URLs Ambiente: https://guide-pwa.dialog.cm/login?redirect=false",
              "timedOut": null,
              "duration": 3971,
              "state": "passed",
              "speed": "fast",
              "pass": true,
              "fail": false,
              "pending": false,
              "context": null,
              "code": "cy.visit(url);\n// Validações da tela\ncy.get('body').should('exist'); // Verifica se o body html foi carregado\ncy.get('[data-testid=\"login.username\"]').should('be.visible'); // Input de login\ncy.get('[data-testid=\"login.password\"]').should('be.visible'); // Input de password\ncy.xpath('//button[contains(., \"Entrar\")]').should('be.visible'); // Button 'Entrar'\ncy.xpath('//a[contains(., \"Comece por aqui\")]').should('be.visible'); // Button 'Comece por aqui'\ncy.xpath('//a[contains(., \"Esqueci minha senha\")]').should('be.visible'); // Link 'Esqueci minha senha'",
              "err": {},
              "uuid": "4c27db5d-f73a-43d3-9475-b1dcaa48aa05",
              "parentUUID": "e54b97df-c3bc-48bf-9c2e-e9a872c50923",
              "isHook": false,
              "skipped": false
            },
            {
              "title": "Ambiente: https://integramaisafocapihfc.com.br/login?redirect=false",
              "fullTitle": "Validação de URLs Ambiente: https://integramaisafocapihfc.com.br/login?redirect=false",
              "timedOut": null,
              "duration": 3544,
              "state": "passed",
              "speed": "fast",
              "pass": true,
              "fail": false,
              "pending": false,
              "context": null,
              "code": "cy.visit(url);\n// Validações da tela\ncy.get('body').should('exist'); // Verifica se o body html foi carregado\ncy.get('[data-testid=\"login.username\"]').should('be.visible'); // Input de login\ncy.get('[data-testid=\"login.password\"]').should('be.visible'); // Input de password\ncy.xpath('//button[contains(., \"Entrar\")]').should('be.visible'); // Button 'Entrar'\ncy.xpath('//a[contains(., \"Comece por aqui\")]').should('be.visible'); // Button 'Comece por aqui'\ncy.xpath('//a[contains(., \"Esqueci minha senha\")]').should('be.visible'); // Link 'Esqueci minha senha'",
              "err": {},
              "uuid": "3789ffbf-4581-4387-8692-f9177f5013d4",
              "parentUUID": "e54b97df-c3bc-48bf-9c2e-e9a872c50923",
              "isHook": false,
              "skipped": false
            },
            {
              "title": "Ambiente: https://haoc-pwa.dialog.cm/login?redirect=false",
              "fullTitle": "Validação de URLs Ambiente: https://haoc-pwa.dialog.cm/login?redirect=false",
              "timedOut": null,
              "duration": 3806,
              "state": "passed",
              "speed": "fast",
              "pass": true,
              "fail": false,
              "pending": false,
              "context": null,
              "code": "cy.visit(url);\n// Validações da tela\ncy.get('body').should('exist'); // Verifica se o body html foi carregado\ncy.get('[data-testid=\"login.username\"]').should('be.visible'); // Input de login\ncy.get('[data-testid=\"login.password\"]').should('be.visible'); // Input de password\ncy.xpath('//button[contains(., \"Entrar\")]').should('be.visible'); // Button 'Entrar'\ncy.xpath('//a[contains(., \"Comece por aqui\")]').should('be.visible'); // Button 'Comece por aqui'\ncy.xpath('//a[contains(., \"Esqueci minha senha\")]').should('be.visible'); // Link 'Esqueci minha senha'",
              "err": {},
              "uuid": "e23e9106-63c5-4296-a801-7950f9e20f5f",
              "parentUUID": "e54b97df-c3bc-48bf-9c2e-e9a872c50923",
              "isHook": false,
              "skipped": false
            },
            {
              "title": "Ambiente: https://igua-pwa.dialog.cm/login?redirect=false",
              "fullTitle": "Validação de URLs Ambiente: https://igua-pwa.dialog.cm/login?redirect=false",
              "timedOut": null,
              "duration": 5699,
              "state": "passed",
              "speed": "medium",
              "pass": true,
              "fail": false,
              "pending": false,
              "context": null,
              "code": "cy.visit(url);\n// Validações da tela\ncy.get('body').should('exist'); // Verifica se o body html foi carregado\ncy.get('[data-testid=\"login.username\"]').should('be.visible'); // Input de login\ncy.get('[data-testid=\"login.password\"]').should('be.visible'); // Input de password\ncy.xpath('//button[contains(., \"Entrar\")]').should('be.visible'); // Button 'Entrar'\ncy.xpath('//a[contains(., \"Comece por aqui\")]').should('be.visible'); // Button 'Comece por aqui'\ncy.xpath('//a[contains(., \"Esqueci minha senha\")]').should('be.visible'); // Link 'Esqueci minha senha'",
              "err": {},
              "uuid": "7d147f4e-e9dc-4aa7-8970-4480b2d839b6",
              "parentUUID": "e54b97df-c3bc-48bf-9c2e-e9a872c50923",
              "isHook": false,
              "skipped": false
            },
            {
              "title": "Ambiente: https://imc-pwa.dialog.cm/login?redirect=false",
              "fullTitle": "Validação de URLs Ambiente: https://imc-pwa.dialog.cm/login?redirect=false",
              "timedOut": null,
              "duration": 4159,
              "state": "passed",
              "speed": "fast",
              "pass": true,
              "fail": false,
              "pending": false,
              "context": null,
              "code": "cy.visit(url);\n// Validações da tela\ncy.get('body').should('exist'); // Verifica se o body html foi carregado\ncy.get('[data-testid=\"login.username\"]').should('be.visible'); // Input de login\ncy.get('[data-testid=\"login.password\"]').should('be.visible'); // Input de password\ncy.xpath('//button[contains(., \"Entrar\")]').should('be.visible'); // Button 'Entrar'\ncy.xpath('//a[contains(., \"Comece por aqui\")]').should('be.visible'); // Button 'Comece por aqui'\ncy.xpath('//a[contains(., \"Esqueci minha senha\")]').should('be.visible'); // Link 'Esqueci minha senha'",
              "err": {},
              "uuid": "783fc59e-069e-4167-9540-c173555c4858",
              "parentUUID": "e54b97df-c3bc-48bf-9c2e-e9a872c50923",
              "isHook": false,
              "skipped": false
[...]
              "isHook": false,
              "skipped": false
            },
            {
              "title": "Ambiente: https://tegma-pwa.dialog.cm/login?redirect=false",
              "fullTitle": "Validação de URLs Ambiente: https://tegma-pwa.dialog.cm/login?redirect=false",
              "timedOut": null,
              "duration": 15028,
              "state": "passed",
              "speed": "slow",
              "pass": true,
              "fail": false,
              "pending": false,
              "context": null,
              "code": "cy.visit(url);\n// Validações da tela\ncy.get('body').should('exist'); // Verifica se o body html foi carregado\ncy.get('[data-testid=\"login.username\"]').should('be.visible'); // Input de login\ncy.get('[data-testid=\"login.password\"]').should('be.visible'); // Input de password\ncy.xpath('//button[contains(., \"Entrar\")]').should('be.visible'); // Button 'Entrar'\ncy.xpath('//a[contains(., \"Comece por aqui\")]').should('be.visible'); // Button 'Comece por aqui'\ncy.xpath('//a[contains(., \"Esqueci minha senha\")]').should('be.visible'); // Link 'Esqueci minha senha'",
              "err": {},
              "uuid": "8fdd0b65-2d4a-4f48-bca9-9beb4f918ee9",
              "parentUUID": "e54b97df-c3bc-48bf-9c2e-e9a872c50923",
              "isHook": false,
              "skipped": false
            },
            {
              "title": "Ambiente: https://ultracargo-pwa.dialog.cm/login?redirect=false",
              "fullTitle": "Validação de URLs Ambiente: https://ultracargo-pwa.dialog.cm/login?redirect=false",
              "timedOut": null,
              "duration": 11353,
              "state": "passed",
              "speed": "slow",
              "pass": true,
              "fail": false,
              "pending": false,
              "context": null,
              "code": "cy.visit(url);\n// Validações da tela\ncy.get('body').should('exist'); // Verifica se o body html foi carregado\ncy.get('[data-testid=\"login.username\"]').should('be.visible'); // Input de login\ncy.get('[data-testid=\"login.password\"]').should('be.visible'); // Input de password\ncy.xpath('//button[contains(., \"Entrar\")]').should('be.visible'); // Button 'Entrar'\ncy.xpath('//a[contains(., \"Comece por aqui\")]').should('be.visible'); // Button 'Comece por aqui'\ncy.xpath('//a[contains(., \"Esqueci minha senha\")]').should('be.visible'); // Link 'Esqueci minha senha'",
              "err": {},
              "uuid": "64cb459c-17ab-4e6a-af61-dcec53aac10b",
              "parentUUID": "e54b97df-c3bc-48bf-9c2e-e9a872c50923",
              "isHook": false,
              "skipped": false
            },
            {
              "title": "Ambiente: https://unimedce-pwa.dialog.cm/login?redirect=false",
              "fullTitle": "Validação de URLs Ambiente: https://unimedce-pwa.dialog.cm/login?redirect=false",
              "timedOut": null,
              "duration": 38781,
              "state": "passed",
              "speed": "slow",
              "pass": true,
              "fail": false,
              "pending": false,
              "context": null,
              "code": "cy.visit(url);\n// Validações da tela\ncy.get('body').should('exist'); // Verifica se o body html foi carregado\ncy.get('[data-testid=\"login.username\"]').should('be.visible'); // Input de login\ncy.get('[data-testid=\"login.password\"]').should('be.visible'); // Input de password\ncy.xpath('//button[contains(., \"Entrar\")]').should('be.visible'); // Button 'Entrar'\ncy.xpath('//a[contains(., \"Comece por aqui\")]').should('be.visible'); // Button 'Comece por aqui'\ncy.xpath('//a[contains(., \"Esqueci minha senha\")]').should('be.visible'); // Link 'Esqueci minha senha'",
              "err": {},
              "uuid": "451800e4-2314-4327-9cc8-a55183149d35",
              "parentUUID": "e54b97df-c3bc-48bf-9c2e-e9a872c50923",
              "isHook": false,
              "skipped": false
            },
            {
              "title": "Ambiente: https://unimedce-pwa.dialog.cm/login?redirect=false",
              "fullTitle": "Validação de URLs Ambiente: https://unimedce-pwa.dialog.cm/login?redirect=false",
              "timedOut": null,
              "duration": 8418,
              "state": "passed",
              "speed": "medium",
              "pass": true,
              "fail": false,
              "pending": false,
              "context": null,
              "code": "cy.visit(url);\n// Validações da tela\ncy.get('body').should('exist'); // Verifica se o body html foi carregado\ncy.get('[data-testid=\"login.username\"]').should('be.visible'); // Input de login\ncy.get('[data-testid=\"login.password\"]').should('be.visible'); // Input de password\ncy.xpath('//button[contains(., \"Entrar\")]').should('be.visible'); // Button 'Entrar'\ncy.xpath('//a[contains(., \"Comece por aqui\")]').should('be.visible'); // Button 'Comece por aqui'\ncy.xpath('//a[contains(., \"Esqueci minha senha\")]').should('be.visible'); // Link 'Esqueci minha senha'",
              "err": {},
              "uuid": "d799070d-4304-47ce-bf0c-da6f306bd178",
              "parentUUID": "e54b97df-c3bc-48bf-9c2e-e9a872c50923",
              "isHook": false,
              "skipped": false
            },
            {
              "title": "Ambiente: https://unimed-pwa.dialog.cm/login?redirect=false",
              "fullTitle": "Validação de URLs Ambiente: https://unimed-pwa.dialog.cm/login?redirect=false",
              "timedOut": null,
              "duration": 9256,
              "state": "passed",
              "speed": "medium",
              "pass": true,
              "fail": false,
              "pending": false,
              "context": null,
              "code": "cy.visit(url);\n// Validações da tela\ncy.get('body').should('exist'); // Verifica se o body html foi carregado\ncy.get('[data-testid=\"login.username\"]').should('be.visible'); // Input de login\ncy.get('[data-testid=\"login.password\"]').should('be.visible'); // Input de password\ncy.xpath('//button[contains(., \"Entrar\")]').should('be.visible'); // Button 'Entrar'\ncy.xpath('//a[contains(., \"Comece por aqui\")]').should('be.visible'); // Button 'Comece por aqui'\ncy.xpath('//a[contains(., \"Esqueci minha senha\")]').should('be.visible'); // Link 'Esqueci minha senha'",
              "err": {},
              "uuid": "5e36c5fc-19aa-4b08-8de1-fb7ca2ac0886",
              "parentUUID": "e54b97df-c3bc-48bf-9c2e-e9a872c50923",
              "isHook": false,
              "skipped": false
            },
            {
              "title": "Ambiente: https://unimedpg-pwa.dialog.cm/login?redirect=false",
              "fullTitle": "Validação de URLs Ambiente: https://unimedpg-pwa.dialog.cm/login?redirect=false",
              "timedOut": null,
              "duration": 11065,
              "state": "passed",
              "speed": "slow",
              "pass": true,
              "fail": false,
              "pending": false,
              "context": null,
              "code": "cy.visit(url);\n// Validações da tela\ncy.get('body').should('exist'); // Verifica se o body html foi carregado\ncy.get('[data-testid=\"login.username\"]').should('be.visible'); // Input de login\ncy.get('[data-testid=\"login.password\"]').should('be.visible'); // Input de password\ncy.xpath('//button[contains(., \"Entrar\")]').should('be.visible'); // Button 'Entrar'\ncy.xpath('//a[contains(., \"Comece por aqui\")]').should('be.visible'); // Button 'Comece por aqui'\ncy.xpath('//a[contains(., \"Esqueci minha senha\")]').should('be.visible'); // Link 'Esqueci minha senha'",
              "err": {},
              "uuid": "530e0964-5744-4a03-8b0e-56af274d0321",
              "parentUUID": "e54b97df-c3bc-48bf-9c2e-e9a872c50923",
              "isHook": false,
              "skipped": false
            },
            {
              "title": "Ambiente: https://valid-pwa.dialog.cm/login?redirect=false",
              "fullTitle": "Validação de URLs Ambiente: https://valid-pwa.dialog.cm/login?redirect=false",
              "timedOut": null,
              "duration": 18266,
              "state": "passed",
              "speed": "slow",
              "pass": true,
              "fail": false,
              "pending": false,
              "context": null,
              "code": "cy.visit(url);\n// Validações da tela\ncy.get('body').should('exist'); // Verifica se o body html foi carregado\ncy.get('[data-testid=\"login.username\"]').should('be.visible'); // Input de login\ncy.get('[data-testid=\"login.password\"]').should('be.visible'); // Input de password\ncy.xpath('//button[contains(., \"Entrar\")]').should('be.visible'); // Button 'Entrar'\ncy.xpath('//a[contains(., \"Comece por aqui\")]').should('be.visible'); // Button 'Comece por aqui'\ncy.xpath('//a[contains(., \"Esqueci minha senha\")]').should('be.visible'); // Link 'Esqueci minha senha'",
              "err": {},
              "uuid": "ab1139fb-2b5e-45f1-8b0d-6bcf2430b0a5",
              "parentUUID": "e54b97df-c3bc-48bf-9c2e-e9a872c50923",
              "isHook": false,
              "skipped": false
            },
            {
              "title": "Ambiente: https://viavarejo-pwa.dialog.cm/login?redirect=false",
              "fullTitle": "Validação de URLs Ambiente: https://viavarejo-pwa.dialog.cm/login?redirect=false",
              "timedOut": null,
              "duration": 9858,
              "state": "passed",
              "speed": "medium",
              "pass": true,
              "fail": false,
              "pending": false,
              "context": null,
              "code": "cy.visit(url);\n// Validações da tela\ncy.get('body').should('exist'); // Verifica se o body html foi carregado\ncy.get('[data-testid=\"login.username\"]').should('be.visible'); // Input de login\ncy.get('[data-testid=\"login.password\"]').should('be.visible'); // Input de password\ncy.xpath('//button[contains(., \"Entrar\")]').should('be.visible'); // Button 'Entrar'\ncy.xpath('//a[contains(., \"Comece por aqui\")]').should('be.visible'); // Button 'Comece por aqui'\ncy.xpath('//a[contains(., \"Esqueci minha senha\")]').should('be.visible'); // Link 'Esqueci minha senha'",
              "err": {},
              "uuid": "4321b59a-b21c-40cf-affc-5059f45c79ec",
              "parentUUID": "e54b97df-c3bc-48bf-9c2e-e9a872c50923",
              "isHook": false,
              "skipped": false
            },
            {
              "title": "Ambiente: https://vivaz-pwa.dialog.cm/login?redirect=false",
              "fullTitle": "Validação de URLs Ambiente: https://vivaz-pwa.dialog.cm/login?redirect=false",
              "timedOut": null,
              "duration": 10010,
              "state": "passed",
              "speed": "slow",
              "pass": true,
              "fail": false,
              "pending": false,
              "context": null,
              "code": "cy.visit(url);\n// Validações da tela\ncy.get('body').should('exist'); // Verifica se o body html foi carregado\ncy.get('[data-testid=\"login.username\"]').should('be.visible'); // Input de login\ncy.get('[data-testid=\"login.password\"]').should('be.visible'); // Input de password\ncy.xpath('//button[contains(., \"Entrar\")]').should('be.visible'); // Button 'Entrar'\ncy.xpath('//a[contains(., \"Comece por aqui\")]').should('be.visible'); // Button 'Comece por aqui'\ncy.xpath('//a[contains(., \"Esqueci minha senha\")]').should('be.visible'); // Link 'Esqueci minha senha'",
              "err": {},
              "uuid": "860948f7-dce5-495d-a78b-dea28891e8b6",
              "parentUUID": "e54b97df-c3bc-48bf-9c2e-e9a872c50923",
              "isHook": false,
              "skipped": false
            },
            {
              "title": "Ambiente: https://zup-pwa.dialog.cm/login?redirect=false",
              "fullTitle": "Validação de URLs Ambiente: https://zup-pwa.dialog.cm/login?redirect=false",
              "timedOut": null,
              "duration": 6237,
              "state": "passed",
              "speed": "medium",
              "pass": true,
              "fail": false,
              "pending": false,
              "context": null,
              "code": "cy.visit(url);\n// Validações da tela\ncy.get('body').should('exist'); // Verifica se o body html foi carregado\ncy.get('[data-testid=\"login.username\"]').should('be.visible'); // Input de login\ncy.get('[data-testid=\"login.password\"]').should('be.visible'); // Input de password\ncy.xpath('//button[contains(., \"Entrar\")]').should('be.visible'); // Button 'Entrar'\ncy.xpath('//a[contains(., \"Comece por aqui\")]').should('be.visible'); // Button 'Comece por aqui'\ncy.xpath('//a[contains(., \"Esqueci minha senha\")]').should('be.visible'); // Link 'Esqueci minha senha'",
              "err": {},
              "uuid": "365ca123-3691-4eb8-b1e6-31236214bd56",
              "parentUUID": "e54b97df-c3bc-48bf-9c2e-e9a872c50923",
              "isHook": false,
              "skipped": false
            }
          ],
          "suites": [],
          "passes": [
            "55412dd0-4e16-43bc-8497-992ad235406a",
            "491616d5-7957-47ee-a10f-7447110726b3",
            "48b4abfc-2c70-432d-a14c-a51e2339bb6e",
            "b9ede14a-0949-412f-9c9d-ccc8f0068748",
            "959971ab-2b52-4d61-812f-5723b03fabff",
            "4bc1b12c-8edb-44da-b6b3-93047aa8a8d2",
            "7bd480e4-0e5f-464b-a304-dcc651c9007d",
            "fb8c3eb7-d046-495f-be1b-6930b1a13c6b",
            "277789db-4a2d-4309-9544-8d123a186a17",
            "e6058a3d-99c6-4e9c-8b1b-1f7107f14431",
            "945cd253-68b5-42c0-852d-7d460213a3af",
            "30f7af29-0297-49e8-b7a3-6c725dafa420",
            "113a6ac7-3789-424b-aefe-4d4ee9d3f4af",
            "85c0a961-c73a-4de2-b1e1-1b70f50c99bd",
            "c8f50f71-a2d6-4b9d-a9e9-cda4e6e35874",
            "f0b8d13b-9d29-4e39-91da-355413c7372f",
            "fbc4628a-2731-4b4f-ab6e-a9feb2696b92",
            "c29955b8-adc2-4e6a-afa6-8c5bda1fe9cf",
            "c53c5ab2-7326-4649-b3ad-6173aca83e95",
            "7a68e62d-5409-409c-83aa-fd47353597b9",
            "fc20fae5-568b-41d9-abad-a4fef88825c2",
            "e6dff307-f976-47c4-85c7-0a27b1ce7658",
            "4f749336-f1f0-4ba6-8b2f-8fe3ded2d4a7",
            "61a08735-367b-4a67-b5ed-2c1bfb7587ca",
            "0dbdfdf3-ad00-40c8-8f89-55e673cc0811",
            "1dd8ce8e-9585-4d42-b06d-3f0ef88358d9",
            "6533e8d0-8892-41b6-bedc-85433d0f1273",
            "201d6c8d-8a6b-4103-bb4e-54314b64bf99",
            "d9f8e1f0-eeec-44a6-8259-371a1b034a0d",
            "dd7eeb69-8754-4ef0-99aa-d49bc73ea7b9",
            "b757a155-de4d-47ca-a2c5-140833bdcd7a",
            "71f32899-95d2-4a7c-ace7-e7d5878675bf",
            "957b17b4-82d1-4bcb-8294-231c1685011e",
            "49866c8a-9c07-42f8-afd3-dd04dd2ef364",
            "0bc9151c-2813-40cc-a4b1-a497a84c15d1",
            "5b6c9706-8353-4b38-936c-2fbede33f3d0",
            "85101329-f3d6-451a-b022-c777e830d63d",
            "c50eaa0d-f3f4-43f6-b402-230b363b9c31",
            "fc70ece7-a2d8-4012-949d-4aa7a640dff3",
            "ae5154b6-c7db-4e84-8644-70bf6986037a",
            "da485cb8-59f9-4b3a-8963-524de23ae7d4",
            "24a209f8-f13a-4e66-8026-7fbecf63960b",
            "026be658-5d85-4151-942a-728f70767b28",
            "1dc1b695-5c31-4d91-b6c6-1590e5ce6130",
            "58246e8e-fb48-49f9-b46a-31753d2ca038",
            "017a96a0-d424-47b3-bfa5-f06ab43ba4e0",
            "dc6b0042-91c4-447b-94b0-2a05bacadd9d",
            "3fc4b6d6-5b07-4d56-bccc-575b9fd77b87",
            "8213bab9-cec4-4fdf-b2f7-71d810c838b6",
            "22d62c11-dff7-4ac7-b446-07734820847a",
            "c084462e-f8c5-4bf2-8bb9-669d8e2e0f7b",
            "c6ebe909-c793-49b0-9c62-5fdaed089650",
            "c7eebe43-b9bf-47c1-9011-0c0b4fcaab7f",
            "5730b3ff-126f-4847-8a6b-0e9d5004e30d",
            "9034e4c6-55ec-4a97-9159-881e848af0fe",
            "1a5278d7-cf7d-47f3-bfdc-25e11469b69f",
            "4c27db5d-f73a-43d3-9475-b1dcaa48aa05",
            "3789ffbf-4581-4387-8692-f9177f5013d4",
            "e23e9106-63c5-4296-a801-7950f9e20f5f",
            "7d147f4e-e9dc-4aa7-8970-4480b2d839b6",
            "783fc59e-069e-4167-9540-c173555c4858",
            "528760af-8c3c-4f13-b28d-6b87b46972fe",
            "c90efc70-1449-4c3c-86f0-c9dffe897f83",
            "6b0adeb0-4bac-4d68-89a4-13a115afe82b",
            "847a9e00-992a-44d4-b015-a158813bf2b9",
            "93a10bbc-c870-4a08-970c-b4131a839c3c",
            "ec2eeea7-9813-4578-9f84-aff547685907",
            "fead622b-9714-4528-a3a4-764d138d493c",
            "300ad344-131e-4cb0-a85a-8debf21a61be",
            "0fbe4381-96ec-486a-b1f5-f00a59de3a50",
            "e42815f9-c2c0-466c-9f69-1c4bc0f428fc",
            "a91c9847-d29f-4ff0-aaf4-aef9c99dcae2",
            "e56092c0-0dbb-418b-bfef-4c5e11ec51dd",
            "8546855e-1cf4-4575-a74d-d89559d7fd65",
            "3b7a94d3-cdde-4a19-a38a-696a813d4350",
            "d147f8ea-c79a-415b-84ba-7377b8cf4cfd",
            "23087f2d-be1b-4a29-b0b5-1b6bd7f1ee03",
            "29974fa9-b940-493d-ba99-ea786d0e4ee4",
            "00b4a6a5-0dc2-4280-8e08-99f6cd01c7ef",
            "70952a82-21ea-4dc6-a34a-be3c01311918",
            "1115d0c7-d652-446a-a91b-515a11f11d25",
            "e5f4b68a-d604-43b3-bfa5-c3891ac70720",
            "a0b6da5b-ba04-410c-bbcc-4bf9110c1e6a",
            "f3cd30c8-e2ce-4ab2-9f9c-cb84c8f2fa03",
            "447df1ea-dae3-4f0d-b084-4c2c1d7c1689",
            "bd16dce9-e9a4-41fa-a924-e6032cb1ec92",
            "ca740a81-743f-4855-a11e-f9000adb0a82",
            "ba43a762-86d6-429b-aba2-71aa05bc9a3b",
            "1a29f31c-f62e-42fb-bdc0-ca32170ac81d",
            "fdf96f13-e95f-48da-af63-9983747b912e",
            "967c8852-1927-4eec-906b-61aee8904827",
            "161f5d9f-f183-441e-8935-c98a7a718c42",
            "3855678a-4c92-4cf5-8ad1-815294c9a79b",
            "9fe64155-b926-4bff-9707-83c583d3acb5",
            "67055de8-832d-45ed-8d9f-7770cd36eca9",
            "4b1d02b4-00e5-430a-b09e-d7e9d52e860d",
            "077ab530-3a60-4375-91ab-0ba7f9a990fb",
            "25953261-2930-4188-a69d-5568168b9b3f",
            "10d06feb-ff39-4c59-8df5-17c2c2601925",
            "d82ac734-cf7a-4985-9424-772f5c458452",
            "9773ad8e-2cf5-4c8b-b3a3-4eb578fac989",
            "4f5d9572-afda-47a2-8771-f964c22fd187",
            "c9090159-88ea-44a0-b486-05a62814dfc8",
            "12497620-8d94-4541-8e63-a194b870a7b8",
            "12224250-ae81-4f80-9b1e-6b2bcf904e75",
            "b196a7a6-1302-49e8-bbfc-3460fcdac339",
            "e5a8220b-dd96-440a-8d3e-73eef0f5e9a5",
            "8fdd0b65-2d4a-4f48-bca9-9beb4f918ee9",
            "64cb459c-17ab-4e6a-af61-dcec53aac10b",
            "451800e4-2314-4327-9cc8-a55183149d35",
            "d799070d-4304-47ce-bf0c-da6f306bd178",
            "5e36c5fc-19aa-4b08-8de1-fb7ca2ac0886",
            "530e0964-5744-4a03-8b0e-56af274d0321",
            "ab1139fb-2b5e-45f1-8b0d-6bcf2430b0a5",
            "4321b59a-b21c-40cf-affc-5059f45c79ec",
            "860948f7-dce5-495d-a78b-dea28891e8b6",
            "365ca123-3691-4eb8-b1e6-31236214bd56"
          ],
          "failures": [],
          "pending": [],
          "skipped": [],
          "duration": 828381,
          "root": false,
          "rootEmpty": false,
          "_timeout": 2000
        }
      ],
      "passes": [],
      "failures": [],
      "pending": [],
      "skipped": [],
      "duration": 0,
      "root": true,
      "rootEmpty": true,
      "_timeout": 2000
    }
  ],
  "meta": {
    "mocha": {
      "version": "7.0.1"
    },
    "mochawesome": {
      "options": {
        "quiet": false,
        "reportFilename": "mochawesome",
        "saveHtml": true,
        "saveJson": true,
        "consoleReporter": "spec",
        "useInlineDiffs": false,
        "code": true
      },
      "version": "7.1.3"
    },
    "marge": {
      "options": null,
      "version": "6.2.0"
    }
  }
}